Using pre-set license
Built from '2022.3/staging' branch; Version is '2022.3.19f1 (244b723c30a6) revision 2378610'; Using compiler version '192829333'; Build Type 'Release'
OS: 'Windows 11  (10.0.22631) 64bit Education' Language: 'pt' Physical Memory: 16053 MB
BatchMode: 1, IsHumanControllingUs: 0, StartBugReporterOnCrash: 0, Is64bit: 1, IsPro: 1

COMMAND LINE ARGUMENTS:
C:\Program Files\Unity\Hub\Editor\2022.3.19f1\Editor\Unity.exe
-adb2
-batchMode
-noUpm
-name
AssetImportWorker8
-projectPath
C:/Users/ra00359331/Documents/GitHub/MegamanRemix
-logFile
Logs/AssetImportWorker8.log
-srvPort
53182
Successfully changed project path to: C:/Users/ra00359331/Documents/GitHub/MegamanRemix
C:/Users/ra00359331/Documents/GitHub/MegamanRemix
[UnityMemory] Configuration Parameters - Can be set up in boot.config
    "memorysetup-bucket-allocator-granularity=16"
    "memorysetup-bucket-allocator-bucket-count=8"
    "memorysetup-bucket-allocator-block-size=33554432"
    "memorysetup-bucket-allocator-block-count=8"
    "memorysetup-main-allocator-block-size=16777216"
    "memorysetup-thread-allocator-block-size=16777216"
    "memorysetup-gfx-main-allocator-block-size=16777216"
    "memorysetup-gfx-thread-allocator-block-size=16777216"
    "memorysetup-cache-allocator-block-size=4194304"
    "memorysetup-typetree-allocator-block-size=2097152"
    "memorysetup-profiler-bucket-allocator-granularity=16"
    "memorysetup-profiler-bucket-allocator-bucket-count=8"
    "memorysetup-profiler-bucket-allocator-block-size=33554432"
    "memorysetup-profiler-bucket-allocator-block-count=8"
    "memorysetup-profiler-allocator-block-size=16777216"
    "memorysetup-profiler-editor-allocator-block-size=1048576"
    "memorysetup-temp-allocator-size-main=16777216"
    "memorysetup-job-temp-allocator-block-size=2097152"
    "memorysetup-job-temp-allocator-block-size-background=1048576"
    "memorysetup-job-temp-allocator-reduction-small-platforms=262144"
    "memorysetup-allocator-temp-initial-block-size-main=262144"
    "memorysetup-allocator-temp-initial-block-size-worker=262144"
    "memorysetup-temp-allocator-size-background-worker=32768"
    "memorysetup-temp-allocator-size-job-worker=262144"
    "memorysetup-temp-allocator-size-preload-manager=33554432"
    "memorysetup-temp-allocator-size-nav-mesh-worker=65536"
    "memorysetup-temp-allocator-size-audio-worker=65536"
    "memorysetup-temp-allocator-size-cloud-worker=32768"
    "memorysetup-temp-allocator-size-gi-baking-worker=262144"
    "memorysetup-temp-allocator-size-gfx=262144"
Player connection [4236] Host "[IP] 172.17.3.20 [Port] 0 [Flags] 2 [Guid] 2024890623 [EditorId] 2024890623 [Version] 1048832 [Id] WindowsEditor(7,DSP-BRJ3055CJK) [Debug] 1 [PackageName] WindowsEditor [ProjectName] Editor" joined multi-casting on [225.0.0.222:54997]...

Player connection [4236] Host "[IP] 172.17.3.20 [Port] 0 [Flags] 2 [Guid] 2024890623 [EditorId] 2024890623 [Version] 1048832 [Id] WindowsEditor(7,DSP-BRJ3055CJK) [Debug] 1 [PackageName] WindowsEditor [ProjectName] Editor" joined alternative multi-casting on [225.0.0.222:34997]...

[Physics::Module] Initialized MultithreadedJobDispatcher with 19 workers.
Refreshing native plugins compatible for Editor in 0.73 ms, found 0 plugins.
Preloading 0 native plugins for Editor in 0.00 ms.
Initialize engine version: 2022.3.19f1 (244b723c30a6)
[Subsystems] Discovering subsystems at path C:/Program Files/Unity/Hub/Editor/2022.3.19f1/Editor/Data/Resources/UnitySubsystems
[Subsystems] Discovering subsystems at path C:/Users/ra00359331/Documents/GitHub/MegamanRemix/Assets
GfxDevice: creating device client; threaded=0; jobified=0
Direct3D:
    Version:  Direct3D 11.0 [level 11.1]
    Renderer: NVIDIA T400 4GB (ID=0x1ff2)
    Vendor:   NVIDIA
    VRAM:     3943 MB
    Driver:   31.0.15.5362
Initialize mono
Mono path[0] = 'C:/Program Files/Unity/Hub/Editor/2022.3.19f1/Editor/Data/Managed'
Mono path[1] = 'C:/Program Files/Unity/Hub/Editor/2022.3.19f1/Editor/Data/MonoBleedingEdge/lib/mono/unityjit-win32'
Mono config path = 'C:/Program Files/Unity/Hub/Editor/2022.3.19f1/Editor/Data/MonoBleedingEdge/etc'
Using monoOptions --debugger-agent=transport=dt_socket,embedding=1,server=y,suspend=n,address=127.0.0.1:56680
Begin MonoManager ReloadAssembly
Registering precompiled unity dll's ...
Register platform support module: C:/Program Files/Unity/Hub/Editor/2022.3.19f1/Editor/Data/PlaybackEngines/AndroidPlayer/UnityEditor.Android.Extensions.dll
Register platform support module: C:/Program Files/Unity/Hub/Editor/2022.3.19f1/Editor/Data/PlaybackEngines/iOSSupport/UnityEditor.iOS.Extensions.dll
Register platform support module: C:/Program Files/Unity/Hub/Editor/2022.3.19f1/Editor/Data/PlaybackEngines/WindowsStandaloneSupport/UnityEditor.WindowsStandalone.Extensions.dll
Register platform support module: C:/Program Files/Unity/Hub/Editor/2022.3.19f1/Editor/Data/PlaybackEngines/MetroSupport/UnityEditor.UWP.Extensions.dll
Registered in 0.006292 seconds.
- Loaded All Assemblies, in  0.306 seconds
Native extension for UWP target not found
Native extension for WindowsStandalone target not found
[usbmuxd] Start listen thread
[usbmuxd] Listen thread started
Native extension for iOS target not found
Native extension for Android target not found
Android Extension - Scanning For ADB Devices 221 ms
Mono: successfully reloaded assembly
- Finished resetting the current domain, in  0.517 seconds
Domain Reload Profiling: 823ms
	BeginReloadAssembly (95ms)
		ExecutionOrderSort (0ms)
		DisableScriptedObjects (0ms)
		BackupInstance (0ms)
		ReleaseScriptingObjects (0ms)
		CreateAndSetChildDomain (1ms)
	RebuildCommonClasses (28ms)
	RebuildNativeTypeToScriptingClass (10ms)
	initialDomainReloadingComplete (47ms)
	LoadAllAssembliesAndSetupDomain (126ms)
		LoadAssemblies (95ms)
		RebuildTransferFunctionScriptingTraits (0ms)
		AnalyzeDomain (123ms)
			TypeCache.Refresh (122ms)
				TypeCache.ScanAssembly (110ms)
			ScanForSourceGeneratedMonoScriptInfo (0ms)
			ResolveRequiredComponents (0ms)
	FinalizeReload (517ms)
		ReleaseScriptCaches (0ms)
		RebuildScriptCaches (0ms)
		SetupLoadedEditorAssemblies (466ms)
			LogAssemblyErrors (0ms)
			InitializePlatformSupportModulesInManaged (323ms)
			SetLoadedEditorAssemblies (3ms)
			RefreshPlugins (0ms)
			BeforeProcessingInitializeOnLoad (2ms)
			ProcessInitializeOnLoadAttributes (97ms)
			ProcessInitializeOnLoadMethodAttributes (39ms)
			AfterProcessingInitializeOnLoad (0ms)
			EditorAssembliesLoaded (0ms)
		ExecutionOrderSort2 (0ms)
		AwakeInstancesAfterBackupRestoration (0ms)
========================================================================
Worker process is ready to serve import requests
Begin MonoManager ReloadAssembly
- Loaded All Assemblies, in  0.340 seconds
Refreshing native plugins compatible for Editor in 0.43 ms, found 0 plugins.
Native extension for UWP target not found
Native extension for WindowsStandalone target not found
Native extension for iOS target not found
Native extension for Android target not found
Mono: successfully reloaded assembly
- Finished resetting the current domain, in  0.371 seconds
Domain Reload Profiling: 710ms
	BeginReloadAssembly (131ms)
		ExecutionOrderSort (0ms)
		DisableScriptedObjects (5ms)
		BackupInstance (0ms)
		ReleaseScriptingObjects (0ms)
		CreateAndSetChildDomain (20ms)
	RebuildCommonClasses (32ms)
	RebuildNativeTypeToScriptingClass (9ms)
	initialDomainReloadingComplete (33ms)
	LoadAllAssembliesAndSetupDomain (134ms)
		LoadAssemblies (165ms)
		RebuildTransferFunctionScriptingTraits (0ms)
		AnalyzeDomain (45ms)
			TypeCache.Refresh (36ms)
				TypeCache.ScanAssembly (27ms)
			ScanForSourceGeneratedMonoScriptInfo (6ms)
			ResolveRequiredComponents (2ms)
	FinalizeReload (371ms)
		ReleaseScriptCaches (0ms)
		RebuildScriptCaches (0ms)
		SetupLoadedEditorAssemblies (246ms)
			LogAssemblyErrors (0ms)
			InitializePlatformSupportModulesInManaged (30ms)
			SetLoadedEditorAssemblies (3ms)
			RefreshPlugins (0ms)
			BeforeProcessingInitializeOnLoad (38ms)
			ProcessInitializeOnLoadAttributes (144ms)
			ProcessInitializeOnLoadMethodAttributes (28ms)
			AfterProcessingInitializeOnLoad (2ms)
			EditorAssembliesLoaded (0ms)
		ExecutionOrderSort2 (0ms)
		AwakeInstancesAfterBackupRestoration (6ms)
Launched and connected shader compiler UnityShaderCompiler.exe after 0.03 seconds
Refreshing native plugins compatible for Editor in 0.29 ms, found 0 plugins.
Preloading 0 native plugins for Editor in 0.00 ms.
Unloading 1125 Unused Serialized files (Serialized files now loaded: 0)
Unloading 20 unused Assets / (52.4 KB). Loaded Objects now: 1605.
Memory consumption went from 81.9 MB to 81.9 MB.
Total: 2.150500 ms (FindLiveObjects: 0.075600 ms CreateObjectMapping: 0.018200 ms MarkObjects: 1.992700 ms  DeleteObjects: 0.063000 ms)

AssetImportParameters requested are different than current active one (requested -> active):
  custom:video-encoder-webm-vp8: eb34c28f22e8b96e1ab97ce403110664 -> 
  custom:video-decoder-webm-vp8: 9c59270c3fd7afecdb556c50c9e8de78 -> 
  custom:audio-decoder-ogg-vorbis: bf7c407c2cedff20999df2af8eb42d56 -> 
  custom:SearchIndexIgnoredProperties: e643bd26f0fe6173181afceb89e7c659 -> 
  custom:container-demuxer-ogg: 62fdf1f143b41e24485cea50d1cbac27 -> 
  custom:AudioImporter_EditorPlatform: d09bf68614088b80899f8185d706f6e7 -> 
  custom:CustomObjectIndexerAttribute: 6d391050e5a25f67b0a2c618074f2cd9 -> 
  custom:container-demuxer-webm: 4f35f7cbe854078d1ac9338744f61a02 -> 
  custom:video-codec-MediaFoundation-h265: 746d11721c4dcdbdad8f713fa42b33f4 -> 
  custom:video-decoder-ogg-theora: a1e56fd34408186e4bbccfd4996cb3dc -> 
  custom:audio-encoder-webm-vorbis: bf7c407c2cedff20999df2af8eb42d56 -> 
  custom:framework-win-MediaFoundation: 216162199b28c13a410421893ffa2e32 -> 
  custom:container-muxer-webm: aa71ff27fc2769a1b78a27578f13a17b -> 
========================================================================
Received Import Request.
  Time since last request: 10398.697601 seconds.
  path: Assets/Pack 01 (Pixel Art)/PNG/Lockers 1.png
  artifactKey: Guid(3bb6e51f3bdc5fe429b2ffa47df02c60) Importer(815301076,1909f56bfc062723c751e8b465ee728b)
Start importing Assets/Pack 01 (Pixel Art)/PNG/Lockers 1.png using Guid(3bb6e51f3bdc5fe429b2ffa47df02c60) Importer(815301076,1909f56bfc062723c751e8b465ee728b)  -> (artifact id: '37ff7a6575fb3f50e71eae13a51604f9') in 0.067075 seconds
Number of updated asset objects reloaded before import = 0
Number of asset objects unloaded after import = 3
========================================================================
Received Import Request.
  Time since last request: 0.002782 seconds.
  path: Assets/Pack 01 (Pixel Art)/PNG/Neutral screen.png
  artifactKey: Guid(de96e4845f158844395137ee0e11fee0) Importer(815301076,1909f56bfc062723c751e8b465ee728b)
Start importing Assets/Pack 01 (Pixel Art)/PNG/Neutral screen.png using Guid(de96e4845f158844395137ee0e11fee0) Importer(815301076,1909f56bfc062723c751e8b465ee728b)  -> (artifact id: '698acaec798f3911ee483f328f5024f1') in 0.017020 seconds
Number of updated asset objects reloaded before import = 0
Number of asset objects unloaded after import = 3
========================================================================
Received Import Request.
  Time since last request: 0.000015 seconds.
  path: Assets/Pack 01 (Pixel Art)/PNG/Open Door 2.png
  artifactKey: Guid(1067dcb8858d9b3458ac5b4284185c8f) Importer(815301076,1909f56bfc062723c751e8b465ee728b)
Start importing Assets/Pack 01 (Pixel Art)/PNG/Open Door 2.png using Guid(1067dcb8858d9b3458ac5b4284185c8f) Importer(815301076,1909f56bfc062723c751e8b465ee728b)  -> (artifact id: '82a967f8396906483a119cb7987a4237') in 0.019508 seconds
Number of updated asset objects reloaded before import = 0
Number of asset objects unloaded after import = 3
========================================================================
Received Import Request.
  Time since last request: 0.000015 seconds.
  path: Assets/Pack 01 (Pixel Art)/PNG/Metal wall 1.png
  artifactKey: Guid(c90dbe3a19065dd4794c1656b92363c2) Importer(815301076,1909f56bfc062723c751e8b465ee728b)
Start importing Assets/Pack 01 (Pixel Art)/PNG/Metal wall 1.png using Guid(c90dbe3a19065dd4794c1656b92363c2) Importer(815301076,1909f56bfc062723c751e8b465ee728b)  -> (artifact id: '68c92bb68d8b8f050a18c9f0989126ff') in 0.028917 seconds
Number of updated asset objects reloaded before import = 0
Number of asset objects unloaded after import = 3
========================================================================
Received Import Request.
  Time since last request: 0.000028 seconds.
  path: Assets/Pack 01 (Pixel Art)/PNG/Pillars 1.png
  artifactKey: Guid(a1c892b73fb6bb94bb3d15c1d85282c2) Importer(815301076,1909f56bfc062723c751e8b465ee728b)
Start importing Assets/Pack 01 (Pixel Art)/PNG/Pillars 1.png using Guid(a1c892b73fb6bb94bb3d15c1d85282c2) Importer(815301076,1909f56bfc062723c751e8b465ee728b)  -> (artifact id: '811c73907ef0b5ccdad48066bc6abdae') in 0.013699 seconds
Number of updated asset objects reloaded before import = 0
Number of asset objects unloaded after import = 3
========================================================================
Received Import Request.
  Time since last request: 0.000013 seconds.
  path: Assets/Pack 01 (Pixel Art)/PNG/post it.png
  artifactKey: Guid(66e58ab93bbc42c4bbbe20bd64aba76a) Importer(815301076,1909f56bfc062723c751e8b465ee728b)
Start importing Assets/Pack 01 (Pixel Art)/PNG/post it.png using Guid(66e58ab93bbc42c4bbbe20bd64aba76a) Importer(815301076,1909f56bfc062723c751e8b465ee728b)  -> (artifact id: '4dd777a7e95dcf25ee6984391544b6ee') in 0.013789 seconds
Number of updated asset objects reloaded before import = 0
Number of asset objects unloaded after import = 3
========================================================================
Received Import Request.
  Time since last request: 0.000014 seconds.
  path: Assets/Pack 01 (Pixel Art)/PNG/Props 4.png
  artifactKey: Guid(1b4802aacd850d8418d4bd4acd3d067c) Importer(815301076,1909f56bfc062723c751e8b465ee728b)
Start importing Assets/Pack 01 (Pixel Art)/PNG/Props 4.png using Guid(1b4802aacd850d8418d4bd4acd3d067c) Importer(815301076,1909f56bfc062723c751e8b465ee728b)  -> (artifact id: '0b54756edf7cf74fdd2cfccb1c25a343') in 0.013768 seconds
Number of updated asset objects reloaded before import = 0
Number of asset objects unloaded after import = 3
========================================================================
Received Import Request.
  Time since last request: 0.000012 seconds.
  path: Assets/Pack 01 (Pixel Art)/PNG/Random device.png
  artifactKey: Guid(4083b7180c15be84986380f487513360) Importer(815301076,1909f56bfc062723c751e8b465ee728b)
Start importing Assets/Pack 01 (Pixel Art)/PNG/Random device.png using Guid(4083b7180c15be84986380f487513360) Importer(815301076,1909f56bfc062723c751e8b465ee728b)  -> (artifact id: 'de86e268013cac3375429770d06fc12c') in 0.016708 seconds
Number of updated asset objects reloaded before import = 0
Number of asset objects unloaded after import = 3
========================================================================
Received Import Request.
  Time since last request: 0.000014 seconds.
  path: Assets/Pack 01 (Pixel Art)/PNG/Pipe3.png
  artifactKey: Guid(b433ec4b2f2c34049a3fc7d34ab0a4cb) Importer(815301076,1909f56bfc062723c751e8b465ee728b)
Start importing Assets/Pack 01 (Pixel Art)/PNG/Pipe3.png using Guid(b433ec4b2f2c34049a3fc7d34ab0a4cb) Importer(815301076,1909f56bfc062723c751e8b465ee728b)  -> (artifact id: '6275c5db7757836effaaabdcbfc61b57') in 0.016339 seconds
Number of updated asset objects reloaded before import = 0
Number of asset objects unloaded after import = 3
========================================================================
Received Import Request.
  Time since last request: 0.000016 seconds.
  path: Assets/Pack 01 (Pixel Art)/PNG/Separation 3.png
  artifactKey: Guid(8648d8bde08e1eb4da6b1d8de78b75a4) Importer(815301076,1909f56bfc062723c751e8b465ee728b)
Start importing Assets/Pack 01 (Pixel Art)/PNG/Separation 3.png using Guid(8648d8bde08e1eb4da6b1d8de78b75a4) Importer(815301076,1909f56bfc062723c751e8b465ee728b)  -> (artifact id: 'bcc3a8c47c6710d7e3ed6c68f0b0de70') in 0.015197 seconds
Number of updated asset objects reloaded before import = 0
Number of asset objects unloaded after import = 3
========================================================================
Received Import Request.
  Time since last request: 0.000019 seconds.
  path: Assets/Pack 01 (Pixel Art)/PNG/Screen info 2.png
  artifactKey: Guid(e0e1882251546b5459938935c121b026) Importer(815301076,1909f56bfc062723c751e8b465ee728b)
Start importing Assets/Pack 01 (Pixel Art)/PNG/Screen info 2.png using Guid(e0e1882251546b5459938935c121b026) Importer(815301076,1909f56bfc062723c751e8b465ee728b)  -> (artifact id: '9493b38d6155ccf9a98120d2171b08b1') in 0.012936 seconds
Number of updated asset objects reloaded before import = 0
Number of asset objects unloaded after import = 3
========================================================================
Received Import Request.
  Time since last request: 0.000036 seconds.
  path: Assets/Pack 01 (Pixel Art)/PNG/Small Machine 3.png
  artifactKey: Guid(054b1d3d8f710b64c8c20c220b8b7ca8) Importer(815301076,1909f56bfc062723c751e8b465ee728b)
Start importing Assets/Pack 01 (Pixel Art)/PNG/Small Machine 3.png using Guid(054b1d3d8f710b64c8c20c220b8b7ca8) Importer(815301076,1909f56bfc062723c751e8b465ee728b)  -> (artifact id: '86641bf0182f17c499722232275ca535') in 0.018420 seconds
Number of updated asset objects reloaded before import = 0
Number of asset objects unloaded after import = 3
========================================================================
Received Import Request.
  Time since last request: 0.000016 seconds.
  path: Assets/Pack 01 (Pixel Art)/PNG/Stairs 2.png
  artifactKey: Guid(7aa76939e5e6e3c448607f3fd0f9cb6d) Importer(815301076,1909f56bfc062723c751e8b465ee728b)
Start importing Assets/Pack 01 (Pixel Art)/PNG/Stairs 2.png using Guid(7aa76939e5e6e3c448607f3fd0f9cb6d) Importer(815301076,1909f56bfc062723c751e8b465ee728b)  -> (artifact id: '2018d99753f6f6fc829c7324826e8270') in 0.055996 seconds
Number of updated asset objects reloaded before import = 0
Number of asset objects unloaded after import = 3
========================================================================
Received Import Request.
  Time since last request: 0.000014 seconds.
  path: Assets/Pack 01 (Pixel Art)/PNG/Phone 1.png
  artifactKey: Guid(875ceb59a779268439d9a40baec9e662) Importer(815301076,1909f56bfc062723c751e8b465ee728b)
Start importing Assets/Pack 01 (Pixel Art)/PNG/Phone 1.png using Guid(875ceb59a779268439d9a40baec9e662) Importer(815301076,1909f56bfc062723c751e8b465ee728b)  -> (artifact id: '4432a8a08221cc7af555e9ca1deabfb7') in 0.013772 seconds
Number of updated asset objects reloaded before import = 0
Number of asset objects unloaded after import = 3
========================================================================
Received Import Request.
  Time since last request: 0.000015 seconds.
  path: Assets/Pack 01 (Pixel Art)/PNG/Props 2.png
  artifactKey: Guid(580cc8eada513fe4cb569f60a7287108) Importer(815301076,1909f56bfc062723c751e8b465ee728b)
Start importing Assets/Pack 01 (Pixel Art)/PNG/Props 2.png using Guid(580cc8eada513fe4cb569f60a7287108) Importer(815301076,1909f56bfc062723c751e8b465ee728b)  -> (artifact id: 'd0e09e21b92e237f8ef7276081930c59') in 0.015580 seconds
Number of updated asset objects reloaded before import = 0
Number of asset objects unloaded after import = 3
========================================================================
Received Import Request.
  Time since last request: 0.000016 seconds.
  path: Assets/Pack 01 (Pixel Art)/PNG/Screen device.png
  artifactKey: Guid(388de88944cb3f94693e7e6f65984f06) Importer(815301076,1909f56bfc062723c751e8b465ee728b)
Start importing Assets/Pack 01 (Pixel Art)/PNG/Screen device.png using Guid(388de88944cb3f94693e7e6f65984f06) Importer(815301076,1909f56bfc062723c751e8b465ee728b)  -> (artifact id: '01162621c9689896eb2c63cb44a94485') in 0.017361 seconds
Number of updated asset objects reloaded before import = 0
Number of asset objects unloaded after import = 3
========================================================================
Received Import Request.
  Time since last request: 0.000014 seconds.
  path: Assets/Pack 01 (Pixel Art)/PNG/Machine 3.png
  artifactKey: Guid(e14b1d8b35e258c429d678fd465b1f6d) Importer(815301076,1909f56bfc062723c751e8b465ee728b)
Start importing Assets/Pack 01 (Pixel Art)/PNG/Machine 3.png using Guid(e14b1d8b35e258c429d678fd465b1f6d) Importer(815301076,1909f56bfc062723c751e8b465ee728b)  -> (artifact id: '4557305643346f97f325ba4654d5bde7') in 0.018059 seconds
Number of updated asset objects reloaded before import = 0
Number of asset objects unloaded after import = 3
========================================================================
Received Import Request.
  Time since last request: 0.000047 seconds.
  path: Assets/Pack 01 (Pixel Art)/PNG/Pillar destroyed.png
  artifactKey: Guid(0270eea574cd21e428a5f3d537a783f1) Importer(815301076,1909f56bfc062723c751e8b465ee728b)
Start importing Assets/Pack 01 (Pixel Art)/PNG/Pillar destroyed.png using Guid(0270eea574cd21e428a5f3d537a783f1) Importer(815301076,1909f56bfc062723c751e8b465ee728b)  -> (artifact id: '1c6cbdd2b5e974d8b128032c86a5dcc6') in 0.015753 seconds
Number of updated asset objects reloaded before import = 0
Number of asset objects unloaded after import = 3
========================================================================
Received Import Request.
  Time since last request: 0.000013 seconds.
  path: Assets/Pack 01 (Pixel Art)/PNG/Small Machine 2.png
  artifactKey: Guid(383ffa6edf378294ebb5b55dbe2f4eb8) Importer(815301076,1909f56bfc062723c751e8b465ee728b)
Start importing Assets/Pack 01 (Pixel Art)/PNG/Small Machine 2.png using Guid(383ffa6edf378294ebb5b55dbe2f4eb8) Importer(815301076,1909f56bfc062723c751e8b465ee728b)  -> (artifact id: '43a28620be1cae7ca9dacb1a94b2fcae') in 0.014178 seconds
Number of updated asset objects reloaded before import = 0
Number of asset objects unloaded after import = 3
========================================================================
Received Import Request.
  Time since last request: 0.000015 seconds.
  path: Assets/Pack 01 (Pixel Art)/PNG/Small machine 3-1.png
  artifactKey: Guid(236ce5bee73a025439defeca12b7280d) Importer(815301076,1909f56bfc062723c751e8b465ee728b)
Start importing Assets/Pack 01 (Pixel Art)/PNG/Small machine 3-1.png using Guid(236ce5bee73a025439defeca12b7280d) Importer(815301076,1909f56bfc062723c751e8b465ee728b)  -> (artifact id: 'b1698a5cd6a0aeb7ada78a7c9aa520ef') in 0.014948 seconds
Number of updated asset objects reloaded before import = 0
Number of asset objects unloaded after import = 3
========================================================================
Received Import Request.
  Time since last request: 0.000015 seconds.
  path: Assets/Pack 01 (Pixel Art)/PNG/Pipe2.png
  artifactKey: Guid(502e4ead45681b947ad2da998311905f) Importer(815301076,1909f56bfc062723c751e8b465ee728b)
Start importing Assets/Pack 01 (Pixel Art)/PNG/Pipe2.png using Guid(502e4ead45681b947ad2da998311905f) Importer(815301076,1909f56bfc062723c751e8b465ee728b)  -> (artifact id: '8c7500ce2ccdb493fc13996f5eeef37a') in 0.016374 seconds
Number of updated asset objects reloaded before import = 0
Number of asset objects unloaded after import = 3
========================================================================
Received Import Request.
  Time since last request: 0.000017 seconds.
  path: Assets/Pack 01 (Pixel Art)/PNG/Semi-wall 1.png
  artifactKey: Guid(6617768432486a044aceb30467d4e194) Importer(815301076,1909f56bfc062723c751e8b465ee728b)
Start importing Assets/Pack 01 (Pixel Art)/PNG/Semi-wall 1.png using Guid(6617768432486a044aceb30467d4e194) Importer(815301076,1909f56bfc062723c751e8b465ee728b)  -> (artifact id: 'b70e5d4c74795b7c25056912973cdff3') in 0.014705 seconds
Number of updated asset objects reloaded before import = 0
Number of asset objects unloaded after import = 3
========================================================================
Received Import Request.
  Time since last request: 0.000028 seconds.
  path: Assets/Pack 01 (Pixel Art)/PNG/Separation 1.png
  artifactKey: Guid(95d31e2f52117c249a28c01a9ed13445) Importer(815301076,1909f56bfc062723c751e8b465ee728b)
Start importing Assets/Pack 01 (Pixel Art)/PNG/Separation 1.png using Guid(95d31e2f52117c249a28c01a9ed13445) Importer(815301076,1909f56bfc062723c751e8b465ee728b)  -> (artifact id: '355076bf1e6ab6e77aea415a8030b0dd') in 0.023721 seconds
Number of updated asset objects reloaded before import = 0
Number of asset objects unloaded after import = 3
========================================================================
Received Import Request.
  Time since last request: 0.292472 seconds.
  path: Assets/Pack 01 (Pixel Art)/PNG/Sticker 1.png
  artifactKey: Guid(1278207950f9e9e45a9852a19af6a7c1) Importer(815301076,1909f56bfc062723c751e8b465ee728b)
Start importing Assets/Pack 01 (Pixel Art)/PNG/Sticker 1.png using Guid(1278207950f9e9e45a9852a19af6a7c1) Importer(815301076,1909f56bfc062723c751e8b465ee728b)  -> (artifact id: 'c347e008b12e63b6a3d5b3b4fdb78a2f') in 0.011636 seconds
Number of updated asset objects reloaded before import = 0
Number of asset objects unloaded after import = 3
========================================================================
Received Import Request.
  Time since last request: 0.000013 seconds.
  path: Assets/Pack 01 (Pixel Art)/PNG/Surprised screen.png
  artifactKey: Guid(6f30059b3176d484aa46eff5dcf5581d) Importer(815301076,1909f56bfc062723c751e8b465ee728b)
Start importing Assets/Pack 01 (Pixel Art)/PNG/Surprised screen.png using Guid(6f30059b3176d484aa46eff5dcf5581d) Importer(815301076,1909f56bfc062723c751e8b465ee728b)  -> (artifact id: '26c74ee54d4d5562d88cfb053daeaea3') in 0.010903 seconds
Number of updated asset objects reloaded before import = 0
Number of asset objects unloaded after import = 3
========================================================================
Received Import Request.
  Time since last request: 0.000013 seconds.
  path: Assets/Pack 01 (Pixel Art)/PNG/Teleportation copie.png
  artifactKey: Guid(93bf31d34e6bcb947ba340c87963a3af) Importer(815301076,1909f56bfc062723c751e8b465ee728b)
Start importing Assets/Pack 01 (Pixel Art)/PNG/Teleportation copie.png using Guid(93bf31d34e6bcb947ba340c87963a3af) Importer(815301076,1909f56bfc062723c751e8b465ee728b)  -> (artifact id: '32fa619f48ea6488dc79bccea48afd9f') in 0.011640 seconds
Number of updated asset objects reloaded before import = 0
Number of asset objects unloaded after import = 3
========================================================================
Received Import Request.
  Time since last request: 0.000014 seconds.
  path: Assets/Pack 01 (Pixel Art)/PNG/Wall 2.png
  artifactKey: Guid(71fb7925e82fac842a19135967e745b3) Importer(815301076,1909f56bfc062723c751e8b465ee728b)
Start importing Assets/Pack 01 (Pixel Art)/PNG/Wall 2.png using Guid(71fb7925e82fac842a19135967e745b3) Importer(815301076,1909f56bfc062723c751e8b465ee728b)  -> (artifact id: '30b0fe4884703e752517e49d2035555b') in 0.013848 seconds
Number of updated asset objects reloaded before import = 0
Number of asset objects unloaded after import = 3
========================================================================
Received Import Request.
  Time since last request: 0.000015 seconds.
  path: Assets/Pack 01 (Pixel Art)/PNG/wall 4.png
  artifactKey: Guid(ef6cb6deb58cc714b95b2ba6cc83c959) Importer(815301076,1909f56bfc062723c751e8b465ee728b)
Start importing Assets/Pack 01 (Pixel Art)/PNG/wall 4.png using Guid(ef6cb6deb58cc714b95b2ba6cc83c959) Importer(815301076,1909f56bfc062723c751e8b465ee728b)  -> (artifact id: '2a8e95ba7ed7741e2010d659df4ae6f9') in 0.014539 seconds
Number of updated asset objects reloaded before import = 0
Number of asset objects unloaded after import = 3
========================================================================
Received Import Request.
  Time since last request: 0.000015 seconds.
  path: Assets/Pack 01 (Pixel Art)/PNG/Wall 4 Light.png
  artifactKey: Guid(8d3924802c03c444ea5427c36180621e) Importer(815301076,1909f56bfc062723c751e8b465ee728b)
Start importing Assets/Pack 01 (Pixel Art)/PNG/Wall 4 Light.png using Guid(8d3924802c03c444ea5427c36180621e) Importer(815301076,1909f56bfc062723c751e8b465ee728b)  -> (artifact id: 'c3a1bb258b5770334ffd76525b48e2d0') in 0.012314 seconds
Number of updated asset objects reloaded before import = 0
Number of asset objects unloaded after import = 3
========================================================================
Received Import Request.
  Time since last request: 0.000014 seconds.
  path: Assets/Pack 01 (Pixel Art)/PNG/Wall 7 Light.png
  artifactKey: Guid(c16f00c1bfc69df489d0dda21f49fc0d) Importer(815301076,1909f56bfc062723c751e8b465ee728b)
Start importing Assets/Pack 01 (Pixel Art)/PNG/Wall 7 Light.png using Guid(c16f00c1bfc69df489d0dda21f49fc0d) Importer(815301076,1909f56bfc062723c751e8b465ee728b)  -> (artifact id: 'b377b78aaefdd45117863dc90d58b3f3') in 0.015515 seconds
Number of updated asset objects reloaded before import = 0
Number of asset objects unloaded after import = 3
========================================================================
Received Import Request.
  Time since last request: 0.000014 seconds.
  path: Assets/Pack 01 (Pixel Art)/PNG/Wall and window.png
  artifactKey: Guid(68aae25c0a03d7a4e9f77be4759b7b2c) Importer(815301076,1909f56bfc062723c751e8b465ee728b)
Start importing Assets/Pack 01 (Pixel Art)/PNG/Wall and window.png using Guid(68aae25c0a03d7a4e9f77be4759b7b2c) Importer(815301076,1909f56bfc062723c751e8b465ee728b)  -> (artifact id: '5d88812721aac400c3ac945888452380') in 0.014608 seconds
Number of updated asset objects reloaded before import = 0
Number of asset objects unloaded after import = 3
========================================================================
Received Import Request.
  Time since last request: 0.000017 seconds.
  path: Assets/Pack 01 (Pixel Art)/PNG/Wall cover 2 copie.png
  artifactKey: Guid(521fbbf141ed21846b4c4c742ce7943f) Importer(815301076,1909f56bfc062723c751e8b465ee728b)
Start importing Assets/Pack 01 (Pixel Art)/PNG/Wall cover 2 copie.png using Guid(521fbbf141ed21846b4c4c742ce7943f) Importer(815301076,1909f56bfc062723c751e8b465ee728b)  -> (artifact id: 'ae932406365f399b8fa714581ade66ad') in 0.016683 seconds
Number of updated asset objects reloaded before import = 0
Number of asset objects unloaded after import = 3
========================================================================
Received Import Request.
  Time since last request: 0.000020 seconds.
  path: Assets/Pack 01 (Pixel Art)/PNG/Wall cover 3.png
  artifactKey: Guid(0925eb504111cb844bdb84bcd8ef0cd6) Importer(815301076,1909f56bfc062723c751e8b465ee728b)
Start importing Assets/Pack 01 (Pixel Art)/PNG/Wall cover 3.png using Guid(0925eb504111cb844bdb84bcd8ef0cd6) Importer(815301076,1909f56bfc062723c751e8b465ee728b)  -> (artifact id: 'd78ed8b867faebe87dfacbffdcfbe9f2') in 0.012798 seconds
Number of updated asset objects reloaded before import = 0
Number of asset objects unloaded after import = 3
========================================================================
Received Import Request.
  Time since last request: 0.000018 seconds.
  path: Assets/Pack 01 (Pixel Art)/PNG/Wall cover copie.png
  artifactKey: Guid(bf8e243b447742a4ab5480c5d660c2fc) Importer(815301076,1909f56bfc062723c751e8b465ee728b)
Start importing Assets/Pack 01 (Pixel Art)/PNG/Wall cover copie.png using Guid(bf8e243b447742a4ab5480c5d660c2fc) Importer(815301076,1909f56bfc062723c751e8b465ee728b)  -> (artifact id: '1398d529a7128a504dbe5b87c9ff5c20') in 0.015057 seconds
Number of updated asset objects reloaded before import = 0
Number of asset objects unloaded after import = 3
========================================================================
Received Import Request.
  Time since last request: 0.000016 seconds.
  path: Assets/Pack 01 (Pixel Art)/PNG/Wall with glass 1.png
  artifactKey: Guid(228a9efd10784ba49840c5286a221a7b) Importer(815301076,1909f56bfc062723c751e8b465ee728b)
Start importing Assets/Pack 01 (Pixel Art)/PNG/Wall with glass 1.png using Guid(228a9efd10784ba49840c5286a221a7b) Importer(815301076,1909f56bfc062723c751e8b465ee728b)  -> (artifact id: '3963e7d280a0ec4276b16a9130711cc6') in 0.015363 seconds
Number of updated asset objects reloaded before import = 0
Number of asset objects unloaded after import = 3
========================================================================
Received Import Request.
  Time since last request: 0.000120 seconds.
  path: Assets/Pack 01 (Pixel Art)/PNG/Window 5.png
  artifactKey: Guid(9c57bd9b1b33cab469bf7453feddc236) Importer(815301076,1909f56bfc062723c751e8b465ee728b)
Start importing Assets/Pack 01 (Pixel Art)/PNG/Window 5.png using Guid(9c57bd9b1b33cab469bf7453feddc236) Importer(815301076,1909f56bfc062723c751e8b465ee728b)  -> (artifact id: 'bf63b22e55ebf1ed03262fd441939608') in 0.017709 seconds
Number of updated asset objects reloaded before import = 0
Number of asset objects unloaded after import = 3
========================================================================
Received Import Request.
  Time since last request: 0.000013 seconds.
  path: Assets/Pack 01 (Pixel Art)/PNG/Window 1.png
  artifactKey: Guid(566aea808859a8d4eb39fa2ad3fddb68) Importer(815301076,1909f56bfc062723c751e8b465ee728b)
Start importing Assets/Pack 01 (Pixel Art)/PNG/Window 1.png using Guid(566aea808859a8d4eb39fa2ad3fddb68) Importer(815301076,1909f56bfc062723c751e8b465ee728b)  -> (artifact id: 'b9dc54c836eb878d26761c536ea2f6e6') in 0.021020 seconds
Number of updated asset objects reloaded before import = 0
Number of asset objects unloaded after import = 3
========================================================================
Received Import Request.
  Time since last request: 0.000018 seconds.
  path: Assets/Pack 01 (Pixel Art)/PNG/Wall pipes.png
  artifactKey: Guid(398d3e8db54796d41954b21d1e177690) Importer(815301076,1909f56bfc062723c751e8b465ee728b)
Start importing Assets/Pack 01 (Pixel Art)/PNG/Wall pipes.png using Guid(398d3e8db54796d41954b21d1e177690) Importer(815301076,1909f56bfc062723c751e8b465ee728b)  -> (artifact id: 'fbef309b0ac4c3602c68ba9b752d5b3f') in 0.017237 seconds
Number of updated asset objects reloaded before import = 0
Number of asset objects unloaded after import = 3
Editor requested this worker to shutdown with reason: Scaling down because of idle timeout
TcpMessagingSession - receive error
AssetImportWorkerClient::OnTransportError - code=2 error=End of file
AssetImportWorker is now disconnected from the server
Process exiting
Exiting without the bug reporter. Application will terminate with return code 0