Using pre-set license
Built from '2022.3/staging' branch; Version is '2022.3.19f1 (244b723c30a6) revision 2378610'; Using compiler version '192829333'; Build Type 'Release'
OS: 'Windows 11  (10.0.22631) 64bit Education' Language: 'pt' Physical Memory: 16053 MB
BatchMode: 1, IsHumanControllingUs: 0, StartBugReporterOnCrash: 0, Is64bit: 1, IsPro: 1

COMMAND LINE ARGUMENTS:
C:\Program Files\Unity\Hub\Editor\2022.3.19f1\Editor\Unity.exe
-adb2
-batchMode
-noUpm
-name
AssetImportWorker4
-projectPath
C:/Users/ra00359331/Documents/GitHub/MegamanRemix
-logFile
Logs/AssetImportWorker4.log
-srvPort
57901
Successfully changed project path to: C:/Users/ra00359331/Documents/GitHub/MegamanRemix
C:/Users/ra00359331/Documents/GitHub/MegamanRemix
[UnityMemory] Configuration Parameters - Can be set up in boot.config
    "memorysetup-bucket-allocator-granularity=16"
    "memorysetup-bucket-allocator-bucket-count=8"
    "memorysetup-bucket-allocator-block-size=33554432"
    "memorysetup-bucket-allocator-block-count=8"
    "memorysetup-main-allocator-block-size=16777216"
    "memorysetup-thread-allocator-block-size=16777216"
    "memorysetup-gfx-main-allocator-block-size=16777216"
    "memorysetup-gfx-thread-allocator-block-size=16777216"
    "memorysetup-cache-allocator-block-size=4194304"
    "memorysetup-typetree-allocator-block-size=2097152"
    "memorysetup-profiler-bucket-allocator-granularity=16"
    "memorysetup-profiler-bucket-allocator-bucket-count=8"
    "memorysetup-profiler-bucket-allocator-block-size=33554432"
    "memorysetup-profiler-bucket-allocator-block-count=8"
    "memorysetup-profiler-allocator-block-size=16777216"
    "memorysetup-profiler-editor-allocator-block-size=1048576"
    "memorysetup-temp-allocator-size-main=16777216"
    "memorysetup-job-temp-allocator-block-size=2097152"
    "memorysetup-job-temp-allocator-block-size-background=1048576"
    "memorysetup-job-temp-allocator-reduction-small-platforms=262144"
    "memorysetup-allocator-temp-initial-block-size-main=262144"
    "memorysetup-allocator-temp-initial-block-size-worker=262144"
    "memorysetup-temp-allocator-size-background-worker=32768"
    "memorysetup-temp-allocator-size-job-worker=262144"
    "memorysetup-temp-allocator-size-preload-manager=33554432"
    "memorysetup-temp-allocator-size-nav-mesh-worker=65536"
    "memorysetup-temp-allocator-size-audio-worker=65536"
    "memorysetup-temp-allocator-size-cloud-worker=32768"
    "memorysetup-temp-allocator-size-gi-baking-worker=262144"
    "memorysetup-temp-allocator-size-gfx=262144"
Player connection [11836] Host "[IP] 172.17.12.15 [Port] 0 [Flags] 2 [Guid] 890793625 [EditorId] 890793625 [Version] 1048832 [Id] WindowsEditor(7,DSP-BRJ3055CC4) [Debug] 1 [PackageName] WindowsEditor [ProjectName] Editor" joined multi-casting on [225.0.0.222:54997]...

Player connection [11836] Host "[IP] 172.17.12.15 [Port] 0 [Flags] 2 [Guid] 890793625 [EditorId] 890793625 [Version] 1048832 [Id] WindowsEditor(7,DSP-BRJ3055CC4) [Debug] 1 [PackageName] WindowsEditor [ProjectName] Editor" joined alternative multi-casting on [225.0.0.222:34997]...

[Physics::Module] Initialized MultithreadedJobDispatcher with 19 workers.
Refreshing native plugins compatible for Editor in 0.83 ms, found 0 plugins.
Preloading 0 native plugins for Editor in 0.00 ms.
Initialize engine version: 2022.3.19f1 (244b723c30a6)
[Subsystems] Discovering subsystems at path C:/Program Files/Unity/Hub/Editor/2022.3.19f1/Editor/Data/Resources/UnitySubsystems
[Subsystems] Discovering subsystems at path C:/Users/ra00359331/Documents/GitHub/MegamanRemix/Assets
GfxDevice: creating device client; threaded=0; jobified=0
Direct3D:
    Version:  Direct3D 11.0 [level 11.1]
    Renderer: NVIDIA T400 4GB (ID=0x1ff2)
    Vendor:   NVIDIA
    VRAM:     3943 MB
    Driver:   31.0.15.5362
Initialize mono
Mono path[0] = 'C:/Program Files/Unity/Hub/Editor/2022.3.19f1/Editor/Data/Managed'
Mono path[1] = 'C:/Program Files/Unity/Hub/Editor/2022.3.19f1/Editor/Data/MonoBleedingEdge/lib/mono/unityjit-win32'
Mono config path = 'C:/Program Files/Unity/Hub/Editor/2022.3.19f1/Editor/Data/MonoBleedingEdge/etc'
Using monoOptions --debugger-agent=transport=dt_socket,embedding=1,server=y,suspend=n,address=127.0.0.1:56488
Begin MonoManager ReloadAssembly
Registering precompiled unity dll's ...
Register platform support module: C:/Program Files/Unity/Hub/Editor/2022.3.19f1/Editor/Data/PlaybackEngines/AndroidPlayer/UnityEditor.Android.Extensions.dll
Register platform support module: C:/Program Files/Unity/Hub/Editor/2022.3.19f1/Editor/Data/PlaybackEngines/iOSSupport/UnityEditor.iOS.Extensions.dll
Register platform support module: C:/Program Files/Unity/Hub/Editor/2022.3.19f1/Editor/Data/PlaybackEngines/WindowsStandaloneSupport/UnityEditor.WindowsStandalone.Extensions.dll
Register platform support module: C:/Program Files/Unity/Hub/Editor/2022.3.19f1/Editor/Data/PlaybackEngines/MetroSupport/UnityEditor.UWP.Extensions.dll
Registered in 0.004816 seconds.
- Loaded All Assemblies, in  0.224 seconds
Native extension for UWP target not found
Native extension for WindowsStandalone target not found
[usbmuxd] Start listen thread
[usbmuxd] Listen thread started
Native extension for iOS target not found
Native extension for Android target not found
Android Extension - Scanning For ADB Devices 182 ms
Mono: successfully reloaded assembly
- Finished resetting the current domain, in  0.406 seconds
Domain Reload Profiling: 629ms
	BeginReloadAssembly (68ms)
		ExecutionOrderSort (0ms)
		DisableScriptedObjects (0ms)
		BackupInstance (0ms)
		ReleaseScriptingObjects (0ms)
		CreateAndSetChildDomain (1ms)
	RebuildCommonClasses (22ms)
	RebuildNativeTypeToScriptingClass (7ms)
	initialDomainReloadingComplete (34ms)
	LoadAllAssembliesAndSetupDomain (92ms)
		LoadAssemblies (68ms)
		RebuildTransferFunctionScriptingTraits (0ms)
		AnalyzeDomain (90ms)
			TypeCache.Refresh (89ms)
				TypeCache.ScanAssembly (81ms)
			ScanForSourceGeneratedMonoScriptInfo (0ms)
			ResolveRequiredComponents (0ms)
	FinalizeReload (406ms)
		ReleaseScriptCaches (0ms)
		RebuildScriptCaches (0ms)
		SetupLoadedEditorAssemblies (370ms)
			LogAssemblyErrors (0ms)
			InitializePlatformSupportModulesInManaged (258ms)
			SetLoadedEditorAssemblies (3ms)
			RefreshPlugins (0ms)
			BeforeProcessingInitializeOnLoad (1ms)
			ProcessInitializeOnLoadAttributes (79ms)
			ProcessInitializeOnLoadMethodAttributes (28ms)
			AfterProcessingInitializeOnLoad (0ms)
			EditorAssembliesLoaded (0ms)
		ExecutionOrderSort2 (0ms)
		AwakeInstancesAfterBackupRestoration (0ms)
========================================================================
Worker process is ready to serve import requests
Begin MonoManager ReloadAssembly
- Loaded All Assemblies, in  0.243 seconds
Refreshing native plugins compatible for Editor in 0.35 ms, found 0 plugins.
Native extension for UWP target not found
Native extension for WindowsStandalone target not found
Native extension for iOS target not found
Native extension for Android target not found
Mono: successfully reloaded assembly
- Finished resetting the current domain, in  0.250 seconds
Domain Reload Profiling: 493ms
	BeginReloadAssembly (94ms)
		ExecutionOrderSort (0ms)
		DisableScriptedObjects (3ms)
		BackupInstance (0ms)
		ReleaseScriptingObjects (0ms)
		CreateAndSetChildDomain (15ms)
	RebuildCommonClasses (21ms)
	RebuildNativeTypeToScriptingClass (6ms)
	initialDomainReloadingComplete (23ms)
	LoadAllAssembliesAndSetupDomain (99ms)
		LoadAssemblies (120ms)
		RebuildTransferFunctionScriptingTraits (0ms)
		AnalyzeDomain (32ms)
			TypeCache.Refresh (26ms)
				TypeCache.ScanAssembly (19ms)
			ScanForSourceGeneratedMonoScriptInfo (4ms)
			ResolveRequiredComponents (1ms)
	FinalizeReload (250ms)
		ReleaseScriptCaches (0ms)
		RebuildScriptCaches (0ms)
		SetupLoadedEditorAssemblies (166ms)
			LogAssemblyErrors (0ms)
			InitializePlatformSupportModulesInManaged (22ms)
			SetLoadedEditorAssemblies (2ms)
			RefreshPlugins (0ms)
			BeforeProcessingInitializeOnLoad (24ms)
			ProcessInitializeOnLoadAttributes (97ms)
			ProcessInitializeOnLoadMethodAttributes (20ms)
			AfterProcessingInitializeOnLoad (2ms)
			EditorAssembliesLoaded (0ms)
		ExecutionOrderSort2 (0ms)
		AwakeInstancesAfterBackupRestoration (4ms)
Launched and connected shader compiler UnityShaderCompiler.exe after 0.02 seconds
Refreshing native plugins compatible for Editor in 0.29 ms, found 0 plugins.
Preloading 0 native plugins for Editor in 0.00 ms.
Unloading 1126 Unused Serialized files (Serialized files now loaded: 0)
Unloading 20 unused Assets / (52.4 KB). Loaded Objects now: 1606.
Memory consumption went from 82.0 MB to 82.0 MB.
Total: 2.661200 ms (FindLiveObjects: 0.076200 ms CreateObjectMapping: 0.018100 ms MarkObjects: 2.493000 ms  DeleteObjects: 0.072600 ms)

AssetImportParameters requested are different than current active one (requested -> active):
  custom:video-encoder-webm-vp8: eb34c28f22e8b96e1ab97ce403110664 -> 
  custom:video-decoder-webm-vp8: 9c59270c3fd7afecdb556c50c9e8de78 -> 
  custom:audio-decoder-ogg-vorbis: bf7c407c2cedff20999df2af8eb42d56 -> 
  custom:SearchIndexIgnoredProperties: e643bd26f0fe6173181afceb89e7c659 -> 
  custom:container-demuxer-ogg: 62fdf1f143b41e24485cea50d1cbac27 -> 
  custom:AudioImporter_EditorPlatform: d09bf68614088b80899f8185d706f6e7 -> 
  custom:CustomObjectIndexerAttribute: 6d391050e5a25f67b0a2c618074f2cd9 -> 
  custom:container-demuxer-webm: 4f35f7cbe854078d1ac9338744f61a02 -> 
  custom:video-codec-MediaFoundation-h265: 746d11721c4dcdbdad8f713fa42b33f4 -> 
  custom:video-decoder-ogg-theora: a1e56fd34408186e4bbccfd4996cb3dc -> 
  custom:audio-encoder-webm-vorbis: bf7c407c2cedff20999df2af8eb42d56 -> 
  custom:framework-win-MediaFoundation: 216162199b28c13a410421893ffa2e32 -> 
  custom:container-muxer-webm: aa71ff27fc2769a1b78a27578f13a17b -> 
========================================================================
Received Import Request.
  Time since last request: 401.250482 seconds.
  path: Assets/Scripts/Control.cs
  artifactKey: Guid(61782caa48f696d458c95daa6e99c7e8) Importer(815301076,1909f56bfc062723c751e8b465ee728b)
Start importing Assets/Scripts/Control.cs using Guid(61782caa48f696d458c95daa6e99c7e8) Importer(815301076,1909f56bfc062723c751e8b465ee728b)  -> (artifact id: '9852137f2a4c015525c514bb609d7c78') in 0.002052 seconds
Number of updated asset objects reloaded before import = 0
Number of asset objects unloaded after import = 0
========================================================================
Received Import Request.
  Time since last request: 36.710369 seconds.
  path: Assets/Scripts/Control.cs
  artifactKey: Guid(61782caa48f696d458c95daa6e99c7e8) Importer(815301076,1909f56bfc062723c751e8b465ee728b)
Start importing Assets/Scripts/Control.cs using Guid(61782caa48f696d458c95daa6e99c7e8) Importer(815301076,1909f56bfc062723c751e8b465ee728b)  -> (artifact id: '035cd700eee0e633f3904aec0f99bc69') in 0.000597 seconds
Number of updated asset objects reloaded before import = 0
Number of asset objects unloaded after import = 0
========================================================================
Received Prepare
Begin MonoManager ReloadAssembly
- Loaded All Assemblies, in  0.375 seconds
Refreshing native plugins compatible for Editor in 1.09 ms, found 0 plugins.
Native extension for UWP target not found
Native extension for WindowsStandalone target not found
Native extension for iOS target not found
Native extension for Android target not found
Mono: successfully reloaded assembly
- Finished resetting the current domain, in  0.760 seconds
Domain Reload Profiling: 1134ms
	BeginReloadAssembly (159ms)
		ExecutionOrderSort (0ms)
		DisableScriptedObjects (10ms)
		BackupInstance (0ms)
		ReleaseScriptingObjects (0ms)
		CreateAndSetChildDomain (23ms)
	RebuildCommonClasses (37ms)
	RebuildNativeTypeToScriptingClass (13ms)
	initialDomainReloadingComplete (26ms)
	LoadAllAssembliesAndSetupDomain (138ms)
		LoadAssemblies (217ms)
		RebuildTransferFunctionScriptingTraits (0ms)
		AnalyzeDomain (15ms)
			TypeCache.Refresh (6ms)
				TypeCache.ScanAssembly (0ms)
			ScanForSourceGeneratedMonoScriptInfo (6ms)
			ResolveRequiredComponents (3ms)
	FinalizeReload (760ms)
		ReleaseScriptCaches (0ms)
		RebuildScriptCaches (0ms)
		SetupLoadedEditorAssemblies (337ms)
			LogAssemblyErrors (0ms)
			InitializePlatformSupportModulesInManaged (54ms)
			SetLoadedEditorAssemblies (4ms)
			RefreshPlugins (0ms)
			BeforeProcessingInitializeOnLoad (55ms)
			ProcessInitializeOnLoadAttributes (188ms)
			ProcessInitializeOnLoadMethodAttributes (32ms)
			AfterProcessingInitializeOnLoad (3ms)
			EditorAssembliesLoaded (0ms)
		ExecutionOrderSort2 (0ms)
		AwakeInstancesAfterBackupRestoration (9ms)
Refreshing native plugins compatible for Editor in 0.50 ms, found 0 plugins.
Preloading 0 native plugins for Editor in 0.00 ms.
Unloading 1118 Unused Serialized files (Serialized files now loaded: 0)
Unloading 10 unused Assets / (24.4 KB). Loaded Objects now: 1609.
Memory consumption went from 82.4 MB to 82.4 MB.
Total: 4.909100 ms (FindLiveObjects: 0.204300 ms CreateObjectMapping: 0.052700 ms MarkObjects: 4.570300 ms  DeleteObjects: 0.080500 ms)

Prepare: number of updated asset objects reloaded= 0
AssetImportParameters requested are different than current active one (requested -> active):
  custom:video-encoder-webm-vp8: eb34c28f22e8b96e1ab97ce403110664 -> 
  custom:video-decoder-webm-vp8: 9c59270c3fd7afecdb556c50c9e8de78 -> 
  custom:audio-decoder-ogg-vorbis: bf7c407c2cedff20999df2af8eb42d56 -> 
  custom:SearchIndexIgnoredProperties: e643bd26f0fe6173181afceb89e7c659 -> 
  custom:container-demuxer-ogg: 62fdf1f143b41e24485cea50d1cbac27 -> 
  custom:AudioImporter_EditorPlatform: d09bf68614088b80899f8185d706f6e7 -> 
  custom:CustomObjectIndexerAttribute: 6d391050e5a25f67b0a2c618074f2cd9 -> 
  custom:container-demuxer-webm: 4f35f7cbe854078d1ac9338744f61a02 -> 
  custom:video-codec-MediaFoundation-h265: 746d11721c4dcdbdad8f713fa42b33f4 -> 
  custom:video-decoder-ogg-theora: a1e56fd34408186e4bbccfd4996cb3dc -> 
  custom:audio-encoder-webm-vorbis: bf7c407c2cedff20999df2af8eb42d56 -> 
  custom:framework-win-MediaFoundation: 216162199b28c13a410421893ffa2e32 -> 
  custom:container-muxer-webm: aa71ff27fc2769a1b78a27578f13a17b -> 
========================================================================
Received Prepare
Begin MonoManager ReloadAssembly
- Loaded All Assemblies, in  0.491 seconds
Refreshing native plugins compatible for Editor in 0.62 ms, found 0 plugins.
Native extension for UWP target not found
Native extension for WindowsStandalone target not found
Native extension for iOS target not found
Native extension for Android target not found
Mono: successfully reloaded assembly
- Finished resetting the current domain, in  0.811 seconds
Domain Reload Profiling: 1301ms
	BeginReloadAssembly (220ms)
		ExecutionOrderSort (0ms)
		DisableScriptedObjects (8ms)
		BackupInstance (0ms)
		ReleaseScriptingObjects (0ms)
		CreateAndSetChildDomain (25ms)
	RebuildCommonClasses (42ms)
	RebuildNativeTypeToScriptingClass (16ms)
	initialDomainReloadingComplete (31ms)
	LoadAllAssembliesAndSetupDomain (181ms)
		LoadAssemblies (307ms)
		RebuildTransferFunctionScriptingTraits (0ms)
		AnalyzeDomain (12ms)
			TypeCache.Refresh (6ms)
				TypeCache.ScanAssembly (0ms)
			ScanForSourceGeneratedMonoScriptInfo (0ms)
			ResolveRequiredComponents (4ms)
	FinalizeReload (811ms)
		ReleaseScriptCaches (0ms)
		RebuildScriptCaches (0ms)
		SetupLoadedEditorAssemblies (282ms)
			LogAssemblyErrors (0ms)
			InitializePlatformSupportModulesInManaged (38ms)
			SetLoadedEditorAssemblies (3ms)
			RefreshPlugins (0ms)
			BeforeProcessingInitializeOnLoad (42ms)
			ProcessInitializeOnLoadAttributes (166ms)
			ProcessInitializeOnLoadMethodAttributes (30ms)
			AfterProcessingInitializeOnLoad (3ms)
			EditorAssembliesLoaded (0ms)
		ExecutionOrderSort2 (0ms)
		AwakeInstancesAfterBackupRestoration (7ms)
Refreshing native plugins compatible for Editor in 0.64 ms, found 0 plugins.
Preloading 0 native plugins for Editor in 0.00 ms.
Unloading 1119 Unused Serialized files (Serialized files now loaded: 0)
Unloading 10 unused Assets / (24.5 KB). Loaded Objects now: 1612.
Memory consumption went from 84.6 MB to 84.6 MB.
Total: 2.387000 ms (FindLiveObjects: 0.099300 ms CreateObjectMapping: 0.052600 ms MarkObjects: 2.211000 ms  DeleteObjects: 0.023400 ms)

Prepare: number of updated asset objects reloaded= 0
AssetImportParameters requested are different than current active one (requested -> active):
  custom:video-encoder-webm-vp8: eb34c28f22e8b96e1ab97ce403110664 -> 
  custom:video-decoder-webm-vp8: 9c59270c3fd7afecdb556c50c9e8de78 -> 
  custom:audio-decoder-ogg-vorbis: bf7c407c2cedff20999df2af8eb42d56 -> 
  custom:SearchIndexIgnoredProperties: e643bd26f0fe6173181afceb89e7c659 -> 
  custom:container-demuxer-ogg: 62fdf1f143b41e24485cea50d1cbac27 -> 
  custom:AudioImporter_EditorPlatform: d09bf68614088b80899f8185d706f6e7 -> 
  custom:CustomObjectIndexerAttribute: 6d391050e5a25f67b0a2c618074f2cd9 -> 
  custom:container-demuxer-webm: 4f35f7cbe854078d1ac9338744f61a02 -> 
  custom:video-codec-MediaFoundation-h265: 746d11721c4dcdbdad8f713fa42b33f4 -> 
  custom:video-decoder-ogg-theora: a1e56fd34408186e4bbccfd4996cb3dc -> 
  custom:audio-encoder-webm-vorbis: bf7c407c2cedff20999df2af8eb42d56 -> 
  custom:framework-win-MediaFoundation: 216162199b28c13a410421893ffa2e32 -> 
  custom:container-muxer-webm: aa71ff27fc2769a1b78a27578f13a17b -> 
========================================================================
Received Prepare
Begin MonoManager ReloadAssembly
- Loaded All Assemblies, in  0.403 seconds
Refreshing native plugins compatible for Editor in 0.93 ms, found 0 plugins.
Native extension for UWP target not found
Native extension for WindowsStandalone target not found
Native extension for iOS target not found
Native extension for Android target not found
Mono: successfully reloaded assembly
- Finished resetting the current domain, in  1.415 seconds
Domain Reload Profiling: 1819ms
	BeginReloadAssembly (159ms)
		ExecutionOrderSort (0ms)
		DisableScriptedObjects (8ms)
		BackupInstance (0ms)
		ReleaseScriptingObjects (0ms)
		CreateAndSetChildDomain (25ms)
	RebuildCommonClasses (52ms)
	RebuildNativeTypeToScriptingClass (14ms)
	initialDomainReloadingComplete (30ms)
	LoadAllAssembliesAndSetupDomain (147ms)
		LoadAssemblies (221ms)
		RebuildTransferFunctionScriptingTraits (0ms)
		AnalyzeDomain (20ms)
			TypeCache.Refresh (8ms)
				TypeCache.ScanAssembly (0ms)
			ScanForSourceGeneratedMonoScriptInfo (7ms)
			ResolveRequiredComponents (3ms)
	FinalizeReload (1416ms)
		ReleaseScriptCaches (0ms)
		RebuildScriptCaches (0ms)
		SetupLoadedEditorAssemblies (323ms)
			LogAssemblyErrors (0ms)
			InitializePlatformSupportModulesInManaged (38ms)
			SetLoadedEditorAssemblies (3ms)
			RefreshPlugins (0ms)
			BeforeProcessingInitializeOnLoad (48ms)
			ProcessInitializeOnLoadAttributes (189ms)
			ProcessInitializeOnLoadMethodAttributes (40ms)
			AfterProcessingInitializeOnLoad (4ms)
			EditorAssembliesLoaded (0ms)
		ExecutionOrderSort2 (0ms)
		AwakeInstancesAfterBackupRestoration (9ms)
Refreshing native plugins compatible for Editor in 0.52 ms, found 0 plugins.
Preloading 0 native plugins for Editor in 0.00 ms.
Unloading 1119 Unused Serialized files (Serialized files now loaded: 0)
Unloading 10 unused Assets / (24.3 KB). Loaded Objects now: 1615.
Memory consumption went from 86.5 MB to 86.5 MB.
Total: 2.954000 ms (FindLiveObjects: 0.246500 ms CreateObjectMapping: 0.047900 ms MarkObjects: 2.626900 ms  DeleteObjects: 0.031500 ms)

Prepare: number of updated asset objects reloaded= 0
AssetImportParameters requested are different than current active one (requested -> active):
  custom:video-encoder-webm-vp8: eb34c28f22e8b96e1ab97ce403110664 -> 
  custom:video-decoder-webm-vp8: 9c59270c3fd7afecdb556c50c9e8de78 -> 
  custom:audio-decoder-ogg-vorbis: bf7c407c2cedff20999df2af8eb42d56 -> 
  custom:SearchIndexIgnoredProperties: e643bd26f0fe6173181afceb89e7c659 -> 
  custom:container-demuxer-ogg: 62fdf1f143b41e24485cea50d1cbac27 -> 
  custom:AudioImporter_EditorPlatform: d09bf68614088b80899f8185d706f6e7 -> 
  custom:CustomObjectIndexerAttribute: 6d391050e5a25f67b0a2c618074f2cd9 -> 
  custom:container-demuxer-webm: 4f35f7cbe854078d1ac9338744f61a02 -> 
  custom:video-codec-MediaFoundation-h265: 746d11721c4dcdbdad8f713fa42b33f4 -> 
  custom:video-decoder-ogg-theora: a1e56fd34408186e4bbccfd4996cb3dc -> 
  custom:audio-encoder-webm-vorbis: bf7c407c2cedff20999df2af8eb42d56 -> 
  custom:framework-win-MediaFoundation: 216162199b28c13a410421893ffa2e32 -> 
  custom:container-muxer-webm: aa71ff27fc2769a1b78a27578f13a17b -> 
========================================================================
Received Prepare
Begin MonoManager ReloadAssembly
- Loaded All Assemblies, in  0.421 seconds
Refreshing native plugins compatible for Editor in 1.06 ms, found 0 plugins.
Native extension for UWP target not found
Native extension for WindowsStandalone target not found
Native extension for iOS target not found
Native extension for Android target not found
Mono: successfully reloaded assembly
- Finished resetting the current domain, in  0.911 seconds
Domain Reload Profiling: 1332ms
	BeginReloadAssembly (183ms)
		ExecutionOrderSort (0ms)
		DisableScriptedObjects (7ms)
		BackupInstance (0ms)
		ReleaseScriptingObjects (0ms)
		CreateAndSetChildDomain (29ms)
	RebuildCommonClasses (41ms)
	RebuildNativeTypeToScriptingClass (15ms)
	initialDomainReloadingComplete (27ms)
	LoadAllAssembliesAndSetupDomain (155ms)
		LoadAssemblies (255ms)
		RebuildTransferFunctionScriptingTraits (0ms)
		AnalyzeDomain (10ms)
			TypeCache.Refresh (5ms)
				TypeCache.ScanAssembly (0ms)
			ScanForSourceGeneratedMonoScriptInfo (0ms)
			ResolveRequiredComponents (4ms)
	FinalizeReload (911ms)
		ReleaseScriptCaches (0ms)
		RebuildScriptCaches (0ms)
		SetupLoadedEditorAssemblies (459ms)
			LogAssemblyErrors (0ms)
			InitializePlatformSupportModulesInManaged (56ms)
			SetLoadedEditorAssemblies (4ms)
			RefreshPlugins (0ms)
			BeforeProcessingInitializeOnLoad (73ms)
			ProcessInitializeOnLoadAttributes (267ms)
			ProcessInitializeOnLoadMethodAttributes (55ms)
			AfterProcessingInitializeOnLoad (5ms)
			EditorAssembliesLoaded (0ms)
		ExecutionOrderSort2 (0ms)
		AwakeInstancesAfterBackupRestoration (12ms)
Refreshing native plugins compatible for Editor in 0.52 ms, found 0 plugins.
Preloading 0 native plugins for Editor in 0.00 ms.
Unloading 1119 Unused Serialized files (Serialized files now loaded: 0)
Unloading 10 unused Assets / (24.3 KB). Loaded Objects now: 1618.
Memory consumption went from 88.5 MB to 88.4 MB.
Total: 2.572700 ms (FindLiveObjects: 0.140400 ms CreateObjectMapping: 0.030700 ms MarkObjects: 2.369600 ms  DeleteObjects: 0.030000 ms)

Prepare: number of updated asset objects reloaded= 0
AssetImportParameters requested are different than current active one (requested -> active):
  custom:video-encoder-webm-vp8: eb34c28f22e8b96e1ab97ce403110664 -> 
  custom:video-decoder-webm-vp8: 9c59270c3fd7afecdb556c50c9e8de78 -> 
  custom:audio-decoder-ogg-vorbis: bf7c407c2cedff20999df2af8eb42d56 -> 
  custom:SearchIndexIgnoredProperties: e643bd26f0fe6173181afceb89e7c659 -> 
  custom:container-demuxer-ogg: 62fdf1f143b41e24485cea50d1cbac27 -> 
  custom:AudioImporter_EditorPlatform: d09bf68614088b80899f8185d706f6e7 -> 
  custom:CustomObjectIndexerAttribute: 6d391050e5a25f67b0a2c618074f2cd9 -> 
  custom:container-demuxer-webm: 4f35f7cbe854078d1ac9338744f61a02 -> 
  custom:video-codec-MediaFoundation-h265: 746d11721c4dcdbdad8f713fa42b33f4 -> 
  custom:video-decoder-ogg-theora: a1e56fd34408186e4bbccfd4996cb3dc -> 
  custom:audio-encoder-webm-vorbis: bf7c407c2cedff20999df2af8eb42d56 -> 
  custom:framework-win-MediaFoundation: 216162199b28c13a410421893ffa2e32 -> 
  custom:container-muxer-webm: aa71ff27fc2769a1b78a27578f13a17b -> 
========================================================================
Received Import Request.
  Time since last request: 961.757149 seconds.
  path: Assets/Pack 01 (Pixel Art)/DemoScene.psd
  artifactKey: Guid(61b352472bab3d7458d00754a098f42e) Importer(815301076,1909f56bfc062723c751e8b465ee728b)
Start importing Assets/Pack 01 (Pixel Art)/DemoScene.psd using Guid(61b352472bab3d7458d00754a098f42e) Importer(815301076,1909f56bfc062723c751e8b465ee728b)  -> (artifact id: '89898455f62cb0169ed1b64c13909009') in 0.110302 seconds
Number of updated asset objects reloaded before import = 0
Number of asset objects unloaded after import = 2
========================================================================
Received Import Request.
  Time since last request: 0.000027 seconds.
  path: Assets/Pack 01 (Pixel Art)/PlayStation - Mega Man X4 - Enemies - Trap Blast.png
  artifactKey: Guid(1418ba10f7e26134e8e743172a49a150) Importer(815301076,1909f56bfc062723c751e8b465ee728b)
Start importing Assets/Pack 01 (Pixel Art)/PlayStation - Mega Man X4 - Enemies - Trap Blast.png using Guid(1418ba10f7e26134e8e743172a49a150) Importer(815301076,1909f56bfc062723c751e8b465ee728b)  -> (artifact id: '4cc6c884318ce78391ba9552cbeb6efc') in 0.408470 seconds
Number of updated asset objects reloaded before import = 0
Number of asset objects unloaded after import = 90
========================================================================
Received Import Request.
  Time since last request: 1.303153 seconds.
  path: Assets/Pack 01 (Pixel Art)/PNG/Alert 1.png
  artifactKey: Guid(1caa735cab69f034a8c240f6be3f1ebb) Importer(815301076,1909f56bfc062723c751e8b465ee728b)
Start importing Assets/Pack 01 (Pixel Art)/PNG/Alert 1.png using Guid(1caa735cab69f034a8c240f6be3f1ebb) Importer(815301076,1909f56bfc062723c751e8b465ee728b)  -> (artifact id: '98f06baa69281c78c637acc679dbc6c5') in 0.014639 seconds
Number of updated asset objects reloaded before import = 0
Number of asset objects unloaded after import = 3
========================================================================
Received Import Request.
  Time since last request: 0.002825 seconds.
  path: Assets/Pack 01 (Pixel Art)/PNG/Bed-1.png
  artifactKey: Guid(d4113606e896803418a151e69eb1a895) Importer(815301076,1909f56bfc062723c751e8b465ee728b)
Start importing Assets/Pack 01 (Pixel Art)/PNG/Bed-1.png using Guid(d4113606e896803418a151e69eb1a895) Importer(815301076,1909f56bfc062723c751e8b465ee728b)  -> (artifact id: '1aa998ac0a99aedd87d7fd118961c10a') in 0.018766 seconds
Number of updated asset objects reloaded before import = 0
Number of asset objects unloaded after import = 3
========================================================================
Received Import Request.
  Time since last request: 0.000014 seconds.
  path: Assets/Pack 01 (Pixel Art)/PNG/Books 2.png
  artifactKey: Guid(782032a365d319c49999eed662157838) Importer(815301076,1909f56bfc062723c751e8b465ee728b)
Start importing Assets/Pack 01 (Pixel Art)/PNG/Books 2.png using Guid(782032a365d319c49999eed662157838) Importer(815301076,1909f56bfc062723c751e8b465ee728b)  -> (artifact id: '3f5dc1501a16e04f39717f043269701c') in 0.018013 seconds
Number of updated asset objects reloaded before import = 0
Number of asset objects unloaded after import = 3
========================================================================
Received Import Request.
  Time since last request: 0.000012 seconds.
  path: Assets/Pack 01 (Pixel Art)/PNG/Floor 3.png
  artifactKey: Guid(ea6223469c2006346aaa6eeb7cd00c6b) Importer(815301076,1909f56bfc062723c751e8b465ee728b)
Start importing Assets/Pack 01 (Pixel Art)/PNG/Floor 3.png using Guid(ea6223469c2006346aaa6eeb7cd00c6b) Importer(815301076,1909f56bfc062723c751e8b465ee728b)  -> (artifact id: 'a6d11d296a90755c9af568d9fb5ba192') in 0.015436 seconds
Number of updated asset objects reloaded before import = 0
Number of asset objects unloaded after import = 3
========================================================================
Received Import Request.
  Time since last request: 0.000014 seconds.
  path: Assets/Pack 01 (Pixel Art)/PNG/Biorganic device copie.png
  artifactKey: Guid(821d94540b9e44c4d956e61fd1a6aa7d) Importer(815301076,1909f56bfc062723c751e8b465ee728b)
Start importing Assets/Pack 01 (Pixel Art)/PNG/Biorganic device copie.png using Guid(821d94540b9e44c4d956e61fd1a6aa7d) Importer(815301076,1909f56bfc062723c751e8b465ee728b)  -> (artifact id: '155f219dcd5378c51faa8d2a6e9beb77') in 0.016846 seconds
Number of updated asset objects reloaded before import = 0
Number of asset objects unloaded after import = 3
========================================================================
Received Import Request.
  Time since last request: 0.000016 seconds.
  path: Assets/Pack 01 (Pixel Art)/PNG/Chunk5.png
  artifactKey: Guid(ff9166699cfaadf448f2414cbbc4ca78) Importer(815301076,1909f56bfc062723c751e8b465ee728b)
Start importing Assets/Pack 01 (Pixel Art)/PNG/Chunk5.png using Guid(ff9166699cfaadf448f2414cbbc4ca78) Importer(815301076,1909f56bfc062723c751e8b465ee728b)  -> (artifact id: 'fcbfef3abad5d1312d502fa03df6732d') in 0.016721 seconds
Number of updated asset objects reloaded before import = 0
Number of asset objects unloaded after import = 3
========================================================================
Received Import Request.
  Time since last request: 0.000014 seconds.
  path: Assets/Pack 01 (Pixel Art)/PNG/Chunk10.png
  artifactKey: Guid(d05f33ae5884e3d4684445063fc7c2d3) Importer(815301076,1909f56bfc062723c751e8b465ee728b)
Start importing Assets/Pack 01 (Pixel Art)/PNG/Chunk10.png using Guid(d05f33ae5884e3d4684445063fc7c2d3) Importer(815301076,1909f56bfc062723c751e8b465ee728b)  -> (artifact id: '2b813e13dd26acd8ad9a4594738c2eb2') in 0.015894 seconds
Number of updated asset objects reloaded before import = 0
Number of asset objects unloaded after import = 3
========================================================================
Received Import Request.
  Time since last request: 0.000013 seconds.
  path: Assets/Pack 01 (Pixel Art)/PNG/Evil computer.png
  artifactKey: Guid(3775ec67e5adc914b83d3eeb5c79d441) Importer(815301076,1909f56bfc062723c751e8b465ee728b)
Start importing Assets/Pack 01 (Pixel Art)/PNG/Evil computer.png using Guid(3775ec67e5adc914b83d3eeb5c79d441) Importer(815301076,1909f56bfc062723c751e8b465ee728b)  -> (artifact id: 'c9c9d59c74e759c5a3c7c81bfcced6c2') in 0.013460 seconds
Number of updated asset objects reloaded before import = 0
Number of asset objects unloaded after import = 3
========================================================================
Received Import Request.
  Time since last request: 0.000014 seconds.
  path: Assets/Pack 01 (Pixel Art)/PNG/Laboratory device.png
  artifactKey: Guid(f6ff57418fffffb4ebf1eb65c43d547f) Importer(815301076,1909f56bfc062723c751e8b465ee728b)
Start importing Assets/Pack 01 (Pixel Art)/PNG/Laboratory device.png using Guid(f6ff57418fffffb4ebf1eb65c43d547f) Importer(815301076,1909f56bfc062723c751e8b465ee728b)  -> (artifact id: '37f1a3a6dd4cf6d4b5503947ccd2094e') in 0.022013 seconds
Number of updated asset objects reloaded before import = 0
Number of asset objects unloaded after import = 3
========================================================================
Received Import Request.
  Time since last request: 0.000015 seconds.
  path: Assets/Pack 01 (Pixel Art)/PNG/Beds and walls.png
  artifactKey: Guid(89327adee896c3840beb02d9539d8129) Importer(815301076,1909f56bfc062723c751e8b465ee728b)
Start importing Assets/Pack 01 (Pixel Art)/PNG/Beds and walls.png using Guid(89327adee896c3840beb02d9539d8129) Importer(815301076,1909f56bfc062723c751e8b465ee728b)  -> (artifact id: '65f7ffa18f74f43209d8db38cb902b9e') in 0.016508 seconds
Number of updated asset objects reloaded before import = 0
Number of asset objects unloaded after import = 3
========================================================================
Received Import Request.
  Time since last request: 0.000036 seconds.
  path: Assets/Pack 01 (Pixel Art)/PNG/Chunk8.png
  artifactKey: Guid(82b66ed98bb59634dac37d94b4983f6c) Importer(815301076,1909f56bfc062723c751e8b465ee728b)
Start importing Assets/Pack 01 (Pixel Art)/PNG/Chunk8.png using Guid(82b66ed98bb59634dac37d94b4983f6c) Importer(815301076,1909f56bfc062723c751e8b465ee728b)  -> (artifact id: 'd781ba4cad52cca0f98efab4c2394495') in 0.017256 seconds
Number of updated asset objects reloaded before import = 0
Number of asset objects unloaded after import = 3
========================================================================
Received Import Request.
  Time since last request: 0.000015 seconds.
  path: Assets/Pack 01 (Pixel Art)/PNG/CryoBoxOFF.png
  artifactKey: Guid(1e71cfc5f6455494baf2da61f3411b89) Importer(815301076,1909f56bfc062723c751e8b465ee728b)
Start importing Assets/Pack 01 (Pixel Art)/PNG/CryoBoxOFF.png using Guid(1e71cfc5f6455494baf2da61f3411b89) Importer(815301076,1909f56bfc062723c751e8b465ee728b)  -> (artifact id: 'fa9d264bea43bf14fb2c90267ca0f7ba') in 0.015756 seconds
Number of updated asset objects reloaded before import = 0
Number of asset objects unloaded after import = 3
========================================================================
Received Import Request.
  Time since last request: 0.000016 seconds.
  path: Assets/Pack 01 (Pixel Art)/PNG/Health Pack 1.png
  artifactKey: Guid(19aed7417ac4ab24bba839b151d3c259) Importer(815301076,1909f56bfc062723c751e8b465ee728b)
Start importing Assets/Pack 01 (Pixel Art)/PNG/Health Pack 1.png using Guid(19aed7417ac4ab24bba839b151d3c259) Importer(815301076,1909f56bfc062723c751e8b465ee728b)  -> (artifact id: '4947280b8fbcf928b7679621527f4d73') in 0.015085 seconds
Number of updated asset objects reloaded before import = 0
Number of asset objects unloaded after import = 3
========================================================================
Received Import Request.
  Time since last request: 0.000027 seconds.
  path: Assets/Pack 01 (Pixel Art)/PNG/Calque 18.png
  artifactKey: Guid(883182bc506cba14eba30d3abf6fd5d1) Importer(815301076,1909f56bfc062723c751e8b465ee728b)
Start importing Assets/Pack 01 (Pixel Art)/PNG/Calque 18.png using Guid(883182bc506cba14eba30d3abf6fd5d1) Importer(815301076,1909f56bfc062723c751e8b465ee728b)  -> (artifact id: 'e73cd87df062130b74c907c4556355cf') in 0.014256 seconds
Number of updated asset objects reloaded before import = 0
Number of asset objects unloaded after import = 3
========================================================================
Received Import Request.
  Time since last request: 0.000013 seconds.
  path: Assets/Pack 01 (Pixel Art)/PNG/Lamp 1.png
  artifactKey: Guid(b58f11ed7e5c3ec49a152aba8520c101) Importer(815301076,1909f56bfc062723c751e8b465ee728b)
Start importing Assets/Pack 01 (Pixel Art)/PNG/Lamp 1.png using Guid(b58f11ed7e5c3ec49a152aba8520c101) Importer(815301076,1909f56bfc062723c751e8b465ee728b)  -> (artifact id: '477eca04390a01f8706a50f9c62ec0c1') in 0.013008 seconds
Number of updated asset objects reloaded before import = 0
Number of asset objects unloaded after import = 3
========================================================================
Received Import Request.
  Time since last request: 0.000014 seconds.
  path: Assets/Pack 01 (Pixel Art)/PNG/Baril 2.png
  artifactKey: Guid(a2346b793541fbd499895b31d56a973d) Importer(815301076,1909f56bfc062723c751e8b465ee728b)
Start importing Assets/Pack 01 (Pixel Art)/PNG/Baril 2.png using Guid(a2346b793541fbd499895b31d56a973d) Importer(815301076,1909f56bfc062723c751e8b465ee728b)  -> (artifact id: '1722aea57d4f4374728929180b5a1b4e') in 0.017121 seconds
Number of updated asset objects reloaded before import = 0
Number of asset objects unloaded after import = 3
========================================================================
Received Import Request.
  Time since last request: 0.000017 seconds.
  path: Assets/Pack 01 (Pixel Art)/PNG/Biorganic device copie 2.png
  artifactKey: Guid(91befdf1302dff746ad8125d74257f9e) Importer(815301076,1909f56bfc062723c751e8b465ee728b)
Start importing Assets/Pack 01 (Pixel Art)/PNG/Biorganic device copie 2.png using Guid(91befdf1302dff746ad8125d74257f9e) Importer(815301076,1909f56bfc062723c751e8b465ee728b)  -> (artifact id: 'd8a56191f5eaa5e165c0ffe4f2b969d2') in 0.014932 seconds
Number of updated asset objects reloaded before import = 0
Number of asset objects unloaded after import = 3
========================================================================
Received Import Request.
  Time since last request: 0.000097 seconds.
  path: Assets/Pack 01 (Pixel Art)/PNG/Chunk8.asset
  artifactKey: Guid(8fe9a83db96445e4b86b8ebcdfc103f6) Importer(815301076,1909f56bfc062723c751e8b465ee728b)
Start importing Assets/Pack 01 (Pixel Art)/PNG/Chunk8.asset using Guid(8fe9a83db96445e4b86b8ebcdfc103f6) Importer(815301076,1909f56bfc062723c751e8b465ee728b)  -> (artifact id: 'bc36187262ac924f0349336f3d708c5d') in 0.022704 seconds
Number of updated asset objects reloaded before import = 0
Number of asset objects unloaded after import = 3
========================================================================
Received Import Request.
  Time since last request: 0.000013 seconds.
  path: Assets/Pack 01 (Pixel Art)/PNG/Character 3.png
  artifactKey: Guid(49965547bf91f3f47bc88164831a1896) Importer(815301076,1909f56bfc062723c751e8b465ee728b)
Start importing Assets/Pack 01 (Pixel Art)/PNG/Character 3.png using Guid(49965547bf91f3f47bc88164831a1896) Importer(815301076,1909f56bfc062723c751e8b465ee728b)  -> (artifact id: 'fc684d84257e47714adc845587ae2d28') in 0.012838 seconds
Number of updated asset objects reloaded before import = 0
Number of asset objects unloaded after import = 3
========================================================================
Received Import Request.
  Time since last request: 0.000013 seconds.
  path: Assets/Pack 01 (Pixel Art)/PNG/Chunk6.asset
  artifactKey: Guid(4783a6dc0da53db4882df19f244e56dc) Importer(815301076,1909f56bfc062723c751e8b465ee728b)
Start importing Assets/Pack 01 (Pixel Art)/PNG/Chunk6.asset using Guid(4783a6dc0da53db4882df19f244e56dc) Importer(815301076,1909f56bfc062723c751e8b465ee728b)  -> (artifact id: '1f5c573d49bcaf02e98a0bb21434f09a') in 0.012817 seconds
Number of updated asset objects reloaded before import = 0
Number of asset objects unloaded after import = 3
========================================================================
Received Import Request.
  Time since last request: 0.000012 seconds.
  path: Assets/Pack 01 (Pixel Art)/PNG/Ladder .png
  artifactKey: Guid(e83c8bb6c81f2cc418f2750f1692c3e0) Importer(815301076,1909f56bfc062723c751e8b465ee728b)
Start importing Assets/Pack 01 (Pixel Art)/PNG/Ladder .png using Guid(e83c8bb6c81f2cc418f2750f1692c3e0) Importer(815301076,1909f56bfc062723c751e8b465ee728b)  -> (artifact id: 'c4bd53b1790998a9936de1b9ff7cade8') in 0.015656 seconds
Number of updated asset objects reloaded before import = 0
Number of asset objects unloaded after import = 3
========================================================================
Received Import Request.
  Time since last request: 0.000058 seconds.
  path: Assets/Pack 01 (Pixel Art)/PNG/CryoBox destroyed.png
  artifactKey: Guid(f59fea383f3bb9c42a88e1d636b680ac) Importer(815301076,1909f56bfc062723c751e8b465ee728b)
Start importing Assets/Pack 01 (Pixel Art)/PNG/CryoBox destroyed.png using Guid(f59fea383f3bb9c42a88e1d636b680ac) Importer(815301076,1909f56bfc062723c751e8b465ee728b)  -> (artifact id: '8d0d3b43fec6b1a940ea5eb00f258797') in 0.015936 seconds
Number of updated asset objects reloaded before import = 0
Number of asset objects unloaded after import = 3
========================================================================
Received Import Request.
  Time since last request: 0.000015 seconds.
  path: Assets/Pack 01 (Pixel Art)/PNG/Computer station 1.png
  artifactKey: Guid(ce1ea5493be02ad4382d3484c0e6b428) Importer(815301076,1909f56bfc062723c751e8b465ee728b)
Start importing Assets/Pack 01 (Pixel Art)/PNG/Computer station 1.png using Guid(ce1ea5493be02ad4382d3484c0e6b428) Importer(815301076,1909f56bfc062723c751e8b465ee728b)  -> (artifact id: '022c2fd4a785b1991dbea71bec69e027') in 0.012818 seconds
Number of updated asset objects reloaded before import = 0
Number of asset objects unloaded after import = 3
========================================================================
Received Import Request.
  Time since last request: 0.000048 seconds.
  path: Assets/Pack 01 (Pixel Art)/PNG/Desk 1.png
  artifactKey: Guid(cb687110895b7024ead8e413ae1fe82c) Importer(815301076,1909f56bfc062723c751e8b465ee728b)
Start importing Assets/Pack 01 (Pixel Art)/PNG/Desk 1.png using Guid(cb687110895b7024ead8e413ae1fe82c) Importer(815301076,1909f56bfc062723c751e8b465ee728b)  -> (artifact id: '27aaee829f75e2ea486b4db58f126e47') in 0.019260 seconds
Number of updated asset objects reloaded before import = 0
Number of asset objects unloaded after import = 3
========================================================================
Received Import Request.
  Time since last request: 0.000017 seconds.
  path: Assets/Pack 01 (Pixel Art)/PNG/Chunk1.png
  artifactKey: Guid(9c1b9894bf947474d8997b7166473c7a) Importer(815301076,1909f56bfc062723c751e8b465ee728b)
Start importing Assets/Pack 01 (Pixel Art)/PNG/Chunk1.png using Guid(9c1b9894bf947474d8997b7166473c7a) Importer(815301076,1909f56bfc062723c751e8b465ee728b)  -> (artifact id: '8c3d8b9e27b69b90d090ad4561b0afd0') in 0.018092 seconds
Number of updated asset objects reloaded before import = 0
Number of asset objects unloaded after import = 3
========================================================================
Received Import Request.
  Time since last request: 0.000015 seconds.
  path: Assets/Pack 01 (Pixel Art)/PNG/Floor 2.png
  artifactKey: Guid(5c1942e0216ea2f44bec5f46e68d152c) Importer(815301076,1909f56bfc062723c751e8b465ee728b)
Start importing Assets/Pack 01 (Pixel Art)/PNG/Floor 2.png using Guid(5c1942e0216ea2f44bec5f46e68d152c) Importer(815301076,1909f56bfc062723c751e8b465ee728b)  -> (artifact id: '2e0b07cfd6c7104e2d71098cf3a5f73d') in 0.014446 seconds
Number of updated asset objects reloaded before import = 0
Number of asset objects unloaded after import = 3
========================================================================
Received Import Request.
  Time since last request: 0.000013 seconds.
  path: Assets/Pack 01 (Pixel Art)/PNG/Enter 1.png
  artifactKey: Guid(34a77fef93fdd684296bc482d9a2591b) Importer(815301076,1909f56bfc062723c751e8b465ee728b)
Start importing Assets/Pack 01 (Pixel Art)/PNG/Enter 1.png using Guid(34a77fef93fdd684296bc482d9a2591b) Importer(815301076,1909f56bfc062723c751e8b465ee728b)  -> (artifact id: 'fcadd0e62cb48cccd73495a1862c290c') in 0.015106 seconds
Number of updated asset objects reloaded before import = 0
Number of asset objects unloaded after import = 3
========================================================================
Received Import Request.
  Time since last request: 0.000015 seconds.
  path: Assets/Pack 01 (Pixel Art)/PNG/Floor 4.png
  artifactKey: Guid(6715c4d0491d8ce4dba4e1b52a33b6ac) Importer(815301076,1909f56bfc062723c751e8b465ee728b)
Start importing Assets/Pack 01 (Pixel Art)/PNG/Floor 4.png using Guid(6715c4d0491d8ce4dba4e1b52a33b6ac) Importer(815301076,1909f56bfc062723c751e8b465ee728b)  -> (artifact id: '1f5a53ea3f15326a68337f71977d77ac') in 0.014712 seconds
Number of updated asset objects reloaded before import = 0
Number of asset objects unloaded after import = 3
========================================================================
Received Import Request.
  Time since last request: 0.000014 seconds.
  path: Assets/Pack 01 (Pixel Art)/PNG/Chunk3.asset
  artifactKey: Guid(853c18e37000bb5429489c4d1e7ec1e0) Importer(815301076,1909f56bfc062723c751e8b465ee728b)
Start importing Assets/Pack 01 (Pixel Art)/PNG/Chunk3.asset using Guid(853c18e37000bb5429489c4d1e7ec1e0) Importer(815301076,1909f56bfc062723c751e8b465ee728b)  -> (artifact id: '30feeafd60d57e6230fc4fdc77a3d7ba') in 0.013743 seconds
Number of updated asset objects reloaded before import = 0
Number of asset objects unloaded after import = 3
========================================================================
Received Import Request.
  Time since last request: 0.000013 seconds.
  path: Assets/Pack 01 (Pixel Art)/PNG/CryoBox.png
  artifactKey: Guid(6ef12d9764da8a146be0e25f66f39576) Importer(815301076,1909f56bfc062723c751e8b465ee728b)
Start importing Assets/Pack 01 (Pixel Art)/PNG/CryoBox.png using Guid(6ef12d9764da8a146be0e25f66f39576) Importer(815301076,1909f56bfc062723c751e8b465ee728b)  -> (artifact id: '5a1fcef42a20c02260da3f735d9015cf') in 0.016920 seconds
Number of updated asset objects reloaded before import = 0
Number of asset objects unloaded after import = 3
========================================================================
Received Import Request.
  Time since last request: 0.000075 seconds.
  path: Assets/Pack 01 (Pixel Art)/PNG/Chair.png
  artifactKey: Guid(a8dc0b57d78da1641a4eeb5e1a5a7915) Importer(815301076,1909f56bfc062723c751e8b465ee728b)
Start importing Assets/Pack 01 (Pixel Art)/PNG/Chair.png using Guid(a8dc0b57d78da1641a4eeb5e1a5a7915) Importer(815301076,1909f56bfc062723c751e8b465ee728b)  -> (artifact id: '3bfc161236dea485bf73d5df6693df23') in 0.018656 seconds
Number of updated asset objects reloaded before import = 0
Number of asset objects unloaded after import = 3
========================================================================
Received Import Request.
  Time since last request: 0.000050 seconds.
  path: Assets/Pack 01 (Pixel Art)/PNG/Floor 1.png
  artifactKey: Guid(232edafc3b510c348aeed7c0b354fc31) Importer(815301076,1909f56bfc062723c751e8b465ee728b)
Start importing Assets/Pack 01 (Pixel Art)/PNG/Floor 1.png using Guid(232edafc3b510c348aeed7c0b354fc31) Importer(815301076,1909f56bfc062723c751e8b465ee728b)  -> (artifact id: 'e528a4d5ce2d2261a4d15c42b3c50580') in 0.014223 seconds
Number of updated asset objects reloaded before import = 0
Number of asset objects unloaded after import = 3
========================================================================
Received Import Request.
  Time since last request: 0.000018 seconds.
  path: Assets/Pack 01 (Pixel Art)/PNG/Calque 18 copie 3.png
  artifactKey: Guid(41ae9b6528482e746b2880e753c22fd9) Importer(815301076,1909f56bfc062723c751e8b465ee728b)
Start importing Assets/Pack 01 (Pixel Art)/PNG/Calque 18 copie 3.png using Guid(41ae9b6528482e746b2880e753c22fd9) Importer(815301076,1909f56bfc062723c751e8b465ee728b)  -> (artifact id: '087f2f64a0c6f6753c6ba32def023f27') in 0.015095 seconds
Number of updated asset objects reloaded before import = 0
Number of asset objects unloaded after import = 3
========================================================================
Received Import Request.
  Time since last request: 0.000013 seconds.
  path: Assets/Pack 01 (Pixel Art)/PNG/Character 1.png
  artifactKey: Guid(1629de11c1d5f764c969819738bd045f) Importer(815301076,1909f56bfc062723c751e8b465ee728b)
Start importing Assets/Pack 01 (Pixel Art)/PNG/Character 1.png using Guid(1629de11c1d5f764c969819738bd045f) Importer(815301076,1909f56bfc062723c751e8b465ee728b)  -> (artifact id: '9ec033866be718982d01b1f5e0466d54') in 0.015347 seconds
Number of updated asset objects reloaded before import = 0
Number of asset objects unloaded after import = 3
========================================================================
Received Import Request.
  Time since last request: 0.000012 seconds.
  path: Assets/Pack 01 (Pixel Art)/PNG/Computer 2.png
  artifactKey: Guid(6f05d585255ef1147a94855bbd3b90c6) Importer(815301076,1909f56bfc062723c751e8b465ee728b)
Start importing Assets/Pack 01 (Pixel Art)/PNG/Computer 2.png using Guid(6f05d585255ef1147a94855bbd3b90c6) Importer(815301076,1909f56bfc062723c751e8b465ee728b)  -> (artifact id: 'a60112e982ffa3690ce7a23d06919288') in 0.015339 seconds
Number of updated asset objects reloaded before import = 0
Number of asset objects unloaded after import = 3
========================================================================
Received Import Request.
  Time since last request: 0.000014 seconds.
  path: Assets/Pack 01 (Pixel Art)/PNG/Ceiling lamp.png
  artifactKey: Guid(1a8dcd933e6e2be48ac14d11d2f7e08b) Importer(815301076,1909f56bfc062723c751e8b465ee728b)
Start importing Assets/Pack 01 (Pixel Art)/PNG/Ceiling lamp.png using Guid(1a8dcd933e6e2be48ac14d11d2f7e08b) Importer(815301076,1909f56bfc062723c751e8b465ee728b)  -> (artifact id: '65cc1f5b455d077c83a66a535b6d7185') in 0.014372 seconds
Number of updated asset objects reloaded before import = 0
Number of asset objects unloaded after import = 3
========================================================================
Received Import Request.
  Time since last request: 0.000023 seconds.
  path: Assets/Pack 01 (Pixel Art)/PNG/Chunk7.asset
  artifactKey: Guid(34c962da12b731c49b6aaaedad01af91) Importer(815301076,1909f56bfc062723c751e8b465ee728b)
Start importing Assets/Pack 01 (Pixel Art)/PNG/Chunk7.asset using Guid(34c962da12b731c49b6aaaedad01af91) Importer(815301076,1909f56bfc062723c751e8b465ee728b)  -> (artifact id: 'ae7cf83952fa4e25243652a55ca013a0') in 0.013404 seconds
Number of updated asset objects reloaded before import = 0
Number of asset objects unloaded after import = 3
========================================================================
Received Import Request.
  Time since last request: 0.000026 seconds.
  path: Assets/Pack 01 (Pixel Art)/PNG/Electric wall.asset
  artifactKey: Guid(3e95e03e57cbf664aab46f891be6a570) Importer(815301076,1909f56bfc062723c751e8b465ee728b)
Start importing Assets/Pack 01 (Pixel Art)/PNG/Electric wall.asset using Guid(3e95e03e57cbf664aab46f891be6a570) Importer(815301076,1909f56bfc062723c751e8b465ee728b)  -> (artifact id: 'fd74a05fdae656d8965693978ca94d39') in 0.013804 seconds
Number of updated asset objects reloaded before import = 0
Number of asset objects unloaded after import = 3
========================================================================
Received Import Request.
  Time since last request: 0.000014 seconds.
  path: Assets/Pack 01 (Pixel Art)/PNG/Chunk3.png
  artifactKey: Guid(95423a1cb1c787b48a9a5312b29bcaef) Importer(815301076,1909f56bfc062723c751e8b465ee728b)
Start importing Assets/Pack 01 (Pixel Art)/PNG/Chunk3.png using Guid(95423a1cb1c787b48a9a5312b29bcaef) Importer(815301076,1909f56bfc062723c751e8b465ee728b)  -> (artifact id: '06bbb2baf833308a051c7f4983813497') in 0.015969 seconds
Number of updated asset objects reloaded before import = 0
Number of asset objects unloaded after import = 3
========================================================================
Received Import Request.
  Time since last request: 0.000046 seconds.
  path: Assets/Pack 01 (Pixel Art)/PNG/BioComputer.png
  artifactKey: Guid(817e3024a4817714cae332cdbd011dbf) Importer(815301076,1909f56bfc062723c751e8b465ee728b)
Start importing Assets/Pack 01 (Pixel Art)/PNG/BioComputer.png using Guid(817e3024a4817714cae332cdbd011dbf) Importer(815301076,1909f56bfc062723c751e8b465ee728b)  -> (artifact id: '0fa4a979e9c58bc6a1f7b642c481627c') in 0.016540 seconds
Number of updated asset objects reloaded before import = 0
Number of asset objects unloaded after import = 3
========================================================================
Received Import Request.
  Time since last request: 1.093314 seconds.
  path: Assets/Pack 01 (Pixel Art)/PNG/Locker blood.png
  artifactKey: Guid(cdf23e08fdd392e41ba0b5ce43ea9f3c) Importer(815301076,1909f56bfc062723c751e8b465ee728b)
Start importing Assets/Pack 01 (Pixel Art)/PNG/Locker blood.png using Guid(cdf23e08fdd392e41ba0b5ce43ea9f3c) Importer(815301076,1909f56bfc062723c751e8b465ee728b)  -> (artifact id: 'fa21e56e768247fcefc0c2c0c75716b6') in 0.016060 seconds
Number of updated asset objects reloaded before import = 0
Number of asset objects unloaded after import = 3
========================================================================
Received Import Request.
  Time since last request: 0.000020 seconds.
  path: Assets/Pack 01 (Pixel Art)/PNG/Mural patch 2.png
  artifactKey: Guid(b1117a924aa33644695ac223605011a6) Importer(815301076,1909f56bfc062723c751e8b465ee728b)
Start importing Assets/Pack 01 (Pixel Art)/PNG/Mural patch 2.png using Guid(b1117a924aa33644695ac223605011a6) Importer(815301076,1909f56bfc062723c751e8b465ee728b)  -> (artifact id: '49e14be4879304792bab6b8a9b0f4f21') in 0.016481 seconds
Number of updated asset objects reloaded before import = 0
Number of asset objects unloaded after import = 3
========================================================================
Received Import Request.
  Time since last request: 0.000070 seconds.
  path: Assets/Pack 01 (Pixel Art)/PNG/Neutral screen.png
  artifactKey: Guid(de96e4845f158844395137ee0e11fee0) Importer(815301076,1909f56bfc062723c751e8b465ee728b)
Start importing Assets/Pack 01 (Pixel Art)/PNG/Neutral screen.png using Guid(de96e4845f158844395137ee0e11fee0) Importer(815301076,1909f56bfc062723c751e8b465ee728b)  -> (artifact id: '698acaec798f3911ee483f328f5024f1') in 0.016434 seconds
Number of updated asset objects reloaded before import = 0
Number of asset objects unloaded after import = 3
========================================================================
Received Import Request.
  Time since last request: 0.000039 seconds.
  path: Assets/Pack 01 (Pixel Art)/PNG/Mark 1.png
  artifactKey: Guid(6e075d7b2283ea442b7af076cbfad52e) Importer(815301076,1909f56bfc062723c751e8b465ee728b)
Start importing Assets/Pack 01 (Pixel Art)/PNG/Mark 1.png using Guid(6e075d7b2283ea442b7af076cbfad52e) Importer(815301076,1909f56bfc062723c751e8b465ee728b)  -> (artifact id: 'bb93293d0ccb5a213daee20f4400fbc1') in 0.016100 seconds
Number of updated asset objects reloaded before import = 0
Number of asset objects unloaded after import = 3
========================================================================
Received Import Request.
  Time since last request: 0.000012 seconds.
  path: Assets/Pack 01 (Pixel Art)/PNG/Machine 1.png
  artifactKey: Guid(a5efbf2fc1ecdc8409f92f8aba248a34) Importer(815301076,1909f56bfc062723c751e8b465ee728b)
Start importing Assets/Pack 01 (Pixel Art)/PNG/Machine 1.png using Guid(a5efbf2fc1ecdc8409f92f8aba248a34) Importer(815301076,1909f56bfc062723c751e8b465ee728b)  -> (artifact id: '874539b2dfd733397e600db80df4428f') in 0.015716 seconds
Number of updated asset objects reloaded before import = 0
Number of asset objects unloaded after import = 3
========================================================================
Received Import Request.
  Time since last request: 0.000046 seconds.
  path: Assets/Pack 01 (Pixel Art)/PNG/Phone 1.png
  artifactKey: Guid(875ceb59a779268439d9a40baec9e662) Importer(815301076,1909f56bfc062723c751e8b465ee728b)
Start importing Assets/Pack 01 (Pixel Art)/PNG/Phone 1.png using Guid(875ceb59a779268439d9a40baec9e662) Importer(815301076,1909f56bfc062723c751e8b465ee728b)  -> (artifact id: '4432a8a08221cc7af555e9ca1deabfb7') in 0.016469 seconds
Number of updated asset objects reloaded before import = 0
Number of asset objects unloaded after import = 3
========================================================================
Received Import Request.
  Time since last request: 0.000018 seconds.
  path: Assets/Pack 01 (Pixel Art)/PNG/Lockers 1.png
  artifactKey: Guid(3bb6e51f3bdc5fe429b2ffa47df02c60) Importer(815301076,1909f56bfc062723c751e8b465ee728b)
Start importing Assets/Pack 01 (Pixel Art)/PNG/Lockers 1.png using Guid(3bb6e51f3bdc5fe429b2ffa47df02c60) Importer(815301076,1909f56bfc062723c751e8b465ee728b)  -> (artifact id: '37ff7a6575fb3f50e71eae13a51604f9') in 0.018344 seconds
Number of updated asset objects reloaded before import = 0
Number of asset objects unloaded after import = 3
========================================================================
Received Import Request.
  Time since last request: 0.001200 seconds.
  path: Assets/Pack 01 (Pixel Art)/PNG/Machine 2.png
  artifactKey: Guid(46402534c92a80d409eebd11efa0bb9a) Importer(815301076,1909f56bfc062723c751e8b465ee728b)
Start importing Assets/Pack 01 (Pixel Art)/PNG/Machine 2.png using Guid(46402534c92a80d409eebd11efa0bb9a) Importer(815301076,1909f56bfc062723c751e8b465ee728b)  -> (artifact id: '6a87b41e26920b89aae651105f301fc1') in 0.018252 seconds
Number of updated asset objects reloaded before import = 0
Number of asset objects unloaded after import = 3
========================================================================
Received Import Request.
  Time since last request: 0.069112 seconds.
  path: Assets/Pack 01 (Pixel Art)/PNG/Pillar destroyed.png
  artifactKey: Guid(0270eea574cd21e428a5f3d537a783f1) Importer(815301076,1909f56bfc062723c751e8b465ee728b)
Start importing Assets/Pack 01 (Pixel Art)/PNG/Pillar destroyed.png using Guid(0270eea574cd21e428a5f3d537a783f1) Importer(815301076,1909f56bfc062723c751e8b465ee728b)  -> (artifact id: '1c6cbdd2b5e974d8b128032c86a5dcc6') in 0.016226 seconds
Number of updated asset objects reloaded before import = 0
Number of asset objects unloaded after import = 3
========================================================================
Received Import Request.
  Time since last request: 0.000015 seconds.
  path: Assets/Pack 01 (Pixel Art)/PNG/Pipe.png
  artifactKey: Guid(b68b00c9bef3a11499af044c83389327) Importer(815301076,1909f56bfc062723c751e8b465ee728b)
Start importing Assets/Pack 01 (Pixel Art)/PNG/Pipe.png using Guid(b68b00c9bef3a11499af044c83389327) Importer(815301076,1909f56bfc062723c751e8b465ee728b)  -> (artifact id: 'd03740ab7d94e35146a5dac94f31ea59') in 0.015703 seconds
Number of updated asset objects reloaded before import = 0
Number of asset objects unloaded after import = 3
========================================================================
Received Import Request.
  Time since last request: 0.000013 seconds.
  path: Assets/Pack 01 (Pixel Art)/PNG/Props 1.png
  artifactKey: Guid(207891c1a031a6a4b9325f196ed980b7) Importer(815301076,1909f56bfc062723c751e8b465ee728b)
Start importing Assets/Pack 01 (Pixel Art)/PNG/Props 1.png using Guid(207891c1a031a6a4b9325f196ed980b7) Importer(815301076,1909f56bfc062723c751e8b465ee728b)  -> (artifact id: 'e11701b1e6bef0a33f83165b956f36df') in 0.016783 seconds
Number of updated asset objects reloaded before import = 0
Number of asset objects unloaded after import = 3
========================================================================
Received Import Request.
  Time since last request: 0.000015 seconds.
  path: Assets/Pack 01 (Pixel Art)/PNG/Screen device.png
  artifactKey: Guid(388de88944cb3f94693e7e6f65984f06) Importer(815301076,1909f56bfc062723c751e8b465ee728b)
Start importing Assets/Pack 01 (Pixel Art)/PNG/Screen device.png using Guid(388de88944cb3f94693e7e6f65984f06) Importer(815301076,1909f56bfc062723c751e8b465ee728b)  -> (artifact id: '01162621c9689896eb2c63cb44a94485') in 0.017148 seconds
Number of updated asset objects reloaded before import = 0
Number of asset objects unloaded after import = 3
========================================================================
Received Import Request.
  Time since last request: 0.000018 seconds.
  path: Assets/Pack 01 (Pixel Art)/PNG/post it.png
  artifactKey: Guid(66e58ab93bbc42c4bbbe20bd64aba76a) Importer(815301076,1909f56bfc062723c751e8b465ee728b)
Start importing Assets/Pack 01 (Pixel Art)/PNG/post it.png using Guid(66e58ab93bbc42c4bbbe20bd64aba76a) Importer(815301076,1909f56bfc062723c751e8b465ee728b)  -> (artifact id: '4dd777a7e95dcf25ee6984391544b6ee') in 0.016745 seconds
Number of updated asset objects reloaded before import = 0
Number of asset objects unloaded after import = 3
========================================================================
Received Import Request.
  Time since last request: 0.000013 seconds.
  path: Assets/Pack 01 (Pixel Art)/PNG/Pipe2.png
  artifactKey: Guid(502e4ead45681b947ad2da998311905f) Importer(815301076,1909f56bfc062723c751e8b465ee728b)
Start importing Assets/Pack 01 (Pixel Art)/PNG/Pipe2.png using Guid(502e4ead45681b947ad2da998311905f) Importer(815301076,1909f56bfc062723c751e8b465ee728b)  -> (artifact id: '8c7500ce2ccdb493fc13996f5eeef37a') in 0.016498 seconds
Number of updated asset objects reloaded before import = 0
Number of asset objects unloaded after import = 3
========================================================================
Received Import Request.
  Time since last request: 0.000082 seconds.
  path: Assets/Pack 01 (Pixel Art)/PNG/Screen info 1.png
  artifactKey: Guid(5b86d46f449e30149887c0c91251f604) Importer(815301076,1909f56bfc062723c751e8b465ee728b)
Start importing Assets/Pack 01 (Pixel Art)/PNG/Screen info 1.png using Guid(5b86d46f449e30149887c0c91251f604) Importer(815301076,1909f56bfc062723c751e8b465ee728b)  -> (artifact id: 'da7a870c93a5f191bdfa99bc713ed408') in 0.015917 seconds
Number of updated asset objects reloaded before import = 0
Number of asset objects unloaded after import = 3
========================================================================
Received Import Request.
  Time since last request: 0.000073 seconds.
  path: Assets/Pack 01 (Pixel Art)/PNG/Random device.png
  artifactKey: Guid(4083b7180c15be84986380f487513360) Importer(815301076,1909f56bfc062723c751e8b465ee728b)
Start importing Assets/Pack 01 (Pixel Art)/PNG/Random device.png using Guid(4083b7180c15be84986380f487513360) Importer(815301076,1909f56bfc062723c751e8b465ee728b)  -> (artifact id: 'de86e268013cac3375429770d06fc12c') in 0.016441 seconds
Number of updated asset objects reloaded before import = 0
Number of asset objects unloaded after import = 3
========================================================================
Received Import Request.
  Time since last request: 0.553284 seconds.
  path: Assets/Pack 01 (Pixel Art)/PNG/Screen info 2.png
  artifactKey: Guid(e0e1882251546b5459938935c121b026) Importer(815301076,1909f56bfc062723c751e8b465ee728b)
Start importing Assets/Pack 01 (Pixel Art)/PNG/Screen info 2.png using Guid(e0e1882251546b5459938935c121b026) Importer(815301076,1909f56bfc062723c751e8b465ee728b)  -> (artifact id: '9493b38d6155ccf9a98120d2171b08b1') in 0.013988 seconds
Number of updated asset objects reloaded before import = 0
Number of asset objects unloaded after import = 3
========================================================================
Received Import Request.
  Time since last request: 0.000014 seconds.
  path: Assets/Pack 01 (Pixel Art)/PNG/Stairs.png
  artifactKey: Guid(b8bd4dd8c25dd264a834442d52a1b253) Importer(815301076,1909f56bfc062723c751e8b465ee728b)
Start importing Assets/Pack 01 (Pixel Art)/PNG/Stairs.png using Guid(b8bd4dd8c25dd264a834442d52a1b253) Importer(815301076,1909f56bfc062723c751e8b465ee728b)  -> (artifact id: 'be32f05ac52b603d1b610b2c772c677c') in 0.017473 seconds
Number of updated asset objects reloaded before import = 0
Number of asset objects unloaded after import = 3
========================================================================
Received Import Request.
  Time since last request: 0.000016 seconds.
  path: Assets/Pack 01 (Pixel Art)/PNG/Separation 2.png
  artifactKey: Guid(a3c8bf8323446ed41962bbcf937b6e86) Importer(815301076,1909f56bfc062723c751e8b465ee728b)
Start importing Assets/Pack 01 (Pixel Art)/PNG/Separation 2.png using Guid(a3c8bf8323446ed41962bbcf937b6e86) Importer(815301076,1909f56bfc062723c751e8b465ee728b)  -> (artifact id: '97512f61dbd62bdc7161aaa1e10269e6') in 0.016895 seconds
Number of updated asset objects reloaded before import = 0
Number of asset objects unloaded after import = 3
========================================================================
Received Import Request.
  Time since last request: 0.000030 seconds.
  path: Assets/Pack 01 (Pixel Art)/PNG/Semi-wall 2 copie.png
  artifactKey: Guid(2de503df1b0d4664ca3cae12a0aad6c6) Importer(815301076,1909f56bfc062723c751e8b465ee728b)
Start importing Assets/Pack 01 (Pixel Art)/PNG/Semi-wall 2 copie.png using Guid(2de503df1b0d4664ca3cae12a0aad6c6) Importer(815301076,1909f56bfc062723c751e8b465ee728b)  -> (artifact id: 'a65b0595b4c85025b4758c91880fdb1f') in 0.016104 seconds
Number of updated asset objects reloaded before import = 0
Number of asset objects unloaded after import = 3
========================================================================
Received Import Request.
  Time since last request: 0.000017 seconds.
  path: Assets/Pack 01 (Pixel Art)/PNG/Semi-wall 2.png
  artifactKey: Guid(1b4579f1901e4f64c941a81a32e59d78) Importer(815301076,1909f56bfc062723c751e8b465ee728b)
Start importing Assets/Pack 01 (Pixel Art)/PNG/Semi-wall 2.png using Guid(1b4579f1901e4f64c941a81a32e59d78) Importer(815301076,1909f56bfc062723c751e8b465ee728b)  -> (artifact id: 'cb21bda71b011e01377cc5fba65e2d9f') in 0.016811 seconds
Number of updated asset objects reloaded before import = 0
Number of asset objects unloaded after import = 3
========================================================================
Received Import Request.
  Time since last request: 0.000041 seconds.
  path: Assets/Pack 01 (Pixel Art)/PNG/Small machine 3-1.png
  artifactKey: Guid(236ce5bee73a025439defeca12b7280d) Importer(815301076,1909f56bfc062723c751e8b465ee728b)
Start importing Assets/Pack 01 (Pixel Art)/PNG/Small machine 3-1.png using Guid(236ce5bee73a025439defeca12b7280d) Importer(815301076,1909f56bfc062723c751e8b465ee728b)  -> (artifact id: 'b1698a5cd6a0aeb7ada78a7c9aa520ef') in 0.015169 seconds
Number of updated asset objects reloaded before import = 0
Number of asset objects unloaded after import = 3
========================================================================
Received Import Request.
  Time since last request: 0.000016 seconds.
  path: Assets/Pack 01 (Pixel Art)/PNG/Semi-wall 1.png
  artifactKey: Guid(6617768432486a044aceb30467d4e194) Importer(815301076,1909f56bfc062723c751e8b465ee728b)
Start importing Assets/Pack 01 (Pixel Art)/PNG/Semi-wall 1.png using Guid(6617768432486a044aceb30467d4e194) Importer(815301076,1909f56bfc062723c751e8b465ee728b)  -> (artifact id: 'b70e5d4c74795b7c25056912973cdff3') in 0.016247 seconds
Number of updated asset objects reloaded before import = 0
Number of asset objects unloaded after import = 3
========================================================================
Received Import Request.
  Time since last request: 0.000015 seconds.
  path: Assets/Pack 01 (Pixel Art)/PNG/Small Machine 1.png
  artifactKey: Guid(a4e9d6e193f44e14fa08ecc75b4aa811) Importer(815301076,1909f56bfc062723c751e8b465ee728b)
Start importing Assets/Pack 01 (Pixel Art)/PNG/Small Machine 1.png using Guid(a4e9d6e193f44e14fa08ecc75b4aa811) Importer(815301076,1909f56bfc062723c751e8b465ee728b)  -> (artifact id: 'beb55a0e32f222a6b182b0dd27a90259') in 0.016806 seconds
Number of updated asset objects reloaded before import = 0
Number of asset objects unloaded after import = 3
========================================================================
Received Import Request.
  Time since last request: 4.914949 seconds.
  path: Assets/Pack 01 (Pixel Art)/PNG/Stairs 2.png
  artifactKey: Guid(7aa76939e5e6e3c448607f3fd0f9cb6d) Importer(815301076,1909f56bfc062723c751e8b465ee728b)
Start importing Assets/Pack 01 (Pixel Art)/PNG/Stairs 2.png using Guid(7aa76939e5e6e3c448607f3fd0f9cb6d) Importer(815301076,1909f56bfc062723c751e8b465ee728b)  -> (artifact id: '2018d99753f6f6fc829c7324826e8270') in 0.016538 seconds
Number of updated asset objects reloaded before import = 0
Number of asset objects unloaded after import = 3
========================================================================
Received Import Request.
  Time since last request: 0.000014 seconds.
  path: Assets/Pack 01 (Pixel Art)/PNG/Teleportation copie.png
  artifactKey: Guid(93bf31d34e6bcb947ba340c87963a3af) Importer(815301076,1909f56bfc062723c751e8b465ee728b)
Start importing Assets/Pack 01 (Pixel Art)/PNG/Teleportation copie.png using Guid(93bf31d34e6bcb947ba340c87963a3af) Importer(815301076,1909f56bfc062723c751e8b465ee728b)  -> (artifact id: '32fa619f48ea6488dc79bccea48afd9f') in 0.016245 seconds
Number of updated asset objects reloaded before import = 0
Number of asset objects unloaded after import = 3
========================================================================
Received Import Request.
  Time since last request: 0.000014 seconds.
  path: Assets/Pack 01 (Pixel Art)/PNG/Teleportation.png
  artifactKey: Guid(11a0abfa311cad64ab2cc7fafcbaa81f) Importer(815301076,1909f56bfc062723c751e8b465ee728b)
Start importing Assets/Pack 01 (Pixel Art)/PNG/Teleportation.png using Guid(11a0abfa311cad64ab2cc7fafcbaa81f) Importer(815301076,1909f56bfc062723c751e8b465ee728b)  -> (artifact id: '6ba3b93377b48d12bbecf8f293340960') in 0.017545 seconds
Number of updated asset objects reloaded before import = 0
Number of asset objects unloaded after import = 3
========================================================================
Received Import Request.
  Time since last request: 0.000019 seconds.
  path: Assets/Pack 01 (Pixel Art)/PNG/Wall 4 Light.png
  artifactKey: Guid(8d3924802c03c444ea5427c36180621e) Importer(815301076,1909f56bfc062723c751e8b465ee728b)
Start importing Assets/Pack 01 (Pixel Art)/PNG/Wall 4 Light.png using Guid(8d3924802c03c444ea5427c36180621e) Importer(815301076,1909f56bfc062723c751e8b465ee728b)  -> (artifact id: 'c3a1bb258b5770334ffd76525b48e2d0') in 0.016506 seconds
Number of updated asset objects reloaded before import = 0
Number of asset objects unloaded after import = 3
========================================================================
Received Import Request.
  Time since last request: 0.000014 seconds.
  path: Assets/Pack 01 (Pixel Art)/PNG/Wall 2.png
  artifactKey: Guid(71fb7925e82fac842a19135967e745b3) Importer(815301076,1909f56bfc062723c751e8b465ee728b)
Start importing Assets/Pack 01 (Pixel Art)/PNG/Wall 2.png using Guid(71fb7925e82fac842a19135967e745b3) Importer(815301076,1909f56bfc062723c751e8b465ee728b)  -> (artifact id: '30b0fe4884703e752517e49d2035555b') in 0.018301 seconds
Number of updated asset objects reloaded before import = 0
Number of asset objects unloaded after import = 3
========================================================================
Received Import Request.
  Time since last request: 0.463239 seconds.
  path: Assets/Pack 01 (Pixel Art)/PNG/Wall and window.png
  artifactKey: Guid(68aae25c0a03d7a4e9f77be4759b7b2c) Importer(815301076,1909f56bfc062723c751e8b465ee728b)
Start importing Assets/Pack 01 (Pixel Art)/PNG/Wall and window.png using Guid(68aae25c0a03d7a4e9f77be4759b7b2c) Importer(815301076,1909f56bfc062723c751e8b465ee728b)  -> (artifact id: '5d88812721aac400c3ac945888452380') in 0.015277 seconds
Number of updated asset objects reloaded before import = 0
Number of asset objects unloaded after import = 3
========================================================================
Received Import Request.
  Time since last request: 0.000017 seconds.
  path: Assets/Pack 01 (Pixel Art)/PNG/Wall device.png
  artifactKey: Guid(2a2adaee00e11c84b8fb68af89677354) Importer(815301076,1909f56bfc062723c751e8b465ee728b)
Start importing Assets/Pack 01 (Pixel Art)/PNG/Wall device.png using Guid(2a2adaee00e11c84b8fb68af89677354) Importer(815301076,1909f56bfc062723c751e8b465ee728b)  -> (artifact id: 'd762678b8e2307843e21723b742d3946') in 0.016608 seconds
Number of updated asset objects reloaded before import = 0
Number of asset objects unloaded after import = 3
========================================================================
Received Import Request.
  Time since last request: 0.000044 seconds.
  path: Assets/Pack 01 (Pixel Art)/PNG/Wall electric pannel 1.png
  artifactKey: Guid(de8dbd7018034d740a804c2520f6f927) Importer(815301076,1909f56bfc062723c751e8b465ee728b)
Start importing Assets/Pack 01 (Pixel Art)/PNG/Wall electric pannel 1.png using Guid(de8dbd7018034d740a804c2520f6f927) Importer(815301076,1909f56bfc062723c751e8b465ee728b)  -> (artifact id: '2d7f190cbcf2abe402c149969fe54ecf') in 0.016670 seconds
Number of updated asset objects reloaded before import = 0
Number of asset objects unloaded after import = 3
Editor requested this worker to shutdown with reason: Scaling down because of idle timeout
TcpMessagingSession - receive error: operation aborted. errorcode: 995, details: A operao de E/S foi anulada devido a uma sada de thread ou a uma requisio de aplicativo.
AssetImportWorker is now disconnected from the server
Process exiting
Exiting without the bug reporter. Application will terminate with return code 0