Using pre-set license
Built from '2022.3/staging' branch; Version is '2022.3.19f1 (244b723c30a6) revision 2378610'; Using compiler version '192829333'; Build Type 'Release'
OS: 'Windows 11  (10.0.22631) 64bit Education' Language: 'pt' Physical Memory: 16053 MB
BatchMode: 1, IsHumanControllingUs: 0, StartBugReporterOnCrash: 0, Is64bit: 1, IsPro: 1

COMMAND LINE ARGUMENTS:
C:\Program Files\Unity\Hub\Editor\2022.3.19f1\Editor\Unity.exe
-adb2
-batchMode
-noUpm
-name
AssetImportWorker12
-projectPath
C:/Users/ra00359331/Documents/GitHub/MegamanRemix
-logFile
Logs/AssetImportWorker12.log
-srvPort
57901
Successfully changed project path to: C:/Users/ra00359331/Documents/GitHub/MegamanRemix
C:/Users/ra00359331/Documents/GitHub/MegamanRemix
[UnityMemory] Configuration Parameters - Can be set up in boot.config
    "memorysetup-bucket-allocator-granularity=16"
    "memorysetup-bucket-allocator-bucket-count=8"
    "memorysetup-bucket-allocator-block-size=33554432"
    "memorysetup-bucket-allocator-block-count=8"
    "memorysetup-main-allocator-block-size=16777216"
    "memorysetup-thread-allocator-block-size=16777216"
    "memorysetup-gfx-main-allocator-block-size=16777216"
    "memorysetup-gfx-thread-allocator-block-size=16777216"
    "memorysetup-cache-allocator-block-size=4194304"
    "memorysetup-typetree-allocator-block-size=2097152"
    "memorysetup-profiler-bucket-allocator-granularity=16"
    "memorysetup-profiler-bucket-allocator-bucket-count=8"
    "memorysetup-profiler-bucket-allocator-block-size=33554432"
    "memorysetup-profiler-bucket-allocator-block-count=8"
    "memorysetup-profiler-allocator-block-size=16777216"
    "memorysetup-profiler-editor-allocator-block-size=1048576"
    "memorysetup-temp-allocator-size-main=16777216"
    "memorysetup-job-temp-allocator-block-size=2097152"
    "memorysetup-job-temp-allocator-block-size-background=1048576"
    "memorysetup-job-temp-allocator-reduction-small-platforms=262144"
    "memorysetup-allocator-temp-initial-block-size-main=262144"
    "memorysetup-allocator-temp-initial-block-size-worker=262144"
    "memorysetup-temp-allocator-size-background-worker=32768"
    "memorysetup-temp-allocator-size-job-worker=262144"
    "memorysetup-temp-allocator-size-preload-manager=33554432"
    "memorysetup-temp-allocator-size-nav-mesh-worker=65536"
    "memorysetup-temp-allocator-size-audio-worker=65536"
    "memorysetup-temp-allocator-size-cloud-worker=32768"
    "memorysetup-temp-allocator-size-gi-baking-worker=262144"
    "memorysetup-temp-allocator-size-gfx=262144"
Player connection [32136] Host "[IP] 172.17.12.15 [Port] 0 [Flags] 2 [Guid] 970895090 [EditorId] 970895090 [Version] 1048832 [Id] WindowsEditor(7,DSP-BRJ3055CC4) [Debug] 1 [PackageName] WindowsEditor [ProjectName] Editor" joined multi-casting on [225.0.0.222:54997]...

Player connection [32136] Host "[IP] 172.17.12.15 [Port] 0 [Flags] 2 [Guid] 970895090 [EditorId] 970895090 [Version] 1048832 [Id] WindowsEditor(7,DSP-BRJ3055CC4) [Debug] 1 [PackageName] WindowsEditor [ProjectName] Editor" joined alternative multi-casting on [225.0.0.222:34997]...

[Physics::Module] Initialized MultithreadedJobDispatcher with 19 workers.
Refreshing native plugins compatible for Editor in 0.66 ms, found 0 plugins.
Preloading 0 native plugins for Editor in 0.00 ms.
Initialize engine version: 2022.3.19f1 (244b723c30a6)
[Subsystems] Discovering subsystems at path C:/Program Files/Unity/Hub/Editor/2022.3.19f1/Editor/Data/Resources/UnitySubsystems
[Subsystems] Discovering subsystems at path C:/Users/ra00359331/Documents/GitHub/MegamanRemix/Assets
GfxDevice: creating device client; threaded=0; jobified=0
Direct3D:
    Version:  Direct3D 11.0 [level 11.1]
    Renderer: NVIDIA T400 4GB (ID=0x1ff2)
    Vendor:   NVIDIA
    VRAM:     3943 MB
    Driver:   31.0.15.5362
Initialize mono
Mono path[0] = 'C:/Program Files/Unity/Hub/Editor/2022.3.19f1/Editor/Data/Managed'
Mono path[1] = 'C:/Program Files/Unity/Hub/Editor/2022.3.19f1/Editor/Data/MonoBleedingEdge/lib/mono/unityjit-win32'
Mono config path = 'C:/Program Files/Unity/Hub/Editor/2022.3.19f1/Editor/Data/MonoBleedingEdge/etc'
Using monoOptions --debugger-agent=transport=dt_socket,embedding=1,server=y,suspend=n,address=127.0.0.1:56332
Begin MonoManager ReloadAssembly
Registering precompiled unity dll's ...
Register platform support module: C:/Program Files/Unity/Hub/Editor/2022.3.19f1/Editor/Data/PlaybackEngines/AndroidPlayer/UnityEditor.Android.Extensions.dll
Register platform support module: C:/Program Files/Unity/Hub/Editor/2022.3.19f1/Editor/Data/PlaybackEngines/iOSSupport/UnityEditor.iOS.Extensions.dll
Register platform support module: C:/Program Files/Unity/Hub/Editor/2022.3.19f1/Editor/Data/PlaybackEngines/WindowsStandaloneSupport/UnityEditor.WindowsStandalone.Extensions.dll
Register platform support module: C:/Program Files/Unity/Hub/Editor/2022.3.19f1/Editor/Data/PlaybackEngines/MetroSupport/UnityEditor.UWP.Extensions.dll
Registered in 0.004983 seconds.
- Loaded All Assemblies, in  0.241 seconds
Native extension for UWP target not found
Native extension for WindowsStandalone target not found
[usbmuxd] Start listen thread
[usbmuxd] Listen thread started
Native extension for iOS target not found
Native extension for Android target not found
Win32Exception: A operação foi concluída com êxito.
  at System.Diagnostics.Process.Kill () [0x00018] in <babece01671744c6913f4a167b091f9e>:0 
  at (wrapper remoting-invoke-with-check) System.Diagnostics.Process.Kill()
  at UnityEditor.Android.AndroidDeploymentTargetsExtension.GetKnownTargets (UnityEditor.DeploymentTargets.IDeploymentTargetsMainThreadContext context, UnityEditor.ProgressHandler progressHandler) [0x0014a] in <c91765c32a844aad92ce9b6c6b9d05f7>:0 
  at UnityEditor.Android.TargetScanWorker.ScanSync () [0x00039] in <c91765c32a844aad92ce9b6c6b9d05f7>:0 
  at UnityEditor.Android.TargetExtension.OnUsbDevicesChanged (UnityEditor.Hardware.UsbDevice[] usbDevices) [0x00081] in <c91765c32a844aad92ce9b6c6b9d05f7>:0 
  at UnityEditor.Android.TargetExtension.OnLoad () [0x000ad] in <c91765c32a844aad92ce9b6c6b9d05f7>:0 
  at UnityEditor.Modules.ModuleManager.InitializePlatformSupportModules () [0x0009d] in <2acbecbc299e4654adc94df891af51f2>:0 

Mono: successfully reloaded assembly
- Finished resetting the current domain, in  0.372 seconds
Domain Reload Profiling: 612ms
	BeginReloadAssembly (75ms)
		ExecutionOrderSort (0ms)
		DisableScriptedObjects (0ms)
		BackupInstance (0ms)
		ReleaseScriptingObjects (0ms)
		CreateAndSetChildDomain (0ms)
	RebuildCommonClasses (22ms)
	RebuildNativeTypeToScriptingClass (7ms)
	initialDomainReloadingComplete (35ms)
	LoadAllAssembliesAndSetupDomain (101ms)
		LoadAssemblies (76ms)
		RebuildTransferFunctionScriptingTraits (0ms)
		AnalyzeDomain (99ms)
			TypeCache.Refresh (98ms)
				TypeCache.ScanAssembly (89ms)
			ScanForSourceGeneratedMonoScriptInfo (0ms)
			ResolveRequiredComponents (0ms)
	FinalizeReload (372ms)
		ReleaseScriptCaches (0ms)
		RebuildScriptCaches (0ms)
		SetupLoadedEditorAssemblies (336ms)
			LogAssemblyErrors (0ms)
			InitializePlatformSupportModulesInManaged (229ms)
			SetLoadedEditorAssemblies (3ms)
			RefreshPlugins (0ms)
			BeforeProcessingInitializeOnLoad (2ms)
			ProcessInitializeOnLoadAttributes (73ms)
			ProcessInitializeOnLoadMethodAttributes (29ms)
			AfterProcessingInitializeOnLoad (0ms)
			EditorAssembliesLoaded (0ms)
		ExecutionOrderSort2 (0ms)
		AwakeInstancesAfterBackupRestoration (0ms)
========================================================================
Worker process is ready to serve import requests
Begin MonoManager ReloadAssembly
- Loaded All Assemblies, in  0.249 seconds
Refreshing native plugins compatible for Editor in 0.23 ms, found 0 plugins.
Native extension for UWP target not found
Native extension for WindowsStandalone target not found
Native extension for iOS target not found
Native extension for Android target not found
Mono: successfully reloaded assembly
- Finished resetting the current domain, in  0.262 seconds
Domain Reload Profiling: 511ms
	BeginReloadAssembly (95ms)
		ExecutionOrderSort (0ms)
		DisableScriptedObjects (3ms)
		BackupInstance (0ms)
		ReleaseScriptingObjects (0ms)
		CreateAndSetChildDomain (14ms)
	RebuildCommonClasses (22ms)
	RebuildNativeTypeToScriptingClass (7ms)
	initialDomainReloadingComplete (23ms)
	LoadAllAssembliesAndSetupDomain (103ms)
		LoadAssemblies (125ms)
		RebuildTransferFunctionScriptingTraits (0ms)
		AnalyzeDomain (33ms)
			TypeCache.Refresh (26ms)
				TypeCache.ScanAssembly (19ms)
			ScanForSourceGeneratedMonoScriptInfo (4ms)
			ResolveRequiredComponents (3ms)
	FinalizeReload (262ms)
		ReleaseScriptCaches (0ms)
		RebuildScriptCaches (0ms)
		SetupLoadedEditorAssemblies (179ms)
			LogAssemblyErrors (0ms)
			InitializePlatformSupportModulesInManaged (37ms)
			SetLoadedEditorAssemblies (2ms)
			RefreshPlugins (0ms)
			BeforeProcessingInitializeOnLoad (24ms)
			ProcessInitializeOnLoadAttributes (96ms)
			ProcessInitializeOnLoadMethodAttributes (19ms)
			AfterProcessingInitializeOnLoad (2ms)
			EditorAssembliesLoaded (0ms)
		ExecutionOrderSort2 (0ms)
		AwakeInstancesAfterBackupRestoration (4ms)
Launched and connected shader compiler UnityShaderCompiler.exe after 0.02 seconds
Refreshing native plugins compatible for Editor in 0.52 ms, found 0 plugins.
Preloading 0 native plugins for Editor in 0.00 ms.
Unloading 1126 Unused Serialized files (Serialized files now loaded: 0)
Unloading 20 unused Assets / (52.4 KB). Loaded Objects now: 1607.
Memory consumption went from 82.1 MB to 82.0 MB.
Total: 3.685200 ms (FindLiveObjects: 0.110500 ms CreateObjectMapping: 0.033800 ms MarkObjects: 3.475400 ms  DeleteObjects: 0.064100 ms)

AssetImportParameters requested are different than current active one (requested -> active):
  custom:video-encoder-webm-vp8: eb34c28f22e8b96e1ab97ce403110664 -> 
  custom:video-decoder-webm-vp8: 9c59270c3fd7afecdb556c50c9e8de78 -> 
  custom:audio-decoder-ogg-vorbis: bf7c407c2cedff20999df2af8eb42d56 -> 
  custom:SearchIndexIgnoredProperties: e643bd26f0fe6173181afceb89e7c659 -> 
  custom:container-demuxer-ogg: 62fdf1f143b41e24485cea50d1cbac27 -> 
  custom:AudioImporter_EditorPlatform: d09bf68614088b80899f8185d706f6e7 -> 
  custom:CustomObjectIndexerAttribute: 6d391050e5a25f67b0a2c618074f2cd9 -> 
  custom:container-demuxer-webm: 4f35f7cbe854078d1ac9338744f61a02 -> 
  custom:video-codec-MediaFoundation-h265: 746d11721c4dcdbdad8f713fa42b33f4 -> 
  custom:video-decoder-ogg-theora: a1e56fd34408186e4bbccfd4996cb3dc -> 
  custom:audio-encoder-webm-vorbis: bf7c407c2cedff20999df2af8eb42d56 -> 
  custom:framework-win-MediaFoundation: 216162199b28c13a410421893ffa2e32 -> 
  custom:container-muxer-webm: aa71ff27fc2769a1b78a27578f13a17b -> 
========================================================================
Received Import Request.
  Time since last request: 7782.408251 seconds.
  path: Assets/AnimNovo/Jump/JumpUp/Impulso 2 (2-14).png
  artifactKey: Guid(0f0be7f7b3867bb4c9a8970ce6c400e5) Importer(815301076,1909f56bfc062723c751e8b465ee728b)
Start importing Assets/AnimNovo/Jump/JumpUp/Impulso 2 (2-14).png using Guid(0f0be7f7b3867bb4c9a8970ce6c400e5) Importer(815301076,1909f56bfc062723c751e8b465ee728b)  -> (artifact id: '6d6b38977af4b644af4e7581ac633196') in 0.068162 seconds
Number of updated asset objects reloaded before import = 0
Number of asset objects unloaded after import = 3
========================================================================
Received Import Request.
  Time since last request: 31.889766 seconds.
  path: Assets/AnimNovo/Jump/JumpFly/Estável 2 (7-14).png
  artifactKey: Guid(97889b753fb35574895f57b854325def) Importer(815301076,1909f56bfc062723c751e8b465ee728b)
Start importing Assets/AnimNovo/Jump/JumpFly/Estável 2 (7-14).png using Guid(97889b753fb35574895f57b854325def) Importer(815301076,1909f56bfc062723c751e8b465ee728b)  -> (artifact id: 'c0f10db585136af8e8823b72d1cbe9e4') in 0.013010 seconds
Number of updated asset objects reloaded before import = 0
Number of asset objects unloaded after import = 3
========================================================================
Received Import Request.
  Time since last request: 25.647787 seconds.
  path: Assets/AnimNovo/Jump/JumpDown/Equilibrando 2 (13-14).png
  artifactKey: Guid(f919a3559cbd50343a233c8e86fc70fc) Importer(815301076,1909f56bfc062723c751e8b465ee728b)
Start importing Assets/AnimNovo/Jump/JumpDown/Equilibrando 2 (13-14).png using Guid(f919a3559cbd50343a233c8e86fc70fc) Importer(815301076,1909f56bfc062723c751e8b465ee728b)  -> (artifact id: '8196ec5efc00c97d95bab63ea6c1271d') in 0.013405 seconds
Number of updated asset objects reloaded before import = 0
Number of asset objects unloaded after import = 3
========================================================================
Received Import Request.
  Time since last request: 11.538089 seconds.
  path: Assets/AnimNovo/Jump/JumpFly/Caindo 2 (9-14).png
  artifactKey: Guid(382a9f4b45b48e94bad3464f1ae70a9d) Importer(815301076,1909f56bfc062723c751e8b465ee728b)
Start importing Assets/AnimNovo/Jump/JumpFly/Caindo 2 (9-14).png using Guid(382a9f4b45b48e94bad3464f1ae70a9d) Importer(815301076,1909f56bfc062723c751e8b465ee728b)  -> (artifact id: '3ea5e906c6ed2bf5086c7a66b2027ffa') in 0.015421 seconds
Number of updated asset objects reloaded before import = 0
Number of asset objects unloaded after import = 3
========================================================================
Received Import Request.
  Time since last request: 0.000015 seconds.
  path: Assets/AnimNovo/Jump/JumpFly/Caindo 4 (11-14).png
  artifactKey: Guid(6d4d03301d2b73d4dac7db5c17a2c758) Importer(815301076,1909f56bfc062723c751e8b465ee728b)
Start importing Assets/AnimNovo/Jump/JumpFly/Caindo 4 (11-14).png using Guid(6d4d03301d2b73d4dac7db5c17a2c758) Importer(815301076,1909f56bfc062723c751e8b465ee728b)  -> (artifact id: '78afbbd4c8cd1fd313b0e66e148746a4') in 0.012857 seconds
Number of updated asset objects reloaded before import = 0
Number of asset objects unloaded after import = 3
========================================================================
Received Import Request.
  Time since last request: 77.859361 seconds.
  path: Assets/AnimNovo/Jump/JumpUp/Estável 1 (6-14).png
  artifactKey: Guid(2fb645fbc4379d44496e06061b75c195) Importer(815301076,1909f56bfc062723c751e8b465ee728b)
Start importing Assets/AnimNovo/Jump/JumpUp/Estável 1 (6-14).png using Guid(2fb645fbc4379d44496e06061b75c195) Importer(815301076,1909f56bfc062723c751e8b465ee728b)  -> (artifact id: '39045ebe61812b83164a68892f81eb42') in 0.027257 seconds
Number of updated asset objects reloaded before import = 0
Number of asset objects unloaded after import = 3
========================================================================
Received Import Request.
  Time since last request: 104.089136 seconds.
  path: Assets/AnimNovo/Jump/JumpUp/Impulso 1 (1-14).png
  artifactKey: Guid(9100bba2ecce230418db49d52a4d7f3a) Importer(815301076,1909f56bfc062723c751e8b465ee728b)
Start importing Assets/AnimNovo/Jump/JumpUp/Impulso 1 (1-14).png using Guid(9100bba2ecce230418db49d52a4d7f3a) Importer(815301076,1909f56bfc062723c751e8b465ee728b)  -> (artifact id: '7b91725d47e9ddbad858c0e7c83d9a84') in 0.009149 seconds
Number of updated asset objects reloaded before import = 0
Number of asset objects unloaded after import = 3
========================================================================
Received Import Request.
  Time since last request: 0.000012 seconds.
  path: Assets/AnimNovo/Jump/JumpUp/Estável 2 (7-14).png
  artifactKey: Guid(2d706fc6e6d4b3c48bff840efc5770a5) Importer(815301076,1909f56bfc062723c751e8b465ee728b)
Start importing Assets/AnimNovo/Jump/JumpUp/Estável 2 (7-14).png using Guid(2d706fc6e6d4b3c48bff840efc5770a5) Importer(815301076,1909f56bfc062723c751e8b465ee728b)  -> (artifact id: '89a6b284522940c5f3d97367dee3006b') in 0.117019 seconds
Number of updated asset objects reloaded before import = 0
Number of asset objects unloaded after import = 3
========================================================================
Received Import Request.
  Time since last request: 0.000061 seconds.
  path: Assets/AnimNovo/Jump/JumpUp/Impulso 2 (2-14).png
  artifactKey: Guid(0f0be7f7b3867bb4c9a8970ce6c400e5) Importer(815301076,1909f56bfc062723c751e8b465ee728b)
Start importing Assets/AnimNovo/Jump/JumpUp/Impulso 2 (2-14).png using Guid(0f0be7f7b3867bb4c9a8970ce6c400e5) Importer(815301076,1909f56bfc062723c751e8b465ee728b)  -> (artifact id: '06ba35a1b79ab62b80b687ac1b75a9b0') in 0.119830 seconds
Number of updated asset objects reloaded before import = 0
Number of asset objects unloaded after import = 3
========================================================================
Received Import Request.
  Time since last request: 0.000067 seconds.
  path: Assets/AnimNovo/Jump/JumpUp/Para cima 2 (4-14).png
  artifactKey: Guid(5b5d8aaba3be49f4ebf9d0d158272a71) Importer(815301076,1909f56bfc062723c751e8b465ee728b)
Start importing Assets/AnimNovo/Jump/JumpUp/Para cima 2 (4-14).png using Guid(5b5d8aaba3be49f4ebf9d0d158272a71) Importer(815301076,1909f56bfc062723c751e8b465ee728b)  -> (artifact id: '3279a184a5391a1fb18ed98cd37b0e1b') in 0.032658 seconds
Number of updated asset objects reloaded before import = 0
Number of asset objects unloaded after import = 3
========================================================================
Received Import Request.
  Time since last request: 10.196347 seconds.
  path: Assets/AnimNovo/Jump/JumpUp/Estável 1 (6-14).png
  artifactKey: Guid(2fb645fbc4379d44496e06061b75c195) Importer(815301076,1909f56bfc062723c751e8b465ee728b)
Start importing Assets/AnimNovo/Jump/JumpUp/Estável 1 (6-14).png using Guid(2fb645fbc4379d44496e06061b75c195) Importer(815301076,1909f56bfc062723c751e8b465ee728b)  -> (artifact id: '26172f668635b293869d6644e3dd59f5') in 0.015345 seconds
Number of updated asset objects reloaded before import = 0
Number of asset objects unloaded after import = 3
========================================================================
Received Import Request.
  Time since last request: 0.000012 seconds.
  path: Assets/AnimNovo/Jump/JumpUp/Impulso 2 (2-14).png
  artifactKey: Guid(0f0be7f7b3867bb4c9a8970ce6c400e5) Importer(815301076,1909f56bfc062723c751e8b465ee728b)
Start importing Assets/AnimNovo/Jump/JumpUp/Impulso 2 (2-14).png using Guid(0f0be7f7b3867bb4c9a8970ce6c400e5) Importer(815301076,1909f56bfc062723c751e8b465ee728b)  -> (artifact id: '92f70156b727c37b1b20f4c1473ca21c') in 0.120068 seconds
Number of updated asset objects reloaded before import = 0
Number of asset objects unloaded after import = 3
========================================================================
Received Import Request.
  Time since last request: 13.386706 seconds.
  path: Assets/AnimNovo/Jump/JumpUp/Estável 1 (6-14).png
  artifactKey: Guid(2fb645fbc4379d44496e06061b75c195) Importer(815301076,1909f56bfc062723c751e8b465ee728b)
Start importing Assets/AnimNovo/Jump/JumpUp/Estável 1 (6-14).png using Guid(2fb645fbc4379d44496e06061b75c195) Importer(815301076,1909f56bfc062723c751e8b465ee728b)  -> (artifact id: 'e9f4abf47a569b302a4bcc38c1240d5b') in 0.062422 seconds
Number of updated asset objects reloaded before import = 0
Number of asset objects unloaded after import = 3
========================================================================
Received Import Request.
  Time since last request: 0.000065 seconds.
  path: Assets/AnimNovo/Jump/JumpUp/Para cima 2 (4-14).png
  artifactKey: Guid(5b5d8aaba3be49f4ebf9d0d158272a71) Importer(815301076,1909f56bfc062723c751e8b465ee728b)
Start importing Assets/AnimNovo/Jump/JumpUp/Para cima 2 (4-14).png using Guid(5b5d8aaba3be49f4ebf9d0d158272a71) Importer(815301076,1909f56bfc062723c751e8b465ee728b)  -> (artifact id: '785bc1819137268cdb60d24bb08dcb66') in 0.136681 seconds
Number of updated asset objects reloaded before import = 0
Number of asset objects unloaded after import = 3
========================================================================
Received Import Request.
  Time since last request: 132.885704 seconds.
  path: Assets/AnimNovo/Jump/JumpFly/Caindo 3 (10-14).png
  artifactKey: Guid(17ee1292598773a4799101be1f2301a6) Importer(815301076,1909f56bfc062723c751e8b465ee728b)
Start importing Assets/AnimNovo/Jump/JumpFly/Caindo 3 (10-14).png using Guid(17ee1292598773a4799101be1f2301a6) Importer(815301076,1909f56bfc062723c751e8b465ee728b)  -> (artifact id: '91fdb7119deb23a157629f2b95f25660') in 0.039350 seconds
Number of updated asset objects reloaded before import = 0
Number of asset objects unloaded after import = 3
========================================================================
Received Import Request.
  Time since last request: 0.000015 seconds.
  path: Assets/AnimNovo/Jump/JumpFly/Caindo 2 (9-14).png
  artifactKey: Guid(382a9f4b45b48e94bad3464f1ae70a9d) Importer(815301076,1909f56bfc062723c751e8b465ee728b)
Start importing Assets/AnimNovo/Jump/JumpFly/Caindo 2 (9-14).png using Guid(382a9f4b45b48e94bad3464f1ae70a9d) Importer(815301076,1909f56bfc062723c751e8b465ee728b)  -> (artifact id: '816ed39df8f991bc192d5989306e7dc0') in 0.015397 seconds
Number of updated asset objects reloaded before import = 0
Number of asset objects unloaded after import = 3
========================================================================
Received Import Request.
  Time since last request: 55.120721 seconds.
  path: Assets/AnimNovo/Jump/JumpDown/Equilibrando 3 (14-14).png
  artifactKey: Guid(93a65d182229b954a978cca43a3d991f) Importer(815301076,1909f56bfc062723c751e8b465ee728b)
Start importing Assets/AnimNovo/Jump/JumpDown/Equilibrando 3 (14-14).png using Guid(93a65d182229b954a978cca43a3d991f) Importer(815301076,1909f56bfc062723c751e8b465ee728b)  -> (artifact id: 'be7828a8923405148cc8ad1172ac4fae') in 0.016564 seconds
Number of updated asset objects reloaded before import = 0
Number of asset objects unloaded after import = 3
========================================================================
Received Import Request.
  Time since last request: 0.000013 seconds.
  path: Assets/AnimNovo/Jump/JumpDown/Equilibrando 2 (13-14).png
  artifactKey: Guid(f919a3559cbd50343a233c8e86fc70fc) Importer(815301076,1909f56bfc062723c751e8b465ee728b)
Start importing Assets/AnimNovo/Jump/JumpDown/Equilibrando 2 (13-14).png using Guid(f919a3559cbd50343a233c8e86fc70fc) Importer(815301076,1909f56bfc062723c751e8b465ee728b)  -> (artifact id: 'e644f110ed895b53f669209135203fc7') in 0.033752 seconds
Number of updated asset objects reloaded before import = 0
Number of asset objects unloaded after import = 3
========================================================================
Received Prepare
Begin MonoManager ReloadAssembly
- Loaded All Assemblies, in  0.210 seconds
Refreshing native plugins compatible for Editor in 0.29 ms, found 0 plugins.
Native extension for UWP target not found
Native extension for WindowsStandalone target not found
Native extension for iOS target not found
Native extension for Android target not found
Mono: successfully reloaded assembly
- Finished resetting the current domain, in  0.308 seconds
Domain Reload Profiling: 517ms
	BeginReloadAssembly (98ms)
		ExecutionOrderSort (0ms)
		DisableScriptedObjects (4ms)
		BackupInstance (0ms)
		ReleaseScriptingObjects (0ms)
		CreateAndSetChildDomain (18ms)
	RebuildCommonClasses (22ms)
	RebuildNativeTypeToScriptingClass (7ms)
	initialDomainReloadingComplete (15ms)
	LoadAllAssembliesAndSetupDomain (68ms)
		LoadAssemblies (117ms)
		RebuildTransferFunctionScriptingTraits (0ms)
		AnalyzeDomain (5ms)
			TypeCache.Refresh (3ms)
				TypeCache.ScanAssembly (0ms)
			ScanForSourceGeneratedMonoScriptInfo (0ms)
			ResolveRequiredComponents (2ms)
	FinalizeReload (308ms)
		ReleaseScriptCaches (0ms)
		RebuildScriptCaches (0ms)
		SetupLoadedEditorAssemblies (164ms)
			LogAssemblyErrors (0ms)
			InitializePlatformSupportModulesInManaged (21ms)
			SetLoadedEditorAssemblies (2ms)
			RefreshPlugins (0ms)
			BeforeProcessingInitializeOnLoad (24ms)
			ProcessInitializeOnLoadAttributes (98ms)
			ProcessInitializeOnLoadMethodAttributes (17ms)
			AfterProcessingInitializeOnLoad (2ms)
			EditorAssembliesLoaded (0ms)
		ExecutionOrderSort2 (0ms)
		AwakeInstancesAfterBackupRestoration (4ms)
Refreshing native plugins compatible for Editor in 0.32 ms, found 0 plugins.
Preloading 0 native plugins for Editor in 0.00 ms.
Unloading 1118 Unused Serialized files (Serialized files now loaded: 0)
Unloading 10 unused Assets / (24.3 KB). Loaded Objects now: 1615.
Memory consumption went from 82.5 MB to 82.5 MB.
Total: 2.761200 ms (FindLiveObjects: 0.211200 ms CreateObjectMapping: 0.047600 ms MarkObjects: 2.473000 ms  DeleteObjects: 0.028000 ms)

Prepare: number of updated asset objects reloaded= 0
AssetImportParameters requested are different than current active one (requested -> active):
  custom:video-encoder-webm-vp8: eb34c28f22e8b96e1ab97ce403110664 -> 
  custom:video-decoder-webm-vp8: 9c59270c3fd7afecdb556c50c9e8de78 -> 
  custom:audio-decoder-ogg-vorbis: bf7c407c2cedff20999df2af8eb42d56 -> 
  custom:SearchIndexIgnoredProperties: e643bd26f0fe6173181afceb89e7c659 -> 
  custom:container-demuxer-ogg: 62fdf1f143b41e24485cea50d1cbac27 -> 
  custom:AudioImporter_EditorPlatform: d09bf68614088b80899f8185d706f6e7 -> 
  custom:CustomObjectIndexerAttribute: 6d391050e5a25f67b0a2c618074f2cd9 -> 
  custom:container-demuxer-webm: 4f35f7cbe854078d1ac9338744f61a02 -> 
  custom:video-codec-MediaFoundation-h265: 746d11721c4dcdbdad8f713fa42b33f4 -> 
  custom:video-decoder-ogg-theora: a1e56fd34408186e4bbccfd4996cb3dc -> 
  custom:audio-encoder-webm-vorbis: bf7c407c2cedff20999df2af8eb42d56 -> 
  custom:framework-win-MediaFoundation: 216162199b28c13a410421893ffa2e32 -> 
  custom:container-muxer-webm: aa71ff27fc2769a1b78a27578f13a17b -> 
