Using pre-set license
Built from '2022.3/staging' branch; Version is '2022.3.19f1 (244b723c30a6) revision 2378610'; Using compiler version '192829333'; Build Type 'Release'
OS: 'Windows 11  (10.0.22631) 64bit Education' Language: 'pt' Physical Memory: 16053 MB
BatchMode: 1, IsHumanControllingUs: 0, StartBugReporterOnCrash: 0, Is64bit: 1, IsPro: 1

COMMAND LINE ARGUMENTS:
C:\Program Files\Unity\Hub\Editor\2022.3.19f1\Editor\Unity.exe
-adb2
-batchMode
-noUpm
-name
AssetImportWorker5
-projectPath
C:/Users/ra00359331/Documents/GitHub/MegamanRemix
-logFile
Logs/AssetImportWorker5.log
-srvPort
57901
Successfully changed project path to: C:/Users/ra00359331/Documents/GitHub/MegamanRemix
C:/Users/ra00359331/Documents/GitHub/MegamanRemix
[UnityMemory] Configuration Parameters - Can be set up in boot.config
    "memorysetup-bucket-allocator-granularity=16"
    "memorysetup-bucket-allocator-bucket-count=8"
    "memorysetup-bucket-allocator-block-size=33554432"
    "memorysetup-bucket-allocator-block-count=8"
    "memorysetup-main-allocator-block-size=16777216"
    "memorysetup-thread-allocator-block-size=16777216"
    "memorysetup-gfx-main-allocator-block-size=16777216"
    "memorysetup-gfx-thread-allocator-block-size=16777216"
    "memorysetup-cache-allocator-block-size=4194304"
    "memorysetup-typetree-allocator-block-size=2097152"
    "memorysetup-profiler-bucket-allocator-granularity=16"
    "memorysetup-profiler-bucket-allocator-bucket-count=8"
    "memorysetup-profiler-bucket-allocator-block-size=33554432"
    "memorysetup-profiler-bucket-allocator-block-count=8"
    "memorysetup-profiler-allocator-block-size=16777216"
    "memorysetup-profiler-editor-allocator-block-size=1048576"
    "memorysetup-temp-allocator-size-main=16777216"
    "memorysetup-job-temp-allocator-block-size=2097152"
    "memorysetup-job-temp-allocator-block-size-background=1048576"
    "memorysetup-job-temp-allocator-reduction-small-platforms=262144"
    "memorysetup-allocator-temp-initial-block-size-main=262144"
    "memorysetup-allocator-temp-initial-block-size-worker=262144"
    "memorysetup-temp-allocator-size-background-worker=32768"
    "memorysetup-temp-allocator-size-job-worker=262144"
    "memorysetup-temp-allocator-size-preload-manager=33554432"
    "memorysetup-temp-allocator-size-nav-mesh-worker=65536"
    "memorysetup-temp-allocator-size-audio-worker=65536"
    "memorysetup-temp-allocator-size-cloud-worker=32768"
    "memorysetup-temp-allocator-size-gi-baking-worker=262144"
    "memorysetup-temp-allocator-size-gfx=262144"
Player connection [24496] Host "[IP] 172.17.12.15 [Port] 0 [Flags] 2 [Guid] 2332825540 [EditorId] 2332825540 [Version] 1048832 [Id] WindowsEditor(7,DSP-BRJ3055CC4) [Debug] 1 [PackageName] WindowsEditor [ProjectName] Editor" joined multi-casting on [225.0.0.222:54997]...

Player connection [24496] Host "[IP] 172.17.12.15 [Port] 0 [Flags] 2 [Guid] 2332825540 [EditorId] 2332825540 [Version] 1048832 [Id] WindowsEditor(7,DSP-BRJ3055CC4) [Debug] 1 [PackageName] WindowsEditor [ProjectName] Editor" joined alternative multi-casting on [225.0.0.222:34997]...

[Physics::Module] Initialized MultithreadedJobDispatcher with 19 workers.
Refreshing native plugins compatible for Editor in 0.76 ms, found 0 plugins.
Preloading 0 native plugins for Editor in 0.00 ms.
Initialize engine version: 2022.3.19f1 (244b723c30a6)
[Subsystems] Discovering subsystems at path C:/Program Files/Unity/Hub/Editor/2022.3.19f1/Editor/Data/Resources/UnitySubsystems
[Subsystems] Discovering subsystems at path C:/Users/ra00359331/Documents/GitHub/MegamanRemix/Assets
GfxDevice: creating device client; threaded=0; jobified=0
Direct3D:
    Version:  Direct3D 11.0 [level 11.1]
    Renderer: NVIDIA T400 4GB (ID=0x1ff2)
    Vendor:   NVIDIA
    VRAM:     3943 MB
    Driver:   31.0.15.5362
Initialize mono
Mono path[0] = 'C:/Program Files/Unity/Hub/Editor/2022.3.19f1/Editor/Data/Managed'
Mono path[1] = 'C:/Program Files/Unity/Hub/Editor/2022.3.19f1/Editor/Data/MonoBleedingEdge/lib/mono/unityjit-win32'
Mono config path = 'C:/Program Files/Unity/Hub/Editor/2022.3.19f1/Editor/Data/MonoBleedingEdge/etc'
Using monoOptions --debugger-agent=transport=dt_socket,embedding=1,server=y,suspend=n,address=127.0.0.1:56484
Begin MonoManager ReloadAssembly
Registering precompiled unity dll's ...
Register platform support module: C:/Program Files/Unity/Hub/Editor/2022.3.19f1/Editor/Data/PlaybackEngines/AndroidPlayer/UnityEditor.Android.Extensions.dll
Register platform support module: C:/Program Files/Unity/Hub/Editor/2022.3.19f1/Editor/Data/PlaybackEngines/iOSSupport/UnityEditor.iOS.Extensions.dll
Register platform support module: C:/Program Files/Unity/Hub/Editor/2022.3.19f1/Editor/Data/PlaybackEngines/WindowsStandaloneSupport/UnityEditor.WindowsStandalone.Extensions.dll
Register platform support module: C:/Program Files/Unity/Hub/Editor/2022.3.19f1/Editor/Data/PlaybackEngines/MetroSupport/UnityEditor.UWP.Extensions.dll
Registered in 0.004769 seconds.
- Loaded All Assemblies, in  0.224 seconds
Native extension for UWP target not found
Native extension for WindowsStandalone target not found
[usbmuxd] Start listen thread
[usbmuxd] Listen thread started
Native extension for iOS target not found
Native extension for Android target not found
Android Extension - Scanning For ADB Devices 182 ms
Mono: successfully reloaded assembly
- Finished resetting the current domain, in  0.405 seconds
Domain Reload Profiling: 630ms
	BeginReloadAssembly (68ms)
		ExecutionOrderSort (0ms)
		DisableScriptedObjects (0ms)
		BackupInstance (0ms)
		ReleaseScriptingObjects (0ms)
		CreateAndSetChildDomain (1ms)
	RebuildCommonClasses (22ms)
	RebuildNativeTypeToScriptingClass (7ms)
	initialDomainReloadingComplete (35ms)
	LoadAllAssembliesAndSetupDomain (93ms)
		LoadAssemblies (68ms)
		RebuildTransferFunctionScriptingTraits (0ms)
		AnalyzeDomain (91ms)
			TypeCache.Refresh (90ms)
				TypeCache.ScanAssembly (82ms)
			ScanForSourceGeneratedMonoScriptInfo (0ms)
			ResolveRequiredComponents (0ms)
	FinalizeReload (406ms)
		ReleaseScriptCaches (0ms)
		RebuildScriptCaches (0ms)
		SetupLoadedEditorAssemblies (370ms)
			LogAssemblyErrors (0ms)
			InitializePlatformSupportModulesInManaged (258ms)
			SetLoadedEditorAssemblies (3ms)
			RefreshPlugins (0ms)
			BeforeProcessingInitializeOnLoad (1ms)
			ProcessInitializeOnLoadAttributes (80ms)
			ProcessInitializeOnLoadMethodAttributes (28ms)
			AfterProcessingInitializeOnLoad (0ms)
			EditorAssembliesLoaded (0ms)
		ExecutionOrderSort2 (0ms)
		AwakeInstancesAfterBackupRestoration (0ms)
========================================================================
Worker process is ready to serve import requests
Begin MonoManager ReloadAssembly
- Loaded All Assemblies, in  0.243 seconds
Refreshing native plugins compatible for Editor in 0.32 ms, found 0 plugins.
Native extension for UWP target not found
Native extension for WindowsStandalone target not found
Native extension for iOS target not found
Native extension for Android target not found
Mono: successfully reloaded assembly
- Finished resetting the current domain, in  0.250 seconds
Domain Reload Profiling: 493ms
	BeginReloadAssembly (94ms)
		ExecutionOrderSort (0ms)
		DisableScriptedObjects (3ms)
		BackupInstance (0ms)
		ReleaseScriptingObjects (0ms)
		CreateAndSetChildDomain (15ms)
	RebuildCommonClasses (21ms)
	RebuildNativeTypeToScriptingClass (7ms)
	initialDomainReloadingComplete (23ms)
	LoadAllAssembliesAndSetupDomain (99ms)
		LoadAssemblies (120ms)
		RebuildTransferFunctionScriptingTraits (0ms)
		AnalyzeDomain (32ms)
			TypeCache.Refresh (26ms)
				TypeCache.ScanAssembly (19ms)
			ScanForSourceGeneratedMonoScriptInfo (4ms)
			ResolveRequiredComponents (1ms)
	FinalizeReload (251ms)
		ReleaseScriptCaches (0ms)
		RebuildScriptCaches (0ms)
		SetupLoadedEditorAssemblies (166ms)
			LogAssemblyErrors (0ms)
			InitializePlatformSupportModulesInManaged (22ms)
			SetLoadedEditorAssemblies (2ms)
			RefreshPlugins (0ms)
			BeforeProcessingInitializeOnLoad (24ms)
			ProcessInitializeOnLoadAttributes (97ms)
			ProcessInitializeOnLoadMethodAttributes (20ms)
			AfterProcessingInitializeOnLoad (2ms)
			EditorAssembliesLoaded (0ms)
		ExecutionOrderSort2 (0ms)
		AwakeInstancesAfterBackupRestoration (4ms)
Launched and connected shader compiler UnityShaderCompiler.exe after 0.04 seconds
Refreshing native plugins compatible for Editor in 0.30 ms, found 0 plugins.
Preloading 0 native plugins for Editor in 0.00 ms.
Unloading 1126 Unused Serialized files (Serialized files now loaded: 0)
Unloading 20 unused Assets / (52.5 KB). Loaded Objects now: 1606.
Memory consumption went from 82.0 MB to 82.0 MB.
Total: 2.095000 ms (FindLiveObjects: 0.091300 ms CreateObjectMapping: 0.018900 ms MarkObjects: 1.912000 ms  DeleteObjects: 0.070600 ms)

AssetImportParameters requested are different than current active one (requested -> active):
  custom:video-encoder-webm-vp8: eb34c28f22e8b96e1ab97ce403110664 -> 
  custom:video-decoder-webm-vp8: 9c59270c3fd7afecdb556c50c9e8de78 -> 
  custom:audio-decoder-ogg-vorbis: bf7c407c2cedff20999df2af8eb42d56 -> 
  custom:SearchIndexIgnoredProperties: e643bd26f0fe6173181afceb89e7c659 -> 
  custom:container-demuxer-ogg: 62fdf1f143b41e24485cea50d1cbac27 -> 
  custom:AudioImporter_EditorPlatform: d09bf68614088b80899f8185d706f6e7 -> 
  custom:CustomObjectIndexerAttribute: 6d391050e5a25f67b0a2c618074f2cd9 -> 
  custom:container-demuxer-webm: 4f35f7cbe854078d1ac9338744f61a02 -> 
  custom:video-codec-MediaFoundation-h265: 746d11721c4dcdbdad8f713fa42b33f4 -> 
  custom:video-decoder-ogg-theora: a1e56fd34408186e4bbccfd4996cb3dc -> 
  custom:audio-encoder-webm-vorbis: bf7c407c2cedff20999df2af8eb42d56 -> 
  custom:framework-win-MediaFoundation: 216162199b28c13a410421893ffa2e32 -> 
  custom:container-muxer-webm: aa71ff27fc2769a1b78a27578f13a17b -> 
========================================================================
Received Prepare
Begin MonoManager ReloadAssembly
- Loaded All Assemblies, in  0.385 seconds
Refreshing native plugins compatible for Editor in 0.74 ms, found 0 plugins.
Native extension for UWP target not found
Native extension for WindowsStandalone target not found
Native extension for iOS target not found
Native extension for Android target not found
Mono: successfully reloaded assembly
- Finished resetting the current domain, in  0.771 seconds
Domain Reload Profiling: 1155ms
	BeginReloadAssembly (163ms)
		ExecutionOrderSort (0ms)
		DisableScriptedObjects (8ms)
		BackupInstance (0ms)
		ReleaseScriptingObjects (0ms)
		CreateAndSetChildDomain (22ms)
	RebuildCommonClasses (44ms)
	RebuildNativeTypeToScriptingClass (14ms)
	initialDomainReloadingComplete (29ms)
	LoadAllAssembliesAndSetupDomain (133ms)
		LoadAssemblies (213ms)
		RebuildTransferFunctionScriptingTraits (0ms)
		AnalyzeDomain (19ms)
			TypeCache.Refresh (6ms)
				TypeCache.ScanAssembly (0ms)
			ScanForSourceGeneratedMonoScriptInfo (7ms)
			ResolveRequiredComponents (5ms)
	FinalizeReload (771ms)
		ReleaseScriptCaches (0ms)
		RebuildScriptCaches (0ms)
		SetupLoadedEditorAssemblies (336ms)
			LogAssemblyErrors (0ms)
			InitializePlatformSupportModulesInManaged (55ms)
			SetLoadedEditorAssemblies (5ms)
			RefreshPlugins (0ms)
			BeforeProcessingInitializeOnLoad (59ms)
			ProcessInitializeOnLoadAttributes (181ms)
			ProcessInitializeOnLoadMethodAttributes (33ms)
			AfterProcessingInitializeOnLoad (3ms)
			EditorAssembliesLoaded (0ms)
		ExecutionOrderSort2 (0ms)
		AwakeInstancesAfterBackupRestoration (10ms)
Refreshing native plugins compatible for Editor in 0.56 ms, found 0 plugins.
Preloading 0 native plugins for Editor in 0.00 ms.
Unloading 1119 Unused Serialized files (Serialized files now loaded: 0)
Unloading 10 unused Assets / (24.3 KB). Loaded Objects now: 1609.
Memory consumption went from 82.6 MB to 82.6 MB.
Total: 2.900000 ms (FindLiveObjects: 0.162500 ms CreateObjectMapping: 0.046500 ms MarkObjects: 2.656000 ms  DeleteObjects: 0.033900 ms)

Prepare: number of updated asset objects reloaded= 0
AssetImportParameters requested are different than current active one (requested -> active):
  custom:video-encoder-webm-vp8: eb34c28f22e8b96e1ab97ce403110664 -> 
  custom:video-decoder-webm-vp8: 9c59270c3fd7afecdb556c50c9e8de78 -> 
  custom:audio-decoder-ogg-vorbis: bf7c407c2cedff20999df2af8eb42d56 -> 
  custom:SearchIndexIgnoredProperties: e643bd26f0fe6173181afceb89e7c659 -> 
  custom:container-demuxer-ogg: 62fdf1f143b41e24485cea50d1cbac27 -> 
  custom:AudioImporter_EditorPlatform: d09bf68614088b80899f8185d706f6e7 -> 
  custom:CustomObjectIndexerAttribute: 6d391050e5a25f67b0a2c618074f2cd9 -> 
  custom:container-demuxer-webm: 4f35f7cbe854078d1ac9338744f61a02 -> 
  custom:video-codec-MediaFoundation-h265: 746d11721c4dcdbdad8f713fa42b33f4 -> 
  custom:video-decoder-ogg-theora: a1e56fd34408186e4bbccfd4996cb3dc -> 
  custom:audio-encoder-webm-vorbis: bf7c407c2cedff20999df2af8eb42d56 -> 
  custom:framework-win-MediaFoundation: 216162199b28c13a410421893ffa2e32 -> 
  custom:container-muxer-webm: aa71ff27fc2769a1b78a27578f13a17b -> 
========================================================================
Received Prepare
Begin MonoManager ReloadAssembly
- Loaded All Assemblies, in  0.499 seconds
Refreshing native plugins compatible for Editor in 0.89 ms, found 0 plugins.
Native extension for UWP target not found
Native extension for WindowsStandalone target not found
Native extension for iOS target not found
Native extension for Android target not found
Mono: successfully reloaded assembly
- Finished resetting the current domain, in  0.815 seconds
Domain Reload Profiling: 1313ms
	BeginReloadAssembly (213ms)
		ExecutionOrderSort (0ms)
		DisableScriptedObjects (9ms)
		BackupInstance (0ms)
		ReleaseScriptingObjects (0ms)
		CreateAndSetChildDomain (28ms)
	RebuildCommonClasses (44ms)
	RebuildNativeTypeToScriptingClass (15ms)
	initialDomainReloadingComplete (40ms)
	LoadAllAssembliesAndSetupDomain (185ms)
		LoadAssemblies (286ms)
		RebuildTransferFunctionScriptingTraits (0ms)
		AnalyzeDomain (11ms)
			TypeCache.Refresh (5ms)
				TypeCache.ScanAssembly (0ms)
			ScanForSourceGeneratedMonoScriptInfo (0ms)
			ResolveRequiredComponents (4ms)
	FinalizeReload (815ms)
		ReleaseScriptCaches (0ms)
		RebuildScriptCaches (0ms)
		SetupLoadedEditorAssemblies (283ms)
			LogAssemblyErrors (0ms)
			InitializePlatformSupportModulesInManaged (36ms)
			SetLoadedEditorAssemblies (3ms)
			RefreshPlugins (0ms)
			BeforeProcessingInitializeOnLoad (40ms)
			ProcessInitializeOnLoadAttributes (170ms)
			ProcessInitializeOnLoadMethodAttributes (31ms)
			AfterProcessingInitializeOnLoad (3ms)
			EditorAssembliesLoaded (0ms)
		ExecutionOrderSort2 (0ms)
		AwakeInstancesAfterBackupRestoration (7ms)
Refreshing native plugins compatible for Editor in 0.33 ms, found 0 plugins.
Preloading 0 native plugins for Editor in 0.00 ms.
Unloading 1119 Unused Serialized files (Serialized files now loaded: 0)
Unloading 10 unused Assets / (24.3 KB). Loaded Objects now: 1612.
Memory consumption went from 84.6 MB to 84.6 MB.
Total: 2.306200 ms (FindLiveObjects: 0.102400 ms CreateObjectMapping: 0.025700 ms MarkObjects: 2.152900 ms  DeleteObjects: 0.024200 ms)

Prepare: number of updated asset objects reloaded= 0
AssetImportParameters requested are different than current active one (requested -> active):
  custom:video-encoder-webm-vp8: eb34c28f22e8b96e1ab97ce403110664 -> 
  custom:video-decoder-webm-vp8: 9c59270c3fd7afecdb556c50c9e8de78 -> 
  custom:audio-decoder-ogg-vorbis: bf7c407c2cedff20999df2af8eb42d56 -> 
  custom:SearchIndexIgnoredProperties: e643bd26f0fe6173181afceb89e7c659 -> 
  custom:container-demuxer-ogg: 62fdf1f143b41e24485cea50d1cbac27 -> 
  custom:AudioImporter_EditorPlatform: d09bf68614088b80899f8185d706f6e7 -> 
  custom:CustomObjectIndexerAttribute: 6d391050e5a25f67b0a2c618074f2cd9 -> 
  custom:container-demuxer-webm: 4f35f7cbe854078d1ac9338744f61a02 -> 
  custom:video-codec-MediaFoundation-h265: 746d11721c4dcdbdad8f713fa42b33f4 -> 
  custom:video-decoder-ogg-theora: a1e56fd34408186e4bbccfd4996cb3dc -> 
  custom:audio-encoder-webm-vorbis: bf7c407c2cedff20999df2af8eb42d56 -> 
  custom:framework-win-MediaFoundation: 216162199b28c13a410421893ffa2e32 -> 
  custom:container-muxer-webm: aa71ff27fc2769a1b78a27578f13a17b -> 
========================================================================
Received Prepare
Begin MonoManager ReloadAssembly
- Loaded All Assemblies, in  0.451 seconds
Refreshing native plugins compatible for Editor in 1.96 ms, found 0 plugins.
Native extension for UWP target not found
Native extension for WindowsStandalone target not found
Native extension for iOS target not found
Native extension for Android target not found
Mono: successfully reloaded assembly
- Finished resetting the current domain, in  1.339 seconds
Domain Reload Profiling: 1790ms
	BeginReloadAssembly (191ms)
		ExecutionOrderSort (0ms)
		DisableScriptedObjects (8ms)
		BackupInstance (0ms)
		ReleaseScriptingObjects (0ms)
		CreateAndSetChildDomain (33ms)
	RebuildCommonClasses (43ms)
	RebuildNativeTypeToScriptingClass (14ms)
	initialDomainReloadingComplete (26ms)
	LoadAllAssembliesAndSetupDomain (176ms)
		LoadAssemblies (246ms)
		RebuildTransferFunctionScriptingTraits (0ms)
		AnalyzeDomain (31ms)
			TypeCache.Refresh (11ms)
				TypeCache.ScanAssembly (2ms)
			ScanForSourceGeneratedMonoScriptInfo (12ms)
			ResolveRequiredComponents (7ms)
	FinalizeReload (1340ms)
		ReleaseScriptCaches (0ms)
		RebuildScriptCaches (0ms)
		SetupLoadedEditorAssemblies (316ms)
			LogAssemblyErrors (0ms)
			InitializePlatformSupportModulesInManaged (39ms)
			SetLoadedEditorAssemblies (3ms)
			RefreshPlugins (0ms)
			BeforeProcessingInitializeOnLoad (43ms)
			ProcessInitializeOnLoadAttributes (194ms)
			ProcessInitializeOnLoadMethodAttributes (33ms)
			AfterProcessingInitializeOnLoad (4ms)
			EditorAssembliesLoaded (0ms)
		ExecutionOrderSort2 (0ms)
		AwakeInstancesAfterBackupRestoration (10ms)
Refreshing native plugins compatible for Editor in 0.76 ms, found 0 plugins.
Preloading 0 native plugins for Editor in 0.00 ms.
Unloading 1119 Unused Serialized files (Serialized files now loaded: 0)
Unloading 10 unused Assets / (24.3 KB). Loaded Objects now: 1615.
Memory consumption went from 86.5 MB to 86.5 MB.
Total: 4.174400 ms (FindLiveObjects: 0.206400 ms CreateObjectMapping: 0.041600 ms MarkObjects: 3.889000 ms  DeleteObjects: 0.035700 ms)

Prepare: number of updated asset objects reloaded= 0
AssetImportParameters requested are different than current active one (requested -> active):
  custom:video-encoder-webm-vp8: eb34c28f22e8b96e1ab97ce403110664 -> 
  custom:video-decoder-webm-vp8: 9c59270c3fd7afecdb556c50c9e8de78 -> 
  custom:audio-decoder-ogg-vorbis: bf7c407c2cedff20999df2af8eb42d56 -> 
  custom:SearchIndexIgnoredProperties: e643bd26f0fe6173181afceb89e7c659 -> 
  custom:container-demuxer-ogg: 62fdf1f143b41e24485cea50d1cbac27 -> 
  custom:AudioImporter_EditorPlatform: d09bf68614088b80899f8185d706f6e7 -> 
  custom:CustomObjectIndexerAttribute: 6d391050e5a25f67b0a2c618074f2cd9 -> 
  custom:container-demuxer-webm: 4f35f7cbe854078d1ac9338744f61a02 -> 
  custom:video-codec-MediaFoundation-h265: 746d11721c4dcdbdad8f713fa42b33f4 -> 
  custom:video-decoder-ogg-theora: a1e56fd34408186e4bbccfd4996cb3dc -> 
  custom:audio-encoder-webm-vorbis: bf7c407c2cedff20999df2af8eb42d56 -> 
  custom:framework-win-MediaFoundation: 216162199b28c13a410421893ffa2e32 -> 
  custom:container-muxer-webm: aa71ff27fc2769a1b78a27578f13a17b -> 
========================================================================
Received Prepare
Begin MonoManager ReloadAssembly
- Loaded All Assemblies, in  0.387 seconds
Refreshing native plugins compatible for Editor in 0.60 ms, found 0 plugins.
Native extension for UWP target not found
Native extension for WindowsStandalone target not found
Native extension for iOS target not found
Native extension for Android target not found
Mono: successfully reloaded assembly
- Finished resetting the current domain, in  0.924 seconds
Domain Reload Profiling: 1311ms
	BeginReloadAssembly (157ms)
		ExecutionOrderSort (0ms)
		DisableScriptedObjects (8ms)
		BackupInstance (0ms)
		ReleaseScriptingObjects (0ms)
		CreateAndSetChildDomain (25ms)
	RebuildCommonClasses (46ms)
	RebuildNativeTypeToScriptingClass (14ms)
	initialDomainReloadingComplete (29ms)
	LoadAllAssembliesAndSetupDomain (141ms)
		LoadAssemblies (222ms)
		RebuildTransferFunctionScriptingTraits (0ms)
		AnalyzeDomain (11ms)
			TypeCache.Refresh (5ms)
				TypeCache.ScanAssembly (0ms)
			ScanForSourceGeneratedMonoScriptInfo (0ms)
			ResolveRequiredComponents (5ms)
	FinalizeReload (925ms)
		ReleaseScriptCaches (0ms)
		RebuildScriptCaches (0ms)
		SetupLoadedEditorAssemblies (464ms)
			LogAssemblyErrors (0ms)
			InitializePlatformSupportModulesInManaged (54ms)
			SetLoadedEditorAssemblies (3ms)
			RefreshPlugins (0ms)
			BeforeProcessingInitializeOnLoad (65ms)
			ProcessInitializeOnLoadAttributes (289ms)
			ProcessInitializeOnLoadMethodAttributes (48ms)
			AfterProcessingInitializeOnLoad (5ms)
			EditorAssembliesLoaded (0ms)
		ExecutionOrderSort2 (0ms)
		AwakeInstancesAfterBackupRestoration (12ms)
Refreshing native plugins compatible for Editor in 0.32 ms, found 0 plugins.
Preloading 0 native plugins for Editor in 0.00 ms.
Unloading 1119 Unused Serialized files (Serialized files now loaded: 0)
Unloading 10 unused Assets / (24.3 KB). Loaded Objects now: 1618.
Memory consumption went from 88.4 MB to 88.4 MB.
Total: 2.408000 ms (FindLiveObjects: 0.084600 ms CreateObjectMapping: 0.053000 ms MarkObjects: 2.238300 ms  DeleteObjects: 0.031000 ms)

Prepare: number of updated asset objects reloaded= 0
AssetImportParameters requested are different than current active one (requested -> active):
  custom:video-encoder-webm-vp8: eb34c28f22e8b96e1ab97ce403110664 -> 
  custom:video-decoder-webm-vp8: 9c59270c3fd7afecdb556c50c9e8de78 -> 
  custom:audio-decoder-ogg-vorbis: bf7c407c2cedff20999df2af8eb42d56 -> 
  custom:SearchIndexIgnoredProperties: e643bd26f0fe6173181afceb89e7c659 -> 
  custom:container-demuxer-ogg: 62fdf1f143b41e24485cea50d1cbac27 -> 
  custom:AudioImporter_EditorPlatform: d09bf68614088b80899f8185d706f6e7 -> 
  custom:CustomObjectIndexerAttribute: 6d391050e5a25f67b0a2c618074f2cd9 -> 
  custom:container-demuxer-webm: 4f35f7cbe854078d1ac9338744f61a02 -> 
  custom:video-codec-MediaFoundation-h265: 746d11721c4dcdbdad8f713fa42b33f4 -> 
  custom:video-decoder-ogg-theora: a1e56fd34408186e4bbccfd4996cb3dc -> 
  custom:audio-encoder-webm-vorbis: bf7c407c2cedff20999df2af8eb42d56 -> 
  custom:framework-win-MediaFoundation: 216162199b28c13a410421893ffa2e32 -> 
  custom:container-muxer-webm: aa71ff27fc2769a1b78a27578f13a17b -> 
========================================================================
Received Import Request.
  Time since last request: 1399.722963 seconds.
  path: Assets/Pack 01 (Pixel Art)/escada.png
  artifactKey: Guid(3846b6c24a32cf34eace40e9ac7e49ae) Importer(815301076,1909f56bfc062723c751e8b465ee728b)
Start importing Assets/Pack 01 (Pixel Art)/escada.png using Guid(3846b6c24a32cf34eace40e9ac7e49ae) Importer(815301076,1909f56bfc062723c751e8b465ee728b)  -> (artifact id: '3043dcd0c22993be31a93b1349c06904') in 0.103076 seconds
Number of updated asset objects reloaded before import = 0
Number of asset objects unloaded after import = 3
========================================================================
Received Import Request.
  Time since last request: 0.000022 seconds.
  path: Assets/Pack 01 (Pixel Art)/Pack 01 - Space PRO pack.png
  artifactKey: Guid(8fa7ed9d608c422408b2f041b58bd159) Importer(815301076,1909f56bfc062723c751e8b465ee728b)
Start importing Assets/Pack 01 (Pixel Art)/Pack 01 - Space PRO pack.png using Guid(8fa7ed9d608c422408b2f041b58bd159) Importer(815301076,1909f56bfc062723c751e8b465ee728b)  -> (artifact id: '5932ddc11e8b7d0476ea25be8351a556') in 0.276166 seconds
Number of updated asset objects reloaded before import = 0
Number of asset objects unloaded after import = 11
========================================================================
Received Import Request.
  Time since last request: 0.000043 seconds.
  path: Assets/Pack 01 (Pixel Art)/Pack 01 - Space PRO pack_0.asset
  artifactKey: Guid(d7ce2cd0acde0014ebb485f805f2039b) Importer(815301076,1909f56bfc062723c751e8b465ee728b)
Start importing Assets/Pack 01 (Pixel Art)/Pack 01 - Space PRO pack_0.asset using Guid(d7ce2cd0acde0014ebb485f805f2039b) Importer(815301076,1909f56bfc062723c751e8b465ee728b)  -> (artifact id: '653c224311fda8f0a0b1d79488599179') in 0.026176 seconds
Number of updated asset objects reloaded before import = 0
Number of asset objects unloaded after import = 3
========================================================================
Received Import Request.
  Time since last request: 1.416002 seconds.
  path: Assets/Pack 01 (Pixel Art)/PNG/Baril 1.png
  artifactKey: Guid(6b6af88e05b979f41a23e96a392557b1) Importer(815301076,1909f56bfc062723c751e8b465ee728b)
Start importing Assets/Pack 01 (Pixel Art)/PNG/Baril 1.png using Guid(6b6af88e05b979f41a23e96a392557b1) Importer(815301076,1909f56bfc062723c751e8b465ee728b)  -> (artifact id: '651768951de2f943449eb3b79cc73850') in 0.013951 seconds
Number of updated asset objects reloaded before import = 0
Number of asset objects unloaded after import = 3
========================================================================
Received Import Request.
  Time since last request: 0.002764 seconds.
  path: Assets/Pack 01 (Pixel Art)/PNG/Bed.png
  artifactKey: Guid(5e3d76da57b0bc74bac7ecfd927ef98d) Importer(815301076,1909f56bfc062723c751e8b465ee728b)
Start importing Assets/Pack 01 (Pixel Art)/PNG/Bed.png using Guid(5e3d76da57b0bc74bac7ecfd927ef98d) Importer(815301076,1909f56bfc062723c751e8b465ee728b)  -> (artifact id: '2c41d8ddccbce232ea99c32d05f7dbac') in 0.016049 seconds
Number of updated asset objects reloaded before import = 0
Number of asset objects unloaded after import = 3
========================================================================
Received Import Request.
  Time since last request: 0.000014 seconds.
  path: Assets/Pack 01 (Pixel Art)/PNG/Character 2.png
  artifactKey: Guid(f3f5ca2c26f14724b8f98f67269fe549) Importer(815301076,1909f56bfc062723c751e8b465ee728b)
Start importing Assets/Pack 01 (Pixel Art)/PNG/Character 2.png using Guid(f3f5ca2c26f14724b8f98f67269fe549) Importer(815301076,1909f56bfc062723c751e8b465ee728b)  -> (artifact id: '151de19e923573e78fcbb86537b2743d') in 0.020258 seconds
Number of updated asset objects reloaded before import = 0
Number of asset objects unloaded after import = 3
========================================================================
Received Import Request.
  Time since last request: 0.000091 seconds.
  path: Assets/Pack 01 (Pixel Art)/PNG/Electric wall.png
  artifactKey: Guid(1cf58fa7c22c5224e97f71b79aca6cf5) Importer(815301076,1909f56bfc062723c751e8b465ee728b)
Start importing Assets/Pack 01 (Pixel Art)/PNG/Electric wall.png using Guid(1cf58fa7c22c5224e97f71b79aca6cf5) Importer(815301076,1909f56bfc062723c751e8b465ee728b)  -> (artifact id: '84a00d3aa5cb6b6790eff008edb44ef8') in 0.015641 seconds
Number of updated asset objects reloaded before import = 0
Number of asset objects unloaded after import = 3
========================================================================
Received Import Request.
  Time since last request: 0.000016 seconds.
  path: Assets/Pack 01 (Pixel Art)/PNG/door.png
  artifactKey: Guid(f2ec9fa2c3668ab41b27451af0a7024a) Importer(815301076,1909f56bfc062723c751e8b465ee728b)
Start importing Assets/Pack 01 (Pixel Art)/PNG/door.png using Guid(f2ec9fa2c3668ab41b27451af0a7024a) Importer(815301076,1909f56bfc062723c751e8b465ee728b)  -> (artifact id: '0ea5f0e58ddede6bee0e84b16a4ff761') in 0.017041 seconds
Number of updated asset objects reloaded before import = 0
Number of asset objects unloaded after import = 3
========================================================================
Received Import Request.
  Time since last request: 0.000073 seconds.
  path: Assets/Pack 01 (Pixel Art)/PNG/Door 2.png
  artifactKey: Guid(adbe9f7ead01e794581828875ddd83d6) Importer(815301076,1909f56bfc062723c751e8b465ee728b)
Start importing Assets/Pack 01 (Pixel Art)/PNG/Door 2.png using Guid(adbe9f7ead01e794581828875ddd83d6) Importer(815301076,1909f56bfc062723c751e8b465ee728b)  -> (artifact id: '3e32c549e11843684eac99184f811e0b') in 0.016781 seconds
Number of updated asset objects reloaded before import = 0
Number of asset objects unloaded after import = 3
========================================================================
Received Import Request.
  Time since last request: 0.000013 seconds.
  path: Assets/Pack 01 (Pixel Art)/PNG/Board 1.png
  artifactKey: Guid(714bcb61b10471a44a11384f61d771ec) Importer(815301076,1909f56bfc062723c751e8b465ee728b)
Start importing Assets/Pack 01 (Pixel Art)/PNG/Board 1.png using Guid(714bcb61b10471a44a11384f61d771ec) Importer(815301076,1909f56bfc062723c751e8b465ee728b)  -> (artifact id: 'b7d902d57eb3f2da5ab70da70209aecb') in 0.015620 seconds
Number of updated asset objects reloaded before import = 0
Number of asset objects unloaded after import = 3
========================================================================
Received Import Request.
  Time since last request: 0.000014 seconds.
  path: Assets/Pack 01 (Pixel Art)/PNG/Locker.png
  artifactKey: Guid(e2253f2d5c2e9364dbc750d6e9d1af53) Importer(815301076,1909f56bfc062723c751e8b465ee728b)
Start importing Assets/Pack 01 (Pixel Art)/PNG/Locker.png using Guid(e2253f2d5c2e9364dbc750d6e9d1af53) Importer(815301076,1909f56bfc062723c751e8b465ee728b)  -> (artifact id: '4c4e29208a9b00ad39e193aca316a410') in 0.013736 seconds
Number of updated asset objects reloaded before import = 0
Number of asset objects unloaded after import = 3
========================================================================
Received Import Request.
  Time since last request: 0.000012 seconds.
  path: Assets/Pack 01 (Pixel Art)/PNG/Chunk7.png
  artifactKey: Guid(62052c3b81a26174aaf6d39cee5ef844) Importer(815301076,1909f56bfc062723c751e8b465ee728b)
Start importing Assets/Pack 01 (Pixel Art)/PNG/Chunk7.png using Guid(62052c3b81a26174aaf6d39cee5ef844) Importer(815301076,1909f56bfc062723c751e8b465ee728b)  -> (artifact id: '6ab7e77b6eeb9c9071c7377129b48a96') in 0.021452 seconds
Number of updated asset objects reloaded before import = 0
Number of asset objects unloaded after import = 3
========================================================================
Received Import Request.
  Time since last request: 0.000014 seconds.
  path: Assets/Pack 01 (Pixel Art)/PNG/Green Barrel.png
  artifactKey: Guid(e79e613c5e940ca43a5cc1cd070c672a) Importer(815301076,1909f56bfc062723c751e8b465ee728b)
Start importing Assets/Pack 01 (Pixel Art)/PNG/Green Barrel.png using Guid(e79e613c5e940ca43a5cc1cd070c672a) Importer(815301076,1909f56bfc062723c751e8b465ee728b)  -> (artifact id: 'f1718554a8f571efde72bfa289daf6ef') in 0.016131 seconds
Number of updated asset objects reloaded before import = 0
Number of asset objects unloaded after import = 3
========================================================================
Received Import Request.
  Time since last request: 0.000015 seconds.
  path: Assets/Pack 01 (Pixel Art)/PNG/Calque 18 copie 3.asset
  artifactKey: Guid(6db53b72868baca419e40b25034dd87b) Importer(815301076,1909f56bfc062723c751e8b465ee728b)
Start importing Assets/Pack 01 (Pixel Art)/PNG/Calque 18 copie 3.asset using Guid(6db53b72868baca419e40b25034dd87b) Importer(815301076,1909f56bfc062723c751e8b465ee728b)  -> (artifact id: 'ab7d02d5799bf6f28ea4295adc13975a') in 0.012774 seconds
Number of updated asset objects reloaded before import = 0
Number of asset objects unloaded after import = 3
========================================================================
Received Import Request.
  Time since last request: 0.000013 seconds.
  path: Assets/Pack 01 (Pixel Art)/PNG/Biorganic device.png
  artifactKey: Guid(e75d02462ed7d0645a2303b80487bbb0) Importer(815301076,1909f56bfc062723c751e8b465ee728b)
Start importing Assets/Pack 01 (Pixel Art)/PNG/Biorganic device.png using Guid(e75d02462ed7d0645a2303b80487bbb0) Importer(815301076,1909f56bfc062723c751e8b465ee728b)  -> (artifact id: 'd8845a1526287a49cfa88ff9f7d098da') in 0.016223 seconds
Number of updated asset objects reloaded before import = 0
Number of asset objects unloaded after import = 3
========================================================================
Received Import Request.
  Time since last request: 0.000013 seconds.
  path: Assets/Pack 01 (Pixel Art)/PNG/Computer 1.png
  artifactKey: Guid(e3f03f51fcbb31f468cdfb47b12a5590) Importer(815301076,1909f56bfc062723c751e8b465ee728b)
Start importing Assets/Pack 01 (Pixel Art)/PNG/Computer 1.png using Guid(e3f03f51fcbb31f468cdfb47b12a5590) Importer(815301076,1909f56bfc062723c751e8b465ee728b)  -> (artifact id: '121a6b07546395b673bfedab9fe9697e') in 0.016201 seconds
Number of updated asset objects reloaded before import = 0
Number of asset objects unloaded after import = 3
========================================================================
Received Import Request.
  Time since last request: 0.000021 seconds.
  path: Assets/Pack 01 (Pixel Art)/PNG/Hand scanner.png
  artifactKey: Guid(fd129fed5e515114ea98dff24d8b2605) Importer(815301076,1909f56bfc062723c751e8b465ee728b)
Start importing Assets/Pack 01 (Pixel Art)/PNG/Hand scanner.png using Guid(fd129fed5e515114ea98dff24d8b2605) Importer(815301076,1909f56bfc062723c751e8b465ee728b)  -> (artifact id: '61c49d9b5465bf56f447977fd9d0b0e1') in 0.015853 seconds
Number of updated asset objects reloaded before import = 0
Number of asset objects unloaded after import = 3
========================================================================
Received Import Request.
  Time since last request: 0.000013 seconds.
  path: Assets/Pack 01 (Pixel Art)/PNG/Health Pack 2.png
  artifactKey: Guid(d921ce92d9b527546b0e78529c055bdb) Importer(815301076,1909f56bfc062723c751e8b465ee728b)
Start importing Assets/Pack 01 (Pixel Art)/PNG/Health Pack 2.png using Guid(d921ce92d9b527546b0e78529c055bdb) Importer(815301076,1909f56bfc062723c751e8b465ee728b)  -> (artifact id: '010a223fa86f2ea0f7fe5521a1a55ecb') in 0.015594 seconds
Number of updated asset objects reloaded before import = 0
Number of asset objects unloaded after import = 3
========================================================================
Received Import Request.
  Time since last request: 0.000012 seconds.
  path: Assets/Pack 01 (Pixel Art)/PNG/Chunk9.asset
  artifactKey: Guid(7f12a6aafcd19654c91e4219ae670fa7) Importer(815301076,1909f56bfc062723c751e8b465ee728b)
Start importing Assets/Pack 01 (Pixel Art)/PNG/Chunk9.asset using Guid(7f12a6aafcd19654c91e4219ae670fa7) Importer(815301076,1909f56bfc062723c751e8b465ee728b)  -> (artifact id: 'ee6a764a2cf5bfec80e7c74472bfcf77') in 0.013125 seconds
Number of updated asset objects reloaded before import = 0
Number of asset objects unloaded after import = 3
========================================================================
Received Import Request.
  Time since last request: 0.000014 seconds.
  path: Assets/Pack 01 (Pixel Art)/PNG/Desk Lamp 2.png
  artifactKey: Guid(6e3d3a4a64c68d744af8f2ccd0f2d64e) Importer(815301076,1909f56bfc062723c751e8b465ee728b)
Start importing Assets/Pack 01 (Pixel Art)/PNG/Desk Lamp 2.png using Guid(6e3d3a4a64c68d744af8f2ccd0f2d64e) Importer(815301076,1909f56bfc062723c751e8b465ee728b)  -> (artifact id: '4a7db0516d93f94300a3012229d44f83') in 0.018674 seconds
Number of updated asset objects reloaded before import = 0
Number of asset objects unloaded after import = 3
========================================================================
Received Import Request.
  Time since last request: 0.000016 seconds.
  path: Assets/Pack 01 (Pixel Art)/PNG/Baril 3.png
  artifactKey: Guid(0927f9d50e15b294296836dc4635e4e8) Importer(815301076,1909f56bfc062723c751e8b465ee728b)
Start importing Assets/Pack 01 (Pixel Art)/PNG/Baril 3.png using Guid(0927f9d50e15b294296836dc4635e4e8) Importer(815301076,1909f56bfc062723c751e8b465ee728b)  -> (artifact id: '5e51b12d7e8954dc094249d687be6407') in 0.022838 seconds
Number of updated asset objects reloaded before import = 0
Number of asset objects unloaded after import = 3
========================================================================
Received Import Request.
  Time since last request: 0.000015 seconds.
  path: Assets/Pack 01 (Pixel Art)/PNG/Character 4 Blue.png
  artifactKey: Guid(39b4274ba3ecd64419df52d2a7a2873d) Importer(815301076,1909f56bfc062723c751e8b465ee728b)
Start importing Assets/Pack 01 (Pixel Art)/PNG/Character 4 Blue.png using Guid(39b4274ba3ecd64419df52d2a7a2873d) Importer(815301076,1909f56bfc062723c751e8b465ee728b)  -> (artifact id: '7fbf070715d8c01c1897eed6dc450d20') in 0.014186 seconds
Number of updated asset objects reloaded before import = 0
Number of asset objects unloaded after import = 3
========================================================================
Received Import Request.
  Time since last request: 0.000013 seconds.
  path: Assets/Pack 01 (Pixel Art)/PNG/books.png
  artifactKey: Guid(2c6905990e277a54a81facd32048acf7) Importer(815301076,1909f56bfc062723c751e8b465ee728b)
Start importing Assets/Pack 01 (Pixel Art)/PNG/books.png using Guid(2c6905990e277a54a81facd32048acf7) Importer(815301076,1909f56bfc062723c751e8b465ee728b)  -> (artifact id: '0c5582b83a4476d6d20c4a27a028f695') in 0.010816 seconds
Number of updated asset objects reloaded before import = 0
Number of asset objects unloaded after import = 3
========================================================================
Received Import Request.
  Time since last request: 0.000014 seconds.
  path: Assets/Pack 01 (Pixel Art)/PNG/Doors 1.asset
  artifactKey: Guid(f30aa52afc7c2a445a0aa6cd944aff99) Importer(815301076,1909f56bfc062723c751e8b465ee728b)
Start importing Assets/Pack 01 (Pixel Art)/PNG/Doors 1.asset using Guid(f30aa52afc7c2a445a0aa6cd944aff99) Importer(815301076,1909f56bfc062723c751e8b465ee728b)  -> (artifact id: 'f9c1fd5a8ff5aa5cc593f254e4fa82dd') in 0.013289 seconds
Number of updated asset objects reloaded before import = 0
Number of asset objects unloaded after import = 3
========================================================================
Received Import Request.
  Time since last request: 0.000013 seconds.
  path: Assets/Pack 01 (Pixel Art)/PNG/Doors 1.png
  artifactKey: Guid(15e66497d969bd148976abf1390d7548) Importer(815301076,1909f56bfc062723c751e8b465ee728b)
Start importing Assets/Pack 01 (Pixel Art)/PNG/Doors 1.png using Guid(15e66497d969bd148976abf1390d7548) Importer(815301076,1909f56bfc062723c751e8b465ee728b)  -> (artifact id: '86792538aab2053c20c6b3caccd3a62d') in 0.015930 seconds
Number of updated asset objects reloaded before import = 0
Number of asset objects unloaded after import = 3
========================================================================
Received Import Request.
  Time since last request: 0.000021 seconds.
  path: Assets/Pack 01 (Pixel Art)/PNG/Doors 2.png
  artifactKey: Guid(59d3306839c844148bad24ded32c5357) Importer(815301076,1909f56bfc062723c751e8b465ee728b)
Start importing Assets/Pack 01 (Pixel Art)/PNG/Doors 2.png using Guid(59d3306839c844148bad24ded32c5357) Importer(815301076,1909f56bfc062723c751e8b465ee728b)  -> (artifact id: 'cda3ea754fa3ecd1cb6754a0582ab212') in 0.015363 seconds
Number of updated asset objects reloaded before import = 0
Number of asset objects unloaded after import = 3
========================================================================
Received Import Request.
  Time since last request: 0.000020 seconds.
  path: Assets/Pack 01 (Pixel Art)/PNG/Chunk4.asset
  artifactKey: Guid(6cf21a31f8933d941bda870534321e8a) Importer(815301076,1909f56bfc062723c751e8b465ee728b)
Start importing Assets/Pack 01 (Pixel Art)/PNG/Chunk4.asset using Guid(6cf21a31f8933d941bda870534321e8a) Importer(815301076,1909f56bfc062723c751e8b465ee728b)  -> (artifact id: '6b93e3f764b6d3ca9a6a03ff6351cfbf') in 0.015123 seconds
Number of updated asset objects reloaded before import = 0
Number of asset objects unloaded after import = 3
========================================================================
Received Import Request.
  Time since last request: 0.000014 seconds.
  path: Assets/Pack 01 (Pixel Art)/PNG/Enter 2.png
  artifactKey: Guid(11c99634c24f46040b1ba2c40697d982) Importer(815301076,1909f56bfc062723c751e8b465ee728b)
Start importing Assets/Pack 01 (Pixel Art)/PNG/Enter 2.png using Guid(11c99634c24f46040b1ba2c40697d982) Importer(815301076,1909f56bfc062723c751e8b465ee728b)  -> (artifact id: 'da68e7a90784f9652c6544fa8d0e2ec4') in 0.017383 seconds
Number of updated asset objects reloaded before import = 0
Number of asset objects unloaded after import = 3
========================================================================
Received Import Request.
  Time since last request: 0.000014 seconds.
  path: Assets/Pack 01 (Pixel Art)/PNG/Chunk6.png
  artifactKey: Guid(915756986ff265d48a07c9c734a88bcd) Importer(815301076,1909f56bfc062723c751e8b465ee728b)
Start importing Assets/Pack 01 (Pixel Art)/PNG/Chunk6.png using Guid(915756986ff265d48a07c9c734a88bcd) Importer(815301076,1909f56bfc062723c751e8b465ee728b)  -> (artifact id: '4173b749829a3b408339a863667d3db8') in 0.017258 seconds
Number of updated asset objects reloaded before import = 0
Number of asset objects unloaded after import = 3
========================================================================
Received Import Request.
  Time since last request: 0.000015 seconds.
  path: Assets/Pack 01 (Pixel Art)/PNG/Calque 17.png
  artifactKey: Guid(b29679734aa601c4594faaa1a1abadbc) Importer(815301076,1909f56bfc062723c751e8b465ee728b)
Start importing Assets/Pack 01 (Pixel Art)/PNG/Calque 17.png using Guid(b29679734aa601c4594faaa1a1abadbc) Importer(815301076,1909f56bfc062723c751e8b465ee728b)  -> (artifact id: 'd2d2a05e2a768d889dc84404bcf21f09') in 0.016285 seconds
Number of updated asset objects reloaded before import = 0
Number of asset objects unloaded after import = 3
========================================================================
Received Import Request.
  Time since last request: 0.000023 seconds.
  path: Assets/Pack 01 (Pixel Art)/PNG/Health pack 3.png
  artifactKey: Guid(e36d743920a77a94b84abaa79512315a) Importer(815301076,1909f56bfc062723c751e8b465ee728b)
Start importing Assets/Pack 01 (Pixel Art)/PNG/Health pack 3.png using Guid(e36d743920a77a94b84abaa79512315a) Importer(815301076,1909f56bfc062723c751e8b465ee728b)  -> (artifact id: '371b29861571c5ed96ab520ca3fcb7f1') in 0.016238 seconds
Number of updated asset objects reloaded before import = 0
Number of asset objects unloaded after import = 3
========================================================================
Received Import Request.
  Time since last request: 0.000015 seconds.
  path: Assets/Pack 01 (Pixel Art)/PNG/Ladder.png
  artifactKey: Guid(31f517105ceea564f89e425d664e7dc0) Importer(815301076,1909f56bfc062723c751e8b465ee728b)
Start importing Assets/Pack 01 (Pixel Art)/PNG/Ladder.png using Guid(31f517105ceea564f89e425d664e7dc0) Importer(815301076,1909f56bfc062723c751e8b465ee728b)  -> (artifact id: '774c5bf75096f7501ad3cc8d2ffa064e') in 0.015247 seconds
Number of updated asset objects reloaded before import = 0
Number of asset objects unloaded after import = 3
========================================================================
Received Import Request.
  Time since last request: 0.000013 seconds.
  path: Assets/Pack 01 (Pixel Art)/PNG/Computer station 2.png
  artifactKey: Guid(c33b0d999d5f7ec439b5ef8dd2a11177) Importer(815301076,1909f56bfc062723c751e8b465ee728b)
Start importing Assets/Pack 01 (Pixel Art)/PNG/Computer station 2.png using Guid(c33b0d999d5f7ec439b5ef8dd2a11177) Importer(815301076,1909f56bfc062723c751e8b465ee728b)  -> (artifact id: 'ab18d4493452cdb5729780a6b4a58393') in 0.015491 seconds
Number of updated asset objects reloaded before import = 0
Number of asset objects unloaded after import = 3
========================================================================
Received Import Request.
  Time since last request: 0.000072 seconds.
  path: Assets/Pack 01 (Pixel Art)/PNG/Chair 2.png
  artifactKey: Guid(d26ad57c128b9944196a5facac4af275) Importer(815301076,1909f56bfc062723c751e8b465ee728b)
Start importing Assets/Pack 01 (Pixel Art)/PNG/Chair 2.png using Guid(d26ad57c128b9944196a5facac4af275) Importer(815301076,1909f56bfc062723c751e8b465ee728b)  -> (artifact id: 'cef046c3da416122d12bbd4dcdc38666') in 0.018789 seconds
Number of updated asset objects reloaded before import = 0
Number of asset objects unloaded after import = 3
========================================================================
Received Import Request.
  Time since last request: 0.000013 seconds.
  path: Assets/Pack 01 (Pixel Art)/PNG/Bloody bed.png
  artifactKey: Guid(7a33d707bf2f54b4199a005b7b12a700) Importer(815301076,1909f56bfc062723c751e8b465ee728b)
Start importing Assets/Pack 01 (Pixel Art)/PNG/Bloody bed.png using Guid(7a33d707bf2f54b4199a005b7b12a700) Importer(815301076,1909f56bfc062723c751e8b465ee728b)  -> (artifact id: '4178f7a8806e10bc42aaf4171f77dfe7') in 0.014176 seconds
Number of updated asset objects reloaded before import = 0
Number of asset objects unloaded after import = 3
========================================================================
Received Import Request.
  Time since last request: 0.000072 seconds.
  path: Assets/Pack 01 (Pixel Art)/PNG/Chunk9.png
  artifactKey: Guid(5cca60e0a3638314da3aff1318aa1609) Importer(815301076,1909f56bfc062723c751e8b465ee728b)
Start importing Assets/Pack 01 (Pixel Art)/PNG/Chunk9.png using Guid(5cca60e0a3638314da3aff1318aa1609) Importer(815301076,1909f56bfc062723c751e8b465ee728b)  -> (artifact id: 'd6eae7668368b7fd8b0bb68529842e28') in 0.015007 seconds
Number of updated asset objects reloaded before import = 0
Number of asset objects unloaded after import = 3
========================================================================
Received Import Request.
  Time since last request: 0.000014 seconds.
  path: Assets/Pack 01 (Pixel Art)/PNG/Floor 6.png
  artifactKey: Guid(1cfa5d154c4a9c84f8bf8591425b2d59) Importer(815301076,1909f56bfc062723c751e8b465ee728b)
Start importing Assets/Pack 01 (Pixel Art)/PNG/Floor 6.png using Guid(1cfa5d154c4a9c84f8bf8591425b2d59) Importer(815301076,1909f56bfc062723c751e8b465ee728b)  -> (artifact id: 'e8019d4b89a2c921330cbf92577ba6a8') in 0.015397 seconds
Number of updated asset objects reloaded before import = 0
Number of asset objects unloaded after import = 3
========================================================================
Received Import Request.
  Time since last request: 0.000014 seconds.
  path: Assets/Pack 01 (Pixel Art)/PNG/Floor 5.png
  artifactKey: Guid(ab99efd06d24d29479f6961058970111) Importer(815301076,1909f56bfc062723c751e8b465ee728b)
Start importing Assets/Pack 01 (Pixel Art)/PNG/Floor 5.png using Guid(ab99efd06d24d29479f6961058970111) Importer(815301076,1909f56bfc062723c751e8b465ee728b)  -> (artifact id: '74cb2215f8fd1171edf1f388835263f5') in 0.015352 seconds
Number of updated asset objects reloaded before import = 0
Number of asset objects unloaded after import = 3
========================================================================
Received Import Request.
  Time since last request: 0.000013 seconds.
  path: Assets/Pack 01 (Pixel Art)/PNG/Gun 1.png
  artifactKey: Guid(6a241e7dadafb1341a2e7d04d557e90d) Importer(815301076,1909f56bfc062723c751e8b465ee728b)
Start importing Assets/Pack 01 (Pixel Art)/PNG/Gun 1.png using Guid(6a241e7dadafb1341a2e7d04d557e90d) Importer(815301076,1909f56bfc062723c751e8b465ee728b)  -> (artifact id: 'a2fdbe2ffa4a91272ca024ecab5ba854') in 0.014389 seconds
Number of updated asset objects reloaded before import = 0
Number of asset objects unloaded after import = 3
========================================================================
Received Import Request.
  Time since last request: 0.000015 seconds.
  path: Assets/Pack 01 (Pixel Art)/PNG/Chair copie.png
  artifactKey: Guid(7e485c8defd4c474faa469f6fa983979) Importer(815301076,1909f56bfc062723c751e8b465ee728b)
Start importing Assets/Pack 01 (Pixel Art)/PNG/Chair copie.png using Guid(7e485c8defd4c474faa469f6fa983979) Importer(815301076,1909f56bfc062723c751e8b465ee728b)  -> (artifact id: '0d77490162a3397f38d3902462a0557f') in 0.016090 seconds
Number of updated asset objects reloaded before import = 0
Number of asset objects unloaded after import = 3
========================================================================
Received Import Request.
  Time since last request: 0.000090 seconds.
  path: Assets/Pack 01 (Pixel Art)/PNG/Chunk2.png
  artifactKey: Guid(e58bd0463853a854ebab23b356af557e) Importer(815301076,1909f56bfc062723c751e8b465ee728b)
Start importing Assets/Pack 01 (Pixel Art)/PNG/Chunk2.png using Guid(e58bd0463853a854ebab23b356af557e) Importer(815301076,1909f56bfc062723c751e8b465ee728b)  -> (artifact id: '28bd4c4992cd5949f88bc672de11302b') in 0.014443 seconds
Number of updated asset objects reloaded before import = 0
Number of asset objects unloaded after import = 3
========================================================================
Received Import Request.
  Time since last request: 0.000037 seconds.
  path: Assets/Pack 01 (Pixel Art)/PNG/Chunk4.png
  artifactKey: Guid(683e42992f91bbd4498eb85ab3c438c6) Importer(815301076,1909f56bfc062723c751e8b465ee728b)
Start importing Assets/Pack 01 (Pixel Art)/PNG/Chunk4.png using Guid(683e42992f91bbd4498eb85ab3c438c6) Importer(815301076,1909f56bfc062723c751e8b465ee728b)  -> (artifact id: '802ec823f3073b378ca996288769effb') in 0.016021 seconds
Number of updated asset objects reloaded before import = 0
Number of asset objects unloaded after import = 3
========================================================================
Received Import Request.
  Time since last request: 0.000014 seconds.
  path: Assets/Pack 01 (Pixel Art)/PNG/Chunk5.asset
  artifactKey: Guid(209bd396afe22e441ac7c7adeff4db49) Importer(815301076,1909f56bfc062723c751e8b465ee728b)
Start importing Assets/Pack 01 (Pixel Art)/PNG/Chunk5.asset using Guid(209bd396afe22e441ac7c7adeff4db49) Importer(815301076,1909f56bfc062723c751e8b465ee728b)  -> (artifact id: '8492efcbdb2e931bb2e41791f41bb13d') in 0.012505 seconds
Number of updated asset objects reloaded before import = 0
Number of asset objects unloaded after import = 3
========================================================================
Received Import Request.
  Time since last request: 1.094785 seconds.
  path: Assets/Pack 01 (Pixel Art)/PNG/Locker open.png
  artifactKey: Guid(48608006883ccdc418707d66513ad668) Importer(815301076,1909f56bfc062723c751e8b465ee728b)
Start importing Assets/Pack 01 (Pixel Art)/PNG/Locker open.png using Guid(48608006883ccdc418707d66513ad668) Importer(815301076,1909f56bfc062723c751e8b465ee728b)  -> (artifact id: '184f62f9e1db88190e83d47f57adeeab') in 0.015566 seconds
Number of updated asset objects reloaded before import = 0
Number of asset objects unloaded after import = 3
========================================================================
Received Import Request.
  Time since last request: 0.000013 seconds.
  path: Assets/Pack 01 (Pixel Art)/PNG/Open Door 2.png
  artifactKey: Guid(1067dcb8858d9b3458ac5b4284185c8f) Importer(815301076,1909f56bfc062723c751e8b465ee728b)
Start importing Assets/Pack 01 (Pixel Art)/PNG/Open Door 2.png using Guid(1067dcb8858d9b3458ac5b4284185c8f) Importer(815301076,1909f56bfc062723c751e8b465ee728b)  -> (artifact id: '82a967f8396906483a119cb7987a4237') in 0.016564 seconds
Number of updated asset objects reloaded before import = 0
Number of asset objects unloaded after import = 3
========================================================================
Received Import Request.
  Time since last request: 0.000013 seconds.
  path: Assets/Pack 01 (Pixel Art)/PNG/Neon.png
  artifactKey: Guid(fad1fa48d775f7e4aa4211c1c0d83507) Importer(815301076,1909f56bfc062723c751e8b465ee728b)
Start importing Assets/Pack 01 (Pixel Art)/PNG/Neon.png using Guid(fad1fa48d775f7e4aa4211c1c0d83507) Importer(815301076,1909f56bfc062723c751e8b465ee728b)  -> (artifact id: '96f02b4172de26730171b7004f209100') in 0.016374 seconds
Number of updated asset objects reloaded before import = 0
Number of asset objects unloaded after import = 3
========================================================================
Received Import Request.
  Time since last request: 0.000014 seconds.
  path: Assets/Pack 01 (Pixel Art)/PNG/Open Door.png
  artifactKey: Guid(7d74125927bd4fb4babffeb5897f3c80) Importer(815301076,1909f56bfc062723c751e8b465ee728b)
Start importing Assets/Pack 01 (Pixel Art)/PNG/Open Door.png using Guid(7d74125927bd4fb4babffeb5897f3c80) Importer(815301076,1909f56bfc062723c751e8b465ee728b)  -> (artifact id: '7036416cb6a242cc82d307898fe0ef32') in 0.015931 seconds
Number of updated asset objects reloaded before import = 0
Number of asset objects unloaded after import = 3
========================================================================
Received Import Request.
  Time since last request: 0.000049 seconds.
  path: Assets/Pack 01 (Pixel Art)/PNG/Metal wall 1.png
  artifactKey: Guid(c90dbe3a19065dd4794c1656b92363c2) Importer(815301076,1909f56bfc062723c751e8b465ee728b)
Start importing Assets/Pack 01 (Pixel Art)/PNG/Metal wall 1.png using Guid(c90dbe3a19065dd4794c1656b92363c2) Importer(815301076,1909f56bfc062723c751e8b465ee728b)  -> (artifact id: '68c92bb68d8b8f050a18c9f0989126ff') in 0.015918 seconds
Number of updated asset objects reloaded before import = 0
Number of asset objects unloaded after import = 3
========================================================================
Received Import Request.
  Time since last request: 0.000048 seconds.
  path: Assets/Pack 01 (Pixel Art)/PNG/Mural patch 1.png
  artifactKey: Guid(3feaa6686f0253745aaf9265e7546335) Importer(815301076,1909f56bfc062723c751e8b465ee728b)
Start importing Assets/Pack 01 (Pixel Art)/PNG/Mural patch 1.png using Guid(3feaa6686f0253745aaf9265e7546335) Importer(815301076,1909f56bfc062723c751e8b465ee728b)  -> (artifact id: '081047cd3d673d12c680d5f41d0852a5') in 0.016693 seconds
Number of updated asset objects reloaded before import = 0
Number of asset objects unloaded after import = 3
========================================================================
Received Import Request.
  Time since last request: 0.000014 seconds.
  path: Assets/Pack 01 (Pixel Art)/PNG/Machine 3.png
  artifactKey: Guid(e14b1d8b35e258c429d678fd465b1f6d) Importer(815301076,1909f56bfc062723c751e8b465ee728b)
Start importing Assets/Pack 01 (Pixel Art)/PNG/Machine 3.png using Guid(e14b1d8b35e258c429d678fd465b1f6d) Importer(815301076,1909f56bfc062723c751e8b465ee728b)  -> (artifact id: '4557305643346f97f325ba4654d5bde7') in 0.018336 seconds
Number of updated asset objects reloaded before import = 0
Number of asset objects unloaded after import = 3
========================================================================
Received Import Request.
  Time since last request: 0.001157 seconds.
  path: Assets/Pack 01 (Pixel Art)/PNG/Medical Device.png
  artifactKey: Guid(c23f3f954263a5a439f4a4592e3ca182) Importer(815301076,1909f56bfc062723c751e8b465ee728b)
Start importing Assets/Pack 01 (Pixel Art)/PNG/Medical Device.png using Guid(c23f3f954263a5a439f4a4592e3ca182) Importer(815301076,1909f56bfc062723c751e8b465ee728b)  -> (artifact id: '5b03da44e19477602d85085159fec39d') in 0.018242 seconds
Number of updated asset objects reloaded before import = 0
Number of asset objects unloaded after import = 3
========================================================================
Received Import Request.
  Time since last request: 0.069562 seconds.
  path: Assets/Pack 01 (Pixel Art)/PNG/Pillars.png
  artifactKey: Guid(877aefa4d43e84a40be31122b64597b4) Importer(815301076,1909f56bfc062723c751e8b465ee728b)
Start importing Assets/Pack 01 (Pixel Art)/PNG/Pillars.png using Guid(877aefa4d43e84a40be31122b64597b4) Importer(815301076,1909f56bfc062723c751e8b465ee728b)  -> (artifact id: 'e932dc5bf290ef7af0bf45f7d3bfcbb9') in 0.015598 seconds
Number of updated asset objects reloaded before import = 0
Number of asset objects unloaded after import = 3
========================================================================
Received Import Request.
  Time since last request: 0.000046 seconds.
  path: Assets/Pack 01 (Pixel Art)/PNG/Pillars 1.png
  artifactKey: Guid(a1c892b73fb6bb94bb3d15c1d85282c2) Importer(815301076,1909f56bfc062723c751e8b465ee728b)
Start importing Assets/Pack 01 (Pixel Art)/PNG/Pillars 1.png using Guid(a1c892b73fb6bb94bb3d15c1d85282c2) Importer(815301076,1909f56bfc062723c751e8b465ee728b)  -> (artifact id: '811c73907ef0b5ccdad48066bc6abdae') in 0.015738 seconds
Number of updated asset objects reloaded before import = 0
Number of asset objects unloaded after import = 3
========================================================================
Received Import Request.
  Time since last request: 0.000015 seconds.
  path: Assets/Pack 01 (Pixel Art)/PNG/Pipe3.png
  artifactKey: Guid(b433ec4b2f2c34049a3fc7d34ab0a4cb) Importer(815301076,1909f56bfc062723c751e8b465ee728b)
Start importing Assets/Pack 01 (Pixel Art)/PNG/Pipe3.png using Guid(b433ec4b2f2c34049a3fc7d34ab0a4cb) Importer(815301076,1909f56bfc062723c751e8b465ee728b)  -> (artifact id: '6275c5db7757836effaaabdcbfc61b57') in 0.016757 seconds
Number of updated asset objects reloaded before import = 0
Number of asset objects unloaded after import = 3
========================================================================
Received Import Request.
  Time since last request: 0.000013 seconds.
  path: Assets/Pack 01 (Pixel Art)/PNG/Props 2.png
  artifactKey: Guid(580cc8eada513fe4cb569f60a7287108) Importer(815301076,1909f56bfc062723c751e8b465ee728b)
Start importing Assets/Pack 01 (Pixel Art)/PNG/Props 2.png using Guid(580cc8eada513fe4cb569f60a7287108) Importer(815301076,1909f56bfc062723c751e8b465ee728b)  -> (artifact id: 'd0e09e21b92e237f8ef7276081930c59') in 0.017266 seconds
Number of updated asset objects reloaded before import = 0
Number of asset objects unloaded after import = 3
========================================================================
Received Import Request.
  Time since last request: 0.000031 seconds.
  path: Assets/Pack 01 (Pixel Art)/PNG/Random Device 3.png
  artifactKey: Guid(c0fd94f95810dac4fa2194e0b29ec0d4) Importer(815301076,1909f56bfc062723c751e8b465ee728b)
Start importing Assets/Pack 01 (Pixel Art)/PNG/Random Device 3.png using Guid(c0fd94f95810dac4fa2194e0b29ec0d4) Importer(815301076,1909f56bfc062723c751e8b465ee728b)  -> (artifact id: 'cdc499c434a92ede62b6b76841f6ca53') in 0.016549 seconds
Number of updated asset objects reloaded before import = 0
Number of asset objects unloaded after import = 3
========================================================================
Received Import Request.
  Time since last request: 0.000034 seconds.
  path: Assets/Pack 01 (Pixel Art)/PNG/Props 3.png
  artifactKey: Guid(3792bd75e17889943a554a878966f2f8) Importer(815301076,1909f56bfc062723c751e8b465ee728b)
Start importing Assets/Pack 01 (Pixel Art)/PNG/Props 3.png using Guid(3792bd75e17889943a554a878966f2f8) Importer(815301076,1909f56bfc062723c751e8b465ee728b)  -> (artifact id: 'be321dcf14dd5766dafbf94853ecbaed') in 0.016546 seconds
Number of updated asset objects reloaded before import = 0
Number of asset objects unloaded after import = 3
========================================================================
Received Import Request.
  Time since last request: 0.000015 seconds.
  path: Assets/Pack 01 (Pixel Art)/PNG/Props 4.png
  artifactKey: Guid(1b4802aacd850d8418d4bd4acd3d067c) Importer(815301076,1909f56bfc062723c751e8b465ee728b)
Start importing Assets/Pack 01 (Pixel Art)/PNG/Props 4.png using Guid(1b4802aacd850d8418d4bd4acd3d067c) Importer(815301076,1909f56bfc062723c751e8b465ee728b)  -> (artifact id: '0b54756edf7cf74fdd2cfccb1c25a343') in 0.015816 seconds
Number of updated asset objects reloaded before import = 0
Number of asset objects unloaded after import = 3
========================================================================
Received Import Request.
  Time since last request: 0.000014 seconds.
  path: Assets/Pack 01 (Pixel Art)/PNG/Random Device 2.png
  artifactKey: Guid(7b832d14b3308b34e99f9d5fc77d1ec9) Importer(815301076,1909f56bfc062723c751e8b465ee728b)
Start importing Assets/Pack 01 (Pixel Art)/PNG/Random Device 2.png using Guid(7b832d14b3308b34e99f9d5fc77d1ec9) Importer(815301076,1909f56bfc062723c751e8b465ee728b)  -> (artifact id: '33160c63d0fa71e1ee6b43f518bf797b') in 0.016855 seconds
Number of updated asset objects reloaded before import = 0
Number of asset objects unloaded after import = 3
========================================================================
Received Import Request.
  Time since last request: 0.553347 seconds.
  path: Assets/Pack 01 (Pixel Art)/PNG/Screen info 3.png
  artifactKey: Guid(5e36e9bcbf719a4429c47ff68c7ccca3) Importer(815301076,1909f56bfc062723c751e8b465ee728b)
Start importing Assets/Pack 01 (Pixel Art)/PNG/Screen info 3.png using Guid(5e36e9bcbf719a4429c47ff68c7ccca3) Importer(815301076,1909f56bfc062723c751e8b465ee728b)  -> (artifact id: 'a6833e95a2e6268194986e8579f998f4') in 0.014736 seconds
Number of updated asset objects reloaded before import = 0
Number of asset objects unloaded after import = 3
========================================================================
Received Import Request.
  Time since last request: 0.000018 seconds.
  path: Assets/Pack 01 (Pixel Art)/PNG/Small Machine 3.png
  artifactKey: Guid(054b1d3d8f710b64c8c20c220b8b7ca8) Importer(815301076,1909f56bfc062723c751e8b465ee728b)
Start importing Assets/Pack 01 (Pixel Art)/PNG/Small Machine 3.png using Guid(054b1d3d8f710b64c8c20c220b8b7ca8) Importer(815301076,1909f56bfc062723c751e8b465ee728b)  -> (artifact id: '86641bf0182f17c499722232275ca535') in 0.016314 seconds
Number of updated asset objects reloaded before import = 0
Number of asset objects unloaded after import = 3
========================================================================
Received Import Request.
  Time since last request: 0.000013 seconds.
  path: Assets/Pack 01 (Pixel Art)/PNG/Socle 1.png
  artifactKey: Guid(eee8419e1a7f19541aa17e94f03dadbd) Importer(815301076,1909f56bfc062723c751e8b465ee728b)
Start importing Assets/Pack 01 (Pixel Art)/PNG/Socle 1.png using Guid(eee8419e1a7f19541aa17e94f03dadbd) Importer(815301076,1909f56bfc062723c751e8b465ee728b)  -> (artifact id: 'bda58cde6732b3ef7cbbb432c23145f6') in 0.017084 seconds
Number of updated asset objects reloaded before import = 0
Number of asset objects unloaded after import = 3
========================================================================
Received Import Request.
  Time since last request: 0.000029 seconds.
  path: Assets/Pack 01 (Pixel Art)/PNG/Small Device.png
  artifactKey: Guid(43bf01f382450504b962e2b6d37c84ab) Importer(815301076,1909f56bfc062723c751e8b465ee728b)
Start importing Assets/Pack 01 (Pixel Art)/PNG/Small Device.png using Guid(43bf01f382450504b962e2b6d37c84ab) Importer(815301076,1909f56bfc062723c751e8b465ee728b)  -> (artifact id: 'bbc2eefa21baa3b9d5705ef509193954') in 0.016021 seconds
Number of updated asset objects reloaded before import = 0
Number of asset objects unloaded after import = 3
========================================================================
Received Import Request.
  Time since last request: 0.000015 seconds.
  path: Assets/Pack 01 (Pixel Art)/PNG/Seperation wall 2.png
  artifactKey: Guid(7966ef41ec7a8634199724961076608d) Importer(815301076,1909f56bfc062723c751e8b465ee728b)
Start importing Assets/Pack 01 (Pixel Art)/PNG/Seperation wall 2.png using Guid(7966ef41ec7a8634199724961076608d) Importer(815301076,1909f56bfc062723c751e8b465ee728b)  -> (artifact id: '47a8674235e035889dba129d2edc0077') in 0.016771 seconds
Number of updated asset objects reloaded before import = 0
Number of asset objects unloaded after import = 3
========================================================================
Received Import Request.
  Time since last request: 0.000020 seconds.
  path: Assets/Pack 01 (Pixel Art)/PNG/Small Machine 2.png
  artifactKey: Guid(383ffa6edf378294ebb5b55dbe2f4eb8) Importer(815301076,1909f56bfc062723c751e8b465ee728b)
Start importing Assets/Pack 01 (Pixel Art)/PNG/Small Machine 2.png using Guid(383ffa6edf378294ebb5b55dbe2f4eb8) Importer(815301076,1909f56bfc062723c751e8b465ee728b)  -> (artifact id: '43a28620be1cae7ca9dacb1a94b2fcae') in 0.015067 seconds
Number of updated asset objects reloaded before import = 0
Number of asset objects unloaded after import = 3
========================================================================
Received Import Request.
  Time since last request: 0.000015 seconds.
  path: Assets/Pack 01 (Pixel Art)/PNG/Separation 3.png
  artifactKey: Guid(8648d8bde08e1eb4da6b1d8de78b75a4) Importer(815301076,1909f56bfc062723c751e8b465ee728b)
Start importing Assets/Pack 01 (Pixel Art)/PNG/Separation 3.png using Guid(8648d8bde08e1eb4da6b1d8de78b75a4) Importer(815301076,1909f56bfc062723c751e8b465ee728b)  -> (artifact id: 'bcc3a8c47c6710d7e3ed6c68f0b0de70') in 0.016145 seconds
Number of updated asset objects reloaded before import = 0
Number of asset objects unloaded after import = 3
========================================================================
Received Import Request.
  Time since last request: 0.000017 seconds.
  path: Assets/Pack 01 (Pixel Art)/PNG/Separation 1.png
  artifactKey: Guid(95d31e2f52117c249a28c01a9ed13445) Importer(815301076,1909f56bfc062723c751e8b465ee728b)
Start importing Assets/Pack 01 (Pixel Art)/PNG/Separation 1.png using Guid(95d31e2f52117c249a28c01a9ed13445) Importer(815301076,1909f56bfc062723c751e8b465ee728b)  -> (artifact id: '355076bf1e6ab6e77aea415a8030b0dd') in 0.016724 seconds
Number of updated asset objects reloaded before import = 0
Number of asset objects unloaded after import = 3
========================================================================
Received Import Request.
  Time since last request: 4.916466 seconds.
  path: Assets/Pack 01 (Pixel Art)/PNG/Sticker 2.png
  artifactKey: Guid(e57ec1ad630c2ad4998fd81d50ed2a71) Importer(815301076,1909f56bfc062723c751e8b465ee728b)
Start importing Assets/Pack 01 (Pixel Art)/PNG/Sticker 2.png using Guid(e57ec1ad630c2ad4998fd81d50ed2a71) Importer(815301076,1909f56bfc062723c751e8b465ee728b)  -> (artifact id: 'f8c318047beb0c66e2d3abd019f8f2d0') in 0.014729 seconds
Number of updated asset objects reloaded before import = 0
Number of asset objects unloaded after import = 3
========================================================================
Received Import Request.
  Time since last request: 0.000014 seconds.
  path: Assets/Pack 01 (Pixel Art)/PNG/Wall 7 Light.png
  artifactKey: Guid(c16f00c1bfc69df489d0dda21f49fc0d) Importer(815301076,1909f56bfc062723c751e8b465ee728b)
Start importing Assets/Pack 01 (Pixel Art)/PNG/Wall 7 Light.png using Guid(c16f00c1bfc69df489d0dda21f49fc0d) Importer(815301076,1909f56bfc062723c751e8b465ee728b)  -> (artifact id: 'b377b78aaefdd45117863dc90d58b3f3') in 0.016245 seconds
Number of updated asset objects reloaded before import = 0
Number of asset objects unloaded after import = 3
========================================================================
Received Import Request.
  Time since last request: 0.000017 seconds.
  path: Assets/Pack 01 (Pixel Art)/PNG/Wall 7.png
  artifactKey: Guid(208fe2108fb9c4247b33044fdac99fa4) Importer(815301076,1909f56bfc062723c751e8b465ee728b)
Start importing Assets/Pack 01 (Pixel Art)/PNG/Wall 7.png using Guid(208fe2108fb9c4247b33044fdac99fa4) Importer(815301076,1909f56bfc062723c751e8b465ee728b)  -> (artifact id: '5e747fc39b99baab8dfe55bf3ca2e9a3') in 0.017760 seconds
Number of updated asset objects reloaded before import = 0
Number of asset objects unloaded after import = 3
========================================================================
Received Import Request.
  Time since last request: 0.000014 seconds.
  path: Assets/Pack 01 (Pixel Art)/PNG/Wall 5.png
  artifactKey: Guid(a9c0d40d5013823409cc8657ccd50861) Importer(815301076,1909f56bfc062723c751e8b465ee728b)
Start importing Assets/Pack 01 (Pixel Art)/PNG/Wall 5.png using Guid(a9c0d40d5013823409cc8657ccd50861) Importer(815301076,1909f56bfc062723c751e8b465ee728b)  -> (artifact id: '1a3c04d7de0898ef1afcab46bf6ecad6') in 0.016421 seconds
Number of updated asset objects reloaded before import = 0
Number of asset objects unloaded after import = 3
========================================================================
Received Import Request.
  Time since last request: 0.000014 seconds.
  path: Assets/Pack 01 (Pixel Art)/PNG/wall 4.png
  artifactKey: Guid(ef6cb6deb58cc714b95b2ba6cc83c959) Importer(815301076,1909f56bfc062723c751e8b465ee728b)
Start importing Assets/Pack 01 (Pixel Art)/PNG/wall 4.png using Guid(ef6cb6deb58cc714b95b2ba6cc83c959) Importer(815301076,1909f56bfc062723c751e8b465ee728b)  -> (artifact id: '2a8e95ba7ed7741e2010d659df4ae6f9') in 0.026739 seconds
Number of updated asset objects reloaded before import = 0
Number of asset objects unloaded after import = 3
========================================================================
Received Import Request.
  Time since last request: 0.456502 seconds.
  path: Assets/Pack 01 (Pixel Art)/PNG/Wall cover 2 copie.png
  artifactKey: Guid(521fbbf141ed21846b4c4c742ce7943f) Importer(815301076,1909f56bfc062723c751e8b465ee728b)
Start importing Assets/Pack 01 (Pixel Art)/PNG/Wall cover 2 copie.png using Guid(521fbbf141ed21846b4c4c742ce7943f) Importer(815301076,1909f56bfc062723c751e8b465ee728b)  -> (artifact id: 'ae932406365f399b8fa714581ade66ad') in 0.019731 seconds
Number of updated asset objects reloaded before import = 0
Number of asset objects unloaded after import = 3
========================================================================
Received Import Request.
  Time since last request: 0.000016 seconds.
  path: Assets/Pack 01 (Pixel Art)/PNG/Window 5.png
  artifactKey: Guid(9c57bd9b1b33cab469bf7453feddc236) Importer(815301076,1909f56bfc062723c751e8b465ee728b)
Start importing Assets/Pack 01 (Pixel Art)/PNG/Window 5.png using Guid(9c57bd9b1b33cab469bf7453feddc236) Importer(815301076,1909f56bfc062723c751e8b465ee728b)  -> (artifact id: 'bf63b22e55ebf1ed03262fd441939608') in 0.010967 seconds
Number of updated asset objects reloaded before import = 0
Number of asset objects unloaded after import = 3
========================================================================
Received Import Request.
  Time since last request: 0.000014 seconds.
  path: Assets/Pack 01 (Pixel Art)/PNG/Wall Separation 1.png
  artifactKey: Guid(900fd3b741c9ea64790071a39c5c573e) Importer(815301076,1909f56bfc062723c751e8b465ee728b)
Start importing Assets/Pack 01 (Pixel Art)/PNG/Wall Separation 1.png using Guid(900fd3b741c9ea64790071a39c5c573e) Importer(815301076,1909f56bfc062723c751e8b465ee728b)  -> (artifact id: '90bc6b6c927f9e8de67144f14f110071') in 0.016294 seconds
Number of updated asset objects reloaded before import = 0
Number of asset objects unloaded after import = 3
========================================================================
Received Import Request.
  Time since last request: 0.000016 seconds.
  path: Assets/Pack 01 (Pixel Art)/PNG/Wallbox 1.png
  artifactKey: Guid(baaafa5a72a421c49839853e37dc9b35) Importer(815301076,1909f56bfc062723c751e8b465ee728b)
Start importing Assets/Pack 01 (Pixel Art)/PNG/Wallbox 1.png using Guid(baaafa5a72a421c49839853e37dc9b35) Importer(815301076,1909f56bfc062723c751e8b465ee728b)  -> (artifact id: '4d92796fd447300635a02e4c1622be84') in 0.013779 seconds
Number of updated asset objects reloaded before import = 0
Number of asset objects unloaded after import = 3
========================================================================
Received Import Request.
  Time since last request: 130.104335 seconds.
  path: Assets/Prefabs/Player Variant.prefab
  artifactKey: Guid(42041da532e1916458e28b5dc1b7c5a9) Importer(815301076,1909f56bfc062723c751e8b465ee728b)
Start importing Assets/Prefabs/Player Variant.prefab using Guid(42041da532e1916458e28b5dc1b7c5a9) Importer(815301076,1909f56bfc062723c751e8b465ee728b)  -> (artifact id: '3c5d672663e138a3ba548841d794817d') in 0.101864 seconds
Number of updated asset objects reloaded before import = 0
Number of asset objects unloaded after import = 104
========================================================================
Received Import Request.
  Time since last request: 0.000015 seconds.
  path: Assets/Prefabs/PlayerNovo Variant.prefab
  artifactKey: Guid(01d4129957c9462418f4b217d948cb7c) Importer(815301076,1909f56bfc062723c751e8b465ee728b)
Start importing Assets/Prefabs/PlayerNovo Variant.prefab using Guid(01d4129957c9462418f4b217d948cb7c) Importer(815301076,1909f56bfc062723c751e8b465ee728b)  -> (artifact id: '59f245cc505907ab3920485324be5477') in 0.023268 seconds
Number of updated asset objects reloaded before import = 0
Number of asset objects unloaded after import = 116
========================================================================
Received Import Request.
  Time since last request: 0.000010 seconds.
  path: Assets/Prefabs/PlayerMM.prefab
  artifactKey: Guid(d42a24c9cbd336e46aa519ab65fd03d8) Importer(815301076,1909f56bfc062723c751e8b465ee728b)
Start importing Assets/Prefabs/PlayerMM.prefab using Guid(d42a24c9cbd336e46aa519ab65fd03d8) Importer(815301076,1909f56bfc062723c751e8b465ee728b)  -> (artifact id: '862e3ec3d88cd1ea3b8da28d24f7a25e') in 0.036997 seconds
Number of updated asset objects reloaded before import = 0
Number of asset objects unloaded after import = 98
========================================================================
Received Import Request.
  Time since last request: 330.360840 seconds.
  path: Assets/Prefab/Enemy.prefab
  artifactKey: Guid(d33fd1c7a9ecd094d9ddabb2008b8404) Importer(815301076,1909f56bfc062723c751e8b465ee728b)
Start importing Assets/Prefab/Enemy.prefab using Guid(d33fd1c7a9ecd094d9ddabb2008b8404) Importer(815301076,1909f56bfc062723c751e8b465ee728b)  -> (artifact id: 'd8191d9002e6e9c25886ef740cac1e39') in 0.018491 seconds
Number of updated asset objects reloaded before import = 0
Number of asset objects unloaded after import = 24
========================================================================
Received Import Request.
  Time since last request: 0.004082 seconds.
  path: Assets/Prefab/Floor 1 (2).prefab
  artifactKey: Guid(c3d10b582f60d1242bcab10ff7819bd4) Importer(815301076,1909f56bfc062723c751e8b465ee728b)
Start importing Assets/Prefab/Floor 1 (2).prefab using Guid(c3d10b582f60d1242bcab10ff7819bd4) Importer(815301076,1909f56bfc062723c751e8b465ee728b)  -> (artifact id: '9b58931e455f6fb225f9ec6e806614cb') in 0.011311 seconds
Number of updated asset objects reloaded before import = 0
Number of asset objects unloaded after import = 8
========================================================================
Received Import Request.
  Time since last request: 0.000014 seconds.
  path: Assets/Prefab/Pipe3.prefab
  artifactKey: Guid(e5b064d7e46609047b5f1daa69990583) Importer(815301076,1909f56bfc062723c751e8b465ee728b)
Start importing Assets/Prefab/Pipe3.prefab using Guid(e5b064d7e46609047b5f1daa69990583) Importer(815301076,1909f56bfc062723c751e8b465ee728b)  -> (artifact id: '726454018cb012b4bb493c80f60cd6f7') in 0.016082 seconds
Number of updated asset objects reloaded before import = 0
Number of asset objects unloaded after import = 8
========================================================================
Received Import Request.
  Time since last request: 0.000023 seconds.
  path: Assets/Prefab/Turret.prefab
  artifactKey: Guid(68da9e96521c4184ea450d8c24688f01) Importer(815301076,1909f56bfc062723c751e8b465ee728b)
Start importing Assets/Prefab/Turret.prefab using Guid(68da9e96521c4184ea450d8c24688f01) Importer(815301076,1909f56bfc062723c751e8b465ee728b)  -> (artifact id: 'af11deed752d420e80187ffcb0423971') in 0.018698 seconds
Number of updated asset objects reloaded before import = 0
Number of asset objects unloaded after import = 64
========================================================================
Received Import Request.
  Time since last request: 0.000022 seconds.
  path: Assets/Prefab/Untitled-1_0.prefab
  artifactKey: Guid(61747421162377e4fa8d0201c81d737c) Importer(815301076,1909f56bfc062723c751e8b465ee728b)
Start importing Assets/Prefab/Untitled-1_0.prefab using Guid(61747421162377e4fa8d0201c81d737c) Importer(815301076,1909f56bfc062723c751e8b465ee728b)  -> (artifact id: 'f7022cd536c8995e35054e0774f7e636') in 0.001583 seconds
Number of updated asset objects reloaded before import = 0
Number of asset objects unloaded after import = 9
========================================================================
Received Import Request.
  Time since last request: 0.000056 seconds.
  path: Assets/Prefab/Player.prefab
  artifactKey: Guid(2e984e299f7365c4589c056eb3d5970d) Importer(815301076,1909f56bfc062723c751e8b465ee728b)
Start importing Assets/Prefab/Player.prefab using Guid(2e984e299f7365c4589c056eb3d5970d) Importer(815301076,1909f56bfc062723c751e8b465ee728b)  -> (artifact id: '769c929677a6f341125b960d6828c71a') in 0.020250 seconds
Number of updated asset objects reloaded before import = 0
Number of asset objects unloaded after import = 86
========================================================================
Received Import Request.
  Time since last request: 0.000015 seconds.
  path: Assets/Prefab/Trap.prefab
  artifactKey: Guid(27dc517fdda0921419e8f82f059eb3c5) Importer(815301076,1909f56bfc062723c751e8b465ee728b)
Start importing Assets/Prefab/Trap.prefab using Guid(27dc517fdda0921419e8f82f059eb3c5) Importer(815301076,1909f56bfc062723c751e8b465ee728b)  -> (artifact id: '60dad614b88f0ed0fd63a8b4cd5452a4') in 0.015581 seconds
Number of updated asset objects reloaded before import = 0
Number of asset objects unloaded after import = 9
Editor requested this worker to shutdown with reason: Scaling down because of idle timeout
TcpMessagingSession - receive error: operation aborted. errorcode: 995, details: A operao de E/S foi anulada devido a uma sada de thread ou a uma requisio de aplicativo.
AssetImportWorker is now disconnected from the server
Process exiting
Exiting without the bug reporter. Application will terminate with return code 0